<?xml version="1.0" encoding="UTF-8"?>
<coverage generated="1551545489351" clover="3.2.0">
  <project timestamp="1551545489351" name="All files">
    <metrics statements="375" coveredstatements="265" conditionals="187" coveredconditionals="115" methods="167" coveredmethods="103" elements="729" coveredelements="483" complexity="0" loc="375" ncloc="375" packages="7" files="14" classes="14">
      <package name="src">
        <metrics statements="192" coveredstatements="171" conditionals="116" coveredconditionals="96" methods="61" coveredmethods="54"/>
        <file name="Container.js" path="/Users/builder/GitHub/laravel-micro.js/src/Container.js">
          <metrics statements="192" coveredstatements="171" conditionals="116" coveredconditionals="96" methods="61" coveredmethods="54"/>
          <line num="15" count="34" type="stmt"/>
          <line num="16" count="34" type="stmt"/>
          <line num="17" count="34" type="stmt"/>
          <line num="18" count="34" type="stmt"/>
          <line num="20" count="34" type="stmt"/>
          <line num="21" count="34" type="stmt"/>
          <line num="22" count="34" type="stmt"/>
          <line num="24" count="34" type="stmt"/>
          <line num="25" count="34" type="stmt"/>
          <line num="26" count="34" type="stmt"/>
          <line num="29" count="34" type="stmt"/>
          <line num="30" count="34" type="stmt"/>
          <line num="31" count="34" type="stmt"/>
          <line num="32" count="34" type="stmt"/>
          <line num="33" count="34" type="stmt"/>
          <line num="34" count="34" type="stmt"/>
          <line num="35" count="34" type="stmt"/>
          <line num="36" count="34" type="stmt"/>
          <line num="40" count="0" type="stmt"/>
          <line num="44" count="0" type="stmt"/>
          <line num="48" count="0" type="stmt"/>
          <line num="52" count="0" type="stmt"/>
          <line num="56" count="0" type="stmt"/>
          <line num="65" count="4" type="cond" truecount="1" falsecount="1"/>
          <line num="66" count="4" type="stmt"/>
          <line num="68" count="0" type="stmt"/>
          <line num="77" count="1" type="stmt"/>
          <line num="85" count="3" type="stmt"/>
          <line num="94" count="3" type="stmt"/>
          <line num="103" count="83" type="stmt"/>
          <line num="109" count="83" type="cond" truecount="3" falsecount="1"/>
          <line num="118" count="23" type="stmt"/>
          <line num="127" count="5" type="cond" truecount="4" falsecount="0"/>
          <line num="128" count="4" type="stmt"/>
          <line num="130" count="1" type="stmt"/>
          <line num="139" count="5" type="stmt"/>
          <line num="148" count="87" type="stmt"/>
          <line num="157" count="48" type="stmt"/>
          <line num="166" count="30" type="stmt"/>
          <line num="167" count="30" type="stmt"/>
          <line num="176" count="1" type="stmt"/>
          <line num="177" count="1" type="stmt"/>
          <line num="187" count="19" type="stmt"/>
          <line num="188" count="19" type="cond" truecount="2" falsecount="0"/>
          <line num="189" count="19" type="stmt"/>
          <line num="190" count="19" type="stmt"/>
          <line num="192" count="0" type="stmt"/>
          <line num="204" count="52" type="stmt"/>
          <line num="205" count="52" type="stmt"/>
          <line num="206" count="52" type="cond" truecount="4" falsecount="0"/>
          <line num="207" count="39" type="stmt"/>
          <line num="217" count="0" type="stmt"/>
          <line num="218" count="0" type="stmt"/>
          <line num="219" count="0" type="stmt"/>
          <line num="220" count="0" type="cond" truecount="0" falsecount="2"/>
          <line num="221" count="0" type="stmt"/>
          <line num="233" count="32" type="stmt"/>
          <line num="234" count="32" type="stmt"/>
          <line num="235" count="32" type="cond" truecount="3" falsecount="1"/>
          <line num="236" count="0" type="stmt"/>
          <line num="238" count="32" type="stmt"/>
          <line num="247" count="1" type="cond" truecount="1" falsecount="1"/>
          <line num="248" count="1" type="stmt"/>
          <line num="249" count="1" type="stmt"/>
          <line num="251" count="1" type="cond" truecount="1" falsecount="1"/>
          <line num="252" count="0" type="stmt"/>
          <line num="253" count="0" type="stmt"/>
          <line num="255" count="1" type="stmt"/>
          <line num="256" count="1" type="stmt"/>
          <line num="257" count="1" type="stmt"/>
          <line num="259" count="0" type="stmt"/>
          <line num="268" count="3" type="stmt"/>
          <line num="269" count="3" type="stmt"/>
          <line num="270" count="3" type="cond" truecount="1" falsecount="1"/>
          <line num="271" count="0" type="stmt"/>
          <line num="273" count="3" type="cond" truecount="2" falsecount="0"/>
          <line num="274" count="1" type="stmt"/>
          <line num="277" count="2" type="cond" truecount="1" falsecount="1"/>
          <line num="278" count="2" type="stmt"/>
          <line num="281" count="2" type="stmt"/>
          <line num="290" count="3" type="stmt"/>
          <line num="291" count="2" type="cond" truecount="3" falsecount="1"/>
          <line num="292" count="2" type="stmt"/>
          <line num="294" count="0" type="stmt"/>
          <line num="304" count="2" type="cond" truecount="3" falsecount="1"/>
          <line num="305" count="2" type="stmt"/>
          <line num="306" count="2" type="stmt"/>
          <line num="307" count="3" type="cond" truecount="2" falsecount="0"/>
          <line num="308" count="3" type="cond" truecount="1" falsecount="1"/>
          <line num="309" count="3" type="stmt"/>
          <line num="310" count="3" type="stmt"/>
          <line num="314" count="2" type="cond" truecount="1" falsecount="1"/>
          <line num="315" count="0" type="stmt"/>
          <line num="318" count="2" type="stmt"/>
          <line num="328" count="4" type="stmt"/>
          <line num="337" count="3" type="cond" truecount="2" falsecount="0"/>
          <line num="346" count="2" type="stmt"/>
          <line num="347" count="2" type="cond" truecount="2" falsecount="0"/>
          <line num="348" count="1" type="stmt"/>
          <line num="349" count="1" type="stmt"/>
          <line num="350" count="1" type="stmt"/>
          <line num="352" count="1" type="stmt"/>
          <line num="361" count="47" type="stmt"/>
          <line num="370" count="11" type="stmt"/>
          <line num="371" count="11" type="stmt"/>
          <line num="372" count="18" type="stmt"/>
          <line num="373" count="18" type="stmt"/>
          <line num="376" count="11" type="stmt"/>
          <line num="377" count="18" type="stmt"/>
          <line num="378" count="18" type="cond" truecount="2" falsecount="0"/>
          <line num="379" count="9" type="stmt"/>
          <line num="390" count="17" type="cond" truecount="3" falsecount="1"/>
          <line num="391" count="17" type="stmt"/>
          <line num="392" count="17" type="stmt"/>
          <line num="403" count="38" type="stmt"/>
          <line num="404" count="38" type="stmt"/>
          <line num="405" count="38" type="stmt"/>
          <line num="406" count="38" type="cond" truecount="2" falsecount="0"/>
          <line num="407" count="17" type="stmt"/>
          <line num="409" count="38" type="stmt"/>
          <line num="419" count="44" type="cond" truecount="5" falsecount="0"/>
          <line num="420" count="5" type="stmt"/>
          <line num="422" count="39" type="cond" truecount="2" falsecount="0"/>
          <line num="423" count="1" type="stmt"/>
          <line num="425" count="39" type="cond" truecount="2" falsecount="0"/>
          <line num="426" count="1" type="stmt"/>
          <line num="428" count="38" type="stmt"/>
          <line num="429" count="38" type="cond" truecount="4" falsecount="0"/>
          <line num="430" count="8" type="stmt"/>
          <line num="431" count="8" type="stmt"/>
          <line num="433" count="38" type="stmt"/>
          <line num="434" count="35" type="cond" truecount="2" falsecount="0"/>
          <line num="435" count="32" type="stmt"/>
          <line num="436" count="32" type="stmt"/>
          <line num="438" count="35" type="stmt"/>
          <line num="447" count="38" type="stmt"/>
          <line num="448" count="38" type="cond" truecount="1" falsecount="1"/>
          <line num="449" count="0" type="stmt"/>
          <line num="454" count="38" type="stmt"/>
          <line num="455" count="38" type="cond" truecount="2" falsecount="0"/>
          <line num="456" count="13" type="stmt"/>
          <line num="458" count="25" type="stmt"/>
          <line num="468" count="22" type="stmt"/>
          <line num="469" count="22" type="stmt"/>
          <line num="471" count="22" type="cond" truecount="2" falsecount="0"/>
          <line num="472" count="15" type="stmt"/>
          <line num="474" count="7" type="stmt"/>
          <line num="476" count="19" type="cond" truecount="2" falsecount="0"/>
          <line num="477" count="1" type="stmt"/>
          <line num="479" count="18" type="stmt"/>
          <line num="480" count="18" type="stmt"/>
          <line num="482" count="3" type="stmt"/>
          <line num="493" count="25" type="stmt"/>
          <line num="494" count="25" type="cond" truecount="1" falsecount="1"/>
          <line num="495" count="25" type="stmt"/>
          <line num="496" count="25" type="cond" truecount="4" falsecount="0"/>
          <line num="497" count="13" type="stmt"/>
          <line num="499" count="14" type="cond" truecount="2" falsecount="0"/>
          <line num="500" count="1" type="stmt"/>
          <line num="502" count="13" type="stmt"/>
          <line num="503" count="13" type="stmt"/>
          <line num="505" count="13" type="stmt"/>
          <line num="506" count="11" type="stmt"/>
          <line num="510" count="22" type="stmt"/>
          <line num="520" count="3" type="cond" truecount="1" falsecount="1"/>
          <line num="521" count="3" type="stmt"/>
          <line num="522" count="3" type="stmt"/>
          <line num="523" count="3" type="stmt"/>
          <line num="535" count="25" type="stmt"/>
          <line num="536" count="25" type="cond" truecount="4" falsecount="0"/>
          <line num="540" count="13" type="stmt"/>
          <line num="542" count="14" type="stmt"/>
          <line num="543" count="14" type="stmt"/>
          <line num="545" count="12" type="stmt"/>
          <line num="554" count="113" type="stmt"/>
          <line num="563" count="22" type="cond" truecount="1" falsecount="1"/>
          <line num="564" count="0" type="stmt"/>
          <line num="566" count="22" type="cond" truecount="3" falsecount="0"/>
          <line num="575" count="1" type="stmt"/>
          <line num="584" count="6" type="stmt"/>
          <line num="585" count="6" type="stmt"/>
          <line num="594" count="140" type="cond" truecount="2" falsecount="0"/>
          <line num="602" count="347" type="cond" truecount="2" falsecount="0"/>
          <line num="603" count="1" type="stmt"/>
          <line num="604" count="1" type="stmt"/>
          <line num="613" count="3" type="stmt"/>
          <line num="621" count="2" type="stmt"/>
          <line num="629" count="1" type="stmt"/>
          <line num="637" count="4" type="stmt"/>
          <line num="638" count="4" type="stmt"/>
          <line num="639" count="4" type="stmt"/>
          <line num="643" count="7" type="stmt"/>
        </file>
        <file name="index.js" path="/Users/builder/GitHub/laravel-micro.js/src/index.js">
          <metrics statements="0" coveredstatements="0" conditionals="0" coveredconditionals="0" methods="0" coveredmethods="0"/>
        </file>
      </package>
      <package name="src.Exceptions">
        <metrics statements="8" coveredstatements="7" conditionals="2" coveredconditionals="2" methods="3" coveredmethods="3"/>
        <file name="ErrorHandler.js" path="/Users/builder/GitHub/laravel-micro.js/src/Exceptions/ErrorHandler.js">
          <metrics statements="5" coveredstatements="4" conditionals="2" coveredconditionals="2" methods="2" coveredmethods="2"/>
          <line num="7" count="23" type="stmt"/>
          <line num="15" count="3" type="cond" truecount="2" falsecount="0"/>
          <line num="16" count="1" type="stmt"/>
          <line num="17" count="1" type="stmt"/>
          <line num="19" count="0" type="stmt"/>
        </file>
        <file name="Exception.js" path="/Users/builder/GitHub/laravel-micro.js/src/Exceptions/Exception.js">
          <metrics statements="3" coveredstatements="3" conditionals="0" coveredconditionals="0" methods="1" coveredmethods="1"/>
          <line num="6" count="7" type="stmt"/>
          <line num="11" count="7" type="stmt"/>
          <line num="17" count="7" type="stmt"/>
        </file>
      </package>
      <package name="src.Services.App">
        <metrics statements="13" coveredstatements="11" conditionals="2" coveredconditionals="0" methods="8" coveredmethods="7"/>
        <file name="AppServiceProvider.js" path="/Users/builder/GitHub/laravel-micro.js/src/Services/App/AppServiceProvider.js">
          <metrics statements="5" coveredstatements="5" conditionals="0" coveredconditionals="0" methods="4" coveredmethods="4"/>
          <line num="7" count="12" type="stmt"/>
          <line num="8" count="12" type="stmt"/>
          <line num="17" count="11" type="stmt"/>
          <line num="18" count="11" type="stmt"/>
          <line num="33" count="19" type="stmt"/>
        </file>
        <file name="Kernel.js" path="/Users/builder/GitHub/laravel-micro.js/src/Services/App/Kernel.js">
          <metrics statements="8" coveredstatements="6" conditionals="2" coveredconditionals="0" methods="4" coveredmethods="3"/>
          <line num="9" count="1" type="stmt"/>
          <line num="10" count="1" type="stmt"/>
          <line num="11" count="1" type="stmt"/>
          <line num="20" count="1" type="stmt"/>
          <line num="29" count="0" type="cond" truecount="0" falsecount="2"/>
          <line num="30" count="1" type="stmt"/>
          <line num="31" count="1" type="stmt"/>
          <line num="37" count="0" type="stmt"/>
        </file>
      </package>
      <package name="src.Services.Config">
        <metrics statements="30" coveredstatements="30" conditionals="14" coveredconditionals="14" methods="15" coveredmethods="15"/>
        <file name="Config.js" path="/Users/builder/GitHub/laravel-micro.js/src/Services/Config/Config.js">
          <metrics statements="26" coveredstatements="26" conditionals="14" coveredconditionals="14" methods="10" coveredmethods="10"/>
          <line num="6" count="8" type="stmt"/>
          <line num="7" count="8" type="stmt"/>
          <line num="19" count="8" type="cond" truecount="2" falsecount="0"/>
          <line num="20" count="4" type="cond" truecount="2" falsecount="0"/>
          <line num="22" count="4" type="stmt"/>
          <line num="23" count="10" type="stmt"/>
          <line num="24" count="10" type="stmt"/>
          <line num="26" count="1" type="stmt"/>
          <line num="36" count="5" type="stmt"/>
          <line num="37" count="5" type="stmt"/>
          <line num="38" count="5" type="stmt"/>
          <line num="39" count="5" type="stmt"/>
          <line num="40" count="11" type="cond" truecount="2" falsecount="0"/>
          <line num="41" count="9" type="stmt"/>
          <line num="43" count="11" type="cond" truecount="2" falsecount="0"/>
          <line num="44" count="5" type="stmt"/>
          <line num="46" count="11" type="stmt"/>
          <line num="48" count="5" type="stmt"/>
          <line num="56" count="1" type="stmt"/>
          <line num="64" count="2" type="stmt"/>
          <line num="65" count="2" type="cond" truecount="4" falsecount="0"/>
          <line num="66" count="1" type="stmt"/>
          <line num="68" count="1" type="stmt"/>
          <line num="76" count="1" type="stmt"/>
          <line num="84" count="1" type="stmt"/>
          <line num="92" count="1" type="stmt"/>
        </file>
        <file name="ConfigServiceProvider.js" path="/Users/builder/GitHub/laravel-micro.js/src/Services/Config/ConfigServiceProvider.js">
          <metrics statements="4" coveredstatements="4" conditionals="0" coveredconditionals="0" methods="5" coveredmethods="5"/>
          <line num="6" count="7" type="stmt"/>
          <line num="7" count="7" type="stmt"/>
          <line num="15" count="7" type="stmt"/>
          <line num="33" count="7" type="stmt"/>
        </file>
      </package>
      <package name="src.Support">
        <metrics statements="118" coveredstatements="33" conditionals="53" coveredconditionals="3" methods="68" coveredmethods="13"/>
        <file name="Collection.js" path="/Users/builder/GitHub/laravel-micro.js/src/Support/Collection.js">
          <metrics statements="84" coveredstatements="1" conditionals="49" coveredconditionals="0" methods="52" coveredmethods="0"/>
          <line num="17" count="1" type="stmt"/>
          <line num="18" count="0" type="stmt"/>
          <line num="43" count="0" type="stmt"/>
          <line num="44" count="0" type="stmt"/>
          <line num="51" count="0" type="stmt"/>
          <line num="58" count="0" type="stmt"/>
          <line num="65" count="0" type="stmt"/>
          <line num="72" count="0" type="stmt"/>
          <line num="79" count="0" type="stmt"/>
          <line num="86" count="0" type="stmt"/>
          <line num="94" count="0" type="stmt"/>
          <line num="101" count="0" type="stmt"/>
          <line num="109" count="0" type="stmt"/>
          <line num="116" count="0" type="stmt"/>
          <line num="124" count="0" type="stmt"/>
          <line num="131" count="0" type="stmt"/>
          <line num="139" count="0" type="stmt"/>
          <line num="146" count="0" type="stmt"/>
          <line num="154" count="0" type="stmt"/>
          <line num="164" count="0" type="stmt"/>
          <line num="172" count="0" type="stmt"/>
          <line num="179" count="0" type="stmt"/>
          <line num="186" count="0" type="stmt"/>
          <line num="193" count="0" type="stmt"/>
          <line num="201" count="0" type="stmt"/>
          <line num="210" count="0" type="cond" truecount="0" falsecount="2"/>
          <line num="211" count="0" type="stmt"/>
          <line num="213" count="0" type="stmt"/>
          <line num="215" count="0" type="stmt"/>
          <line num="224" count="0" type="stmt"/>
          <line num="225" count="0" type="stmt"/>
          <line num="233" count="0" type="stmt"/>
          <line num="240" count="0" type="stmt"/>
          <line num="249" count="0" type="cond" truecount="0" falsecount="4"/>
          <line num="250" count="0" type="stmt"/>
          <line num="251" count="0" type="stmt"/>
          <line num="253" count="0" type="stmt"/>
          <line num="262" count="0" type="cond" truecount="0" falsecount="4"/>
          <line num="263" count="0" type="stmt"/>
          <line num="264" count="0" type="stmt"/>
          <line num="266" count="0" type="stmt"/>
          <line num="273" count="0" type="cond" truecount="0" falsecount="4"/>
          <line num="274" count="0" type="stmt"/>
          <line num="283" count="0" type="stmt"/>
          <line num="290" count="0" type="cond" truecount="0" falsecount="2"/>
          <line num="297" count="0" type="cond" truecount="0" falsecount="2"/>
          <line num="306" count="0" type="cond" truecount="0" falsecount="2"/>
          <line num="315" count="0" type="stmt"/>
          <line num="324" count="0" type="stmt"/>
          <line num="333" count="0" type="stmt"/>
          <line num="334" count="0" type="stmt"/>
          <line num="335" count="0" type="cond" truecount="0" falsecount="2"/>
          <line num="344" count="0" type="stmt"/>
          <line num="345" count="0" type="cond" truecount="0" falsecount="2"/>
          <line num="346" count="0" type="stmt"/>
          <line num="348" count="0" type="stmt"/>
          <line num="357" count="0" type="stmt"/>
          <line num="358" count="0" type="cond" truecount="0" falsecount="2"/>
          <line num="359" count="0" type="stmt"/>
          <line num="361" count="0" type="stmt"/>
          <line num="370" count="0" type="stmt"/>
          <line num="371" count="0" type="stmt"/>
          <line num="378" count="0" type="cond" truecount="0" falsecount="2"/>
          <line num="379" count="0" type="cond" truecount="0" falsecount="2"/>
          <line num="380" count="0" type="stmt"/>
          <line num="382" count="0" type="stmt"/>
          <line num="385" count="0" type="stmt"/>
          <line num="386" count="0" type="stmt"/>
          <line num="394" count="0" type="stmt"/>
          <line num="401" count="0" type="stmt"/>
          <line num="409" count="0" type="stmt"/>
          <line num="417" count="0" type="stmt"/>
          <line num="425" count="0" type="stmt"/>
          <line num="433" count="0" type="stmt"/>
          <line num="443" count="0" type="stmt"/>
          <line num="444" count="0" type="stmt"/>
          <line num="445" count="0" type="stmt"/>
          <line num="447" count="0" type="cond" truecount="0" falsecount="2"/>
          <line num="448" count="0" type="stmt"/>
          <line num="450" count="0" type="cond" truecount="0" falsecount="2"/>
          <line num="451" count="0" type="stmt"/>
          <line num="453" count="0" type="stmt"/>
          <line num="454" count="0" type="stmt"/>
          <line num="455" count="0" type="stmt"/>
        </file>
        <file name="Pipeline.js" path="/Users/builder/GitHub/laravel-micro.js/src/Support/Pipeline.js">
          <metrics statements="24" coveredstatements="23" conditionals="4" coveredconditionals="3" methods="7" coveredmethods="7"/>
          <line num="8" count="1" type="stmt"/>
          <line num="9" count="1" type="stmt"/>
          <line num="10" count="1" type="stmt"/>
          <line num="11" count="1" type="stmt"/>
          <line num="12" count="1" type="stmt"/>
          <line num="21" count="1" type="stmt"/>
          <line num="22" count="1" type="stmt"/>
          <line num="31" count="1" type="stmt"/>
          <line num="32" count="1" type="stmt"/>
          <line num="41" count="1" type="stmt"/>
          <line num="42" count="1" type="stmt"/>
          <line num="51" count="1" type="stmt"/>
          <line num="53" count="1" type="stmt"/>
          <line num="54" count="4" type="cond" truecount="2" falsecount="0"/>
          <line num="55" count="1" type="stmt"/>
          <line num="58" count="3" type="stmt"/>
          <line num="59" count="3" type="stmt"/>
          <line num="60" count="3" type="cond" truecount="1" falsecount="1"/>
          <line num="61" count="0" type="stmt"/>
          <line num="63" count="3" type="stmt"/>
          <line num="64" count="3" type="stmt"/>
          <line num="66" count="3" type="stmt"/>
          <line num="69" count="1" type="stmt"/>
          <line num="77" count="4" type="stmt"/>
        </file>
        <file name="ServiceProvider.js" path="/Users/builder/GitHub/laravel-micro.js/src/Support/ServiceProvider.js">
          <metrics statements="10" coveredstatements="9" conditionals="0" coveredconditionals="0" methods="9" coveredmethods="6"/>
          <line num="4" count="19" type="stmt"/>
          <line num="5" count="19" type="stmt"/>
          <line num="6" count="19" type="stmt"/>
          <line num="32" count="0" type="stmt"/>
          <line num="40" count="38" type="stmt"/>
          <line num="48" count="19" type="stmt"/>
          <line num="56" count="23" type="stmt"/>
          <line num="63" count="17" type="stmt"/>
          <line num="67" count="17" type="stmt"/>
          <line num="68" count="17" type="stmt"/>
        </file>
      </package>
      <package name="src.Traits">
        <metrics statements="3" coveredstatements="3" conditionals="0" coveredconditionals="0" methods="2" coveredmethods="2"/>
        <file name="PreventsReactivity.js" path="/Users/builder/GitHub/laravel-micro.js/src/Traits/PreventsReactivity.js">
          <metrics statements="2" coveredstatements="2" conditionals="0" coveredconditionals="0" methods="1" coveredmethods="1"/>
          <line num="2" count="7" type="stmt"/>
          <line num="4" count="272" type="stmt"/>
        </file>
        <file name="_Mixin.js" path="/Users/builder/GitHub/laravel-micro.js/src/Traits/_Mixin.js">
          <metrics statements="1" coveredstatements="1" conditionals="0" coveredconditionals="0" methods="1" coveredmethods="1"/>
          <line num="8" count="7" type="stmt"/>
        </file>
      </package>
      <package name="tests">
        <metrics statements="11" coveredstatements="10" conditionals="0" coveredconditionals="0" methods="10" coveredmethods="9"/>
        <file name="mocks.js" path="/Users/builder/GitHub/laravel-micro.js/tests/mocks.js">
          <metrics statements="11" coveredstatements="10" conditionals="0" coveredconditionals="0" methods="10" coveredmethods="9"/>
          <line num="3" count="1" type="stmt"/>
          <line num="4" count="1" type="stmt"/>
          <line num="10" count="1" type="stmt"/>
          <line num="21" count="0" type="stmt"/>
          <line num="25" count="2" type="stmt"/>
          <line num="29" count="1" type="stmt"/>
          <line num="30" count="1" type="stmt"/>
          <line num="36" count="1" type="stmt"/>
          <line num="37" count="1" type="stmt"/>
          <line num="43" count="1" type="stmt"/>
          <line num="44" count="1" type="stmt"/>
        </file>
      </package>
    </metrics>
  </project>
</coverage>
