{"/Users/builder/GitHub/laravel-micro.js/src/Container.js": {"path":"/Users/builder/GitHub/laravel-micro.js/src/Container.js","statementMap":{"0":{"start":{"line":15,"column":2},"end":{"line":15,"column":22}},"1":{"start":{"line":16,"column":2},"end":{"line":16,"column":21}},"2":{"start":{"line":17,"column":2},"end":{"line":17,"column":21}},"3":{"start":{"line":18,"column":2},"end":{"line":18,"column":23}},"4":{"start":{"line":20,"column":2},"end":{"line":20,"column":24}},"5":{"start":{"line":21,"column":2},"end":{"line":21,"column":23}},"6":{"start":{"line":22,"column":2},"end":{"line":22,"column":21}},"7":{"start":{"line":24,"column":2},"end":{"line":24,"column":21}},"8":{"start":{"line":25,"column":2},"end":{"line":25,"column":27}},"9":{"start":{"line":26,"column":2},"end":{"line":26,"column":22}},"10":{"start":{"line":29,"column":2},"end":{"line":29,"column":39}},"11":{"start":{"line":30,"column":2},"end":{"line":30,"column":38}},"12":{"start":{"line":31,"column":2},"end":{"line":31,"column":40}},"13":{"start":{"line":32,"column":2},"end":{"line":32,"column":38}},"14":{"start":{"line":33,"column":2},"end":{"line":33,"column":41}},"15":{"start":{"line":34,"column":2},"end":{"line":34,"column":40}},"16":{"start":{"line":35,"column":2},"end":{"line":35,"column":38}},"17":{"start":{"line":36,"column":2},"end":{"line":36,"column":42}},"18":{"start":{"line":40,"column":2},"end":{"line":40,"column":24}},"19":{"start":{"line":44,"column":2},"end":{"line":44,"column":23}},"20":{"start":{"line":48,"column":2},"end":{"line":48,"column":23}},"21":{"start":{"line":52,"column":2},"end":{"line":52,"column":62}},"22":{"start":{"line":52,"column":42},"end":{"line":52,"column":61}},"23":{"start":{"line":56,"column":2},"end":{"line":56,"column":25}},"24":{"start":{"line":65,"column":2},"end":{"line":67,"column":3}},"25":{"start":{"line":66,"column":3},"end":{"line":66,"column":44}},"26":{"start":{"line":68,"column":2},"end":{"line":68,"column":13}},"27":{"start":{"line":77,"column":2},"end":{"line":77,"column":21}},"28":{"start":{"line":85,"column":2},"end":{"line":85,"column":31}},"29":{"start":{"line":94,"column":2},"end":{"line":94,"column":21}},"30":{"start":{"line":103,"column":19},"end":{"line":108,"column":3}},"31":{"start":{"line":109,"column":2},"end":{"line":109,"column":85}},"32":{"start":{"line":118,"column":2},"end":{"line":118,"column":40}},"33":{"start":{"line":127,"column":2},"end":{"line":129,"column":3}},"34":{"start":{"line":128,"column":3},"end":{"line":128,"column":42}},"35":{"start":{"line":130,"column":2},"end":{"line":130,"column":13}},"36":{"start":{"line":139,"column":2},"end":{"line":139,"column":51}},"37":{"start":{"line":148,"column":2},"end":{"line":148,"column":43}},"38":{"start":{"line":157,"column":2},"end":{"line":157,"column":43}},"39":{"start":{"line":166,"column":2},"end":{"line":166,"column":34}},"40":{"start":{"line":167,"column":2},"end":{"line":167,"column":29}},"41":{"start":{"line":176,"column":2},"end":{"line":176,"column":36}},"42":{"start":{"line":177,"column":2},"end":{"line":177,"column":35}},"43":{"start":{"line":187,"column":2},"end":{"line":193,"column":3}},"44":{"start":{"line":188,"column":24},"end":{"line":188,"column":61}},"45":{"start":{"line":189,"column":3},"end":{"line":189,"column":60}},"46":{"start":{"line":190,"column":3},"end":{"line":190,"column":46}},"47":{"start":{"line":192,"column":3},"end":{"line":192,"column":22}},"48":{"start":{"line":204,"column":2},"end":{"line":204,"column":36}},"49":{"start":{"line":205,"column":2},"end":{"line":205,"column":33}},"50":{"start":{"line":206,"column":2},"end":{"line":208,"column":3}},"51":{"start":{"line":207,"column":3},"end":{"line":207,"column":29}},"52":{"start":{"line":217,"column":2},"end":{"line":217,"column":38}},"53":{"start":{"line":218,"column":2},"end":{"line":218,"column":21}},"54":{"start":{"line":219,"column":2},"end":{"line":219,"column":47}},"55":{"start":{"line":220,"column":2},"end":{"line":222,"column":3}},"56":{"start":{"line":221,"column":3},"end":{"line":221,"column":58}},"57":{"start":{"line":233,"column":2},"end":{"line":233,"column":51}},"58":{"start":{"line":234,"column":2},"end":{"line":234,"column":34}},"59":{"start":{"line":235,"column":2},"end":{"line":237,"column":3}},"60":{"start":{"line":236,"column":3},"end":{"line":236,"column":29}},"61":{"start":{"line":238,"column":2},"end":{"line":238,"column":17}},"62":{"start":{"line":247,"column":2},"end":{"line":258,"column":3}},"63":{"start":{"line":248,"column":3},"end":{"line":248,"column":22}},"64":{"start":{"line":249,"column":3},"end":{"line":249,"column":58}},"65":{"start":{"line":251,"column":3},"end":{"line":254,"column":4}},"66":{"start":{"line":252,"column":4},"end":{"line":252,"column":58}},"67":{"start":{"line":253,"column":4},"end":{"line":253,"column":36}},"68":{"start":{"line":255,"column":3},"end":{"line":255,"column":48}},"69":{"start":{"line":256,"column":3},"end":{"line":256,"column":53}},"70":{"start":{"line":257,"column":3},"end":{"line":257,"column":14}},"71":{"start":{"line":259,"column":2},"end":{"line":259,"column":14}},"72":{"start":{"line":268,"column":2},"end":{"line":268,"column":24}},"73":{"start":{"line":269,"column":2},"end":{"line":280,"column":4}},"74":{"start":{"line":270,"column":3},"end":{"line":272,"column":4}},"75":{"start":{"line":271,"column":4},"end":{"line":271,"column":89}},"76":{"start":{"line":273,"column":3},"end":{"line":275,"column":4}},"77":{"start":{"line":274,"column":4},"end":{"line":274,"column":71}},"78":{"start":{"line":277,"column":3},"end":{"line":279,"column":4}},"79":{"start":{"line":278,"column":4},"end":{"line":278,"column":33}},"80":{"start":{"line":281,"column":2},"end":{"line":281,"column":13}},"81":{"start":{"line":290,"column":2},"end":{"line":295,"column":4}},"82":{"start":{"line":291,"column":3},"end":{"line":293,"column":4}},"83":{"start":{"line":292,"column":4},"end":{"line":292,"column":27}},"84":{"start":{"line":294,"column":3},"end":{"line":294,"column":73}},"85":{"start":{"line":304,"column":2},"end":{"line":317,"column":3}},"86":{"start":{"line":305,"column":3},"end":{"line":313,"column":5}},"87":{"start":{"line":306,"column":4},"end":{"line":312,"column":6}},"88":{"start":{"line":307,"column":25},"end":{"line":307,"column":105}},"89":{"start":{"line":308,"column":5},"end":{"line":311,"column":6}},"90":{"start":{"line":309,"column":6},"end":{"line":309,"column":77}},"91":{"start":{"line":310,"column":6},"end":{"line":310,"column":29}},"92":{"start":{"line":314,"column":3},"end":{"line":316,"column":4}},"93":{"start":{"line":315,"column":4},"end":{"line":315,"column":92}},"94":{"start":{"line":318,"column":2},"end":{"line":318,"column":24}},"95":{"start":{"line":328,"column":2},"end":{"line":328,"column":58}},"96":{"start":{"line":337,"column":2},"end":{"line":337,"column":87}},"97":{"start":{"line":346,"column":2},"end":{"line":346,"column":37}},"98":{"start":{"line":347,"column":2},"end":{"line":347,"column":38}},"99":{"start":{"line":347,"column":32},"end":{"line":347,"column":38}},"100":{"start":{"line":348,"column":2},"end":{"line":351,"column":4}},"101":{"start":{"line":349,"column":3},"end":{"line":349,"column":60}},"102":{"start":{"line":350,"column":3},"end":{"line":350,"column":65}},"103":{"start":{"line":352,"column":2},"end":{"line":352,"column":49}},"104":{"start":{"line":361,"column":2},"end":{"line":361,"column":39}},"105":{"start":{"line":370,"column":20},"end":{"line":370,"column":48}},"106":{"start":{"line":371,"column":2},"end":{"line":374,"column":4}},"107":{"start":{"line":372,"column":3},"end":{"line":372,"column":43}},"108":{"start":{"line":373,"column":3},"end":{"line":373,"column":43}},"109":{"start":{"line":376,"column":2},"end":{"line":381,"column":4}},"110":{"start":{"line":377,"column":28},"end":{"line":377,"column":57}},"111":{"start":{"line":378,"column":3},"end":{"line":380,"column":4}},"112":{"start":{"line":379,"column":4},"end":{"line":379,"column":40}},"113":{"start":{"line":390,"column":2},"end":{"line":393,"column":3}},"114":{"start":{"line":391,"column":3},"end":{"line":391,"column":61}},"115":{"start":{"line":392,"column":3},"end":{"line":392,"column":33}},"116":{"start":{"line":403,"column":2},"end":{"line":403,"column":47}},"117":{"start":{"line":404,"column":20},"end":{"line":404,"column":50}},"118":{"start":{"line":405,"column":17},"end":{"line":405,"column":96}},"119":{"start":{"line":405,"column":54},"end":{"line":405,"column":95}},"120":{"start":{"line":406,"column":2},"end":{"line":408,"column":3}},"121":{"start":{"line":407,"column":3},"end":{"line":407,"column":47}},"122":{"start":{"line":409,"column":2},"end":{"line":409,"column":15}},"123":{"start":{"line":419,"column":2},"end":{"line":421,"column":3}},"124":{"start":{"line":420,"column":3},"end":{"line":420,"column":33}},"125":{"start":{"line":422,"column":2},"end":{"line":424,"column":3}},"126":{"start":{"line":423,"column":3},"end":{"line":423,"column":22}},"127":{"start":{"line":425,"column":2},"end":{"line":427,"column":3}},"128":{"start":{"line":426,"column":3},"end":{"line":426,"column":103}},"129":{"start":{"line":428,"column":27},"end":{"line":428,"column":52}},"130":{"start":{"line":429,"column":2},"end":{"line":432,"column":3}},"131":{"start":{"line":430,"column":3},"end":{"line":430,"column":61}},"132":{"start":{"line":431,"column":3},"end":{"line":431,"column":39}},"133":{"start":{"line":433,"column":19},"end":{"line":433,"column":52}},"134":{"start":{"line":434,"column":2},"end":{"line":437,"column":3}},"135":{"start":{"line":435,"column":3},"end":{"line":435,"column":38}},"136":{"start":{"line":436,"column":3},"end":{"line":436,"column":36}},"137":{"start":{"line":438,"column":2},"end":{"line":438,"column":17}},"138":{"start":{"line":447,"column":2},"end":{"line":447,"column":49}},"139":{"start":{"line":448,"column":2},"end":{"line":453,"column":3}},"140":{"start":{"line":449,"column":3},"end":{"line":452,"column":4}},"141":{"start":{"line":454,"column":18},"end":{"line":454,"column":39}},"142":{"start":{"line":455,"column":2},"end":{"line":457,"column":3}},"143":{"start":{"line":456,"column":3},"end":{"line":456,"column":17}},"144":{"start":{"line":458,"column":2},"end":{"line":458,"column":79}},"145":{"start":{"line":468,"column":2},"end":{"line":483,"column":3}},"146":{"start":{"line":469,"column":21},"end":{"line":469,"column":102}},"147":{"start":{"line":471,"column":3},"end":{"line":475,"column":4}},"148":{"start":{"line":472,"column":4},"end":{"line":472,"column":26}},"149":{"start":{"line":474,"column":4},"end":{"line":474,"column":28}},"150":{"start":{"line":476,"column":3},"end":{"line":478,"column":4}},"151":{"start":{"line":477,"column":4},"end":{"line":477,"column":107}},"152":{"start":{"line":479,"column":3},"end":{"line":479,"column":90}},"153":{"start":{"line":480,"column":3},"end":{"line":480,"column":18}},"154":{"start":{"line":482,"column":3},"end":{"line":482,"column":29}},"155":{"start":{"line":493,"column":21},"end":{"line":493,"column":23}},"156":{"start":{"line":494,"column":2},"end":{"line":509,"column":3}},"157":{"start":{"line":495,"column":24},"end":{"line":495,"column":53}},"158":{"start":{"line":496,"column":3},"end":{"line":508,"column":4}},"159":{"start":{"line":497,"column":4},"end":{"line":507,"column":6}},"160":{"start":{"line":499,"column":5},"end":{"line":501,"column":6}},"161":{"start":{"line":500,"column":6},"end":{"line":500,"column":115}},"162":{"start":{"line":502,"column":5},"end":{"line":502,"column":61}},"163":{"start":{"line":503,"column":5},"end":{"line":503,"column":38}},"164":{"start":{"line":505,"column":5},"end":{"line":505,"column":47}},"165":{"start":{"line":506,"column":5},"end":{"line":506,"column":69}},"166":{"start":{"line":510,"column":2},"end":{"line":510,"column":19}},"167":{"start":{"line":520,"column":2},"end":{"line":524,"column":3}},"168":{"start":{"line":521,"column":3},"end":{"line":521,"column":62}},"169":{"start":{"line":522,"column":3},"end":{"line":522,"column":20}},"170":{"start":{"line":523,"column":3},"end":{"line":523,"column":20}},"171":{"start":{"line":535,"column":13},"end":{"line":535,"column":64}},"172":{"start":{"line":536,"column":2},"end":{"line":544,"column":3}},"173":{"start":{"line":540,"column":3},"end":{"line":543,"column":25}},"174":{"start":{"line":542,"column":18},"end":{"line":542,"column":28}},"175":{"start":{"line":543,"column":21},"end":{"line":543,"column":24}},"176":{"start":{"line":545,"column":2},"end":{"line":545,"column":11}},"177":{"start":{"line":554,"column":2},"end":{"line":554,"column":38}},"178":{"start":{"line":563,"column":2},"end":{"line":565,"column":3}},"179":{"start":{"line":564,"column":3},"end":{"line":564,"column":38}},"180":{"start":{"line":566,"column":2},"end":{"line":566,"column":105}},"181":{"start":{"line":575,"column":2},"end":{"line":575,"column":48}},"182":{"start":{"line":584,"column":2},"end":{"line":584,"column":53}},"183":{"start":{"line":585,"column":2},"end":{"line":585,"column":30}},"184":{"start":{"line":594,"column":2},"end":{"line":594,"column":55}},"185":{"start":{"line":602,"column":2},"end":{"line":605,"column":3}},"186":{"start":{"line":603,"column":3},"end":{"line":603,"column":42}},"187":{"start":{"line":604,"column":3},"end":{"line":604,"column":37}},"188":{"start":{"line":613,"column":2},"end":{"line":613,"column":24}},"189":{"start":{"line":621,"column":2},"end":{"line":621,"column":25}},"190":{"start":{"line":629,"column":2},"end":{"line":629,"column":21}},"191":{"start":{"line":637,"column":12},"end":{"line":637,"column":34}},"192":{"start":{"line":638,"column":2},"end":{"line":638,"column":42}},"193":{"start":{"line":639,"column":2},"end":{"line":639,"column":10}},"194":{"start":{"line":643,"column":0},"end":{"line":643,"column":29}}},"fnMap":{"0":{"name":"(anonymous_0)","decl":{"start":{"line":14,"column":1},"end":{"line":14,"column":2}},"loc":{"start":{"line":14,"column":15},"end":{"line":37,"column":2}},"line":14},"1":{"name":"(anonymous_1)","decl":{"start":{"line":39,"column":1},"end":{"line":39,"column":2}},"loc":{"start":{"line":39,"column":17},"end":{"line":41,"column":2}},"line":39},"2":{"name":"(anonymous_2)","decl":{"start":{"line":43,"column":1},"end":{"line":43,"column":2}},"loc":{"start":{"line":43,"column":16},"end":{"line":45,"column":2}},"line":43},"3":{"name":"(anonymous_3)","decl":{"start":{"line":47,"column":1},"end":{"line":47,"column":2}},"loc":{"start":{"line":47,"column":16},"end":{"line":49,"column":2}},"line":47},"4":{"name":"(anonymous_4)","decl":{"start":{"line":51,"column":1},"end":{"line":51,"column":2}},"loc":{"start":{"line":51,"column":16},"end":{"line":53,"column":2}},"line":51},"5":{"name":"(anonymous_5)","decl":{"start":{"line":52,"column":31},"end":{"line":52,"column":32}},"loc":{"start":{"line":52,"column":42},"end":{"line":52,"column":61}},"line":52},"6":{"name":"(anonymous_6)","decl":{"start":{"line":55,"column":1},"end":{"line":55,"column":2}},"loc":{"start":{"line":55,"column":18},"end":{"line":57,"column":2}},"line":55},"7":{"name":"(anonymous_7)","decl":{"start":{"line":64,"column":1},"end":{"line":64,"column":2}},"loc":{"start":{"line":64,"column":32},"end":{"line":69,"column":2}},"line":64},"8":{"name":"(anonymous_8)","decl":{"start":{"line":76,"column":1},"end":{"line":76,"column":2}},"loc":{"start":{"line":76,"column":14},"end":{"line":78,"column":2}},"line":76},"9":{"name":"(anonymous_9)","decl":{"start":{"line":84,"column":1},"end":{"line":84,"column":2}},"loc":{"start":{"line":84,"column":17},"end":{"line":86,"column":2}},"line":84},"10":{"name":"(anonymous_10)","decl":{"start":{"line":93,"column":1},"end":{"line":93,"column":2}},"loc":{"start":{"line":93,"column":22},"end":{"line":95,"column":2}},"line":93},"11":{"name":"(anonymous_11)","decl":{"start":{"line":102,"column":1},"end":{"line":102,"column":2}},"loc":{"start":{"line":102,"column":14},"end":{"line":110,"column":2}},"line":102},"12":{"name":"(anonymous_12)","decl":{"start":{"line":117,"column":1},"end":{"line":117,"column":2}},"loc":{"start":{"line":117,"column":23},"end":{"line":119,"column":2}},"line":117},"13":{"name":"(anonymous_13)","decl":{"start":{"line":126,"column":1},"end":{"line":126,"column":2}},"loc":{"start":{"line":126,"column":20},"end":{"line":131,"column":2}},"line":126},"14":{"name":"(anonymous_14)","decl":{"start":{"line":138,"column":1},"end":{"line":138,"column":2}},"loc":{"start":{"line":138,"column":28},"end":{"line":140,"column":2}},"line":138},"15":{"name":"(anonymous_15)","decl":{"start":{"line":147,"column":1},"end":{"line":147,"column":2}},"loc":{"start":{"line":147,"column":16},"end":{"line":149,"column":2}},"line":147},"16":{"name":"(anonymous_16)","decl":{"start":{"line":156,"column":1},"end":{"line":156,"column":2}},"loc":{"start":{"line":156,"column":19},"end":{"line":158,"column":2}},"line":156},"17":{"name":"(anonymous_17)","decl":{"start":{"line":165,"column":1},"end":{"line":165,"column":2}},"loc":{"start":{"line":165,"column":13},"end":{"line":168,"column":2}},"line":165},"18":{"name":"(anonymous_18)","decl":{"start":{"line":175,"column":1},"end":{"line":175,"column":2}},"loc":{"start":{"line":175,"column":16},"end":{"line":178,"column":2}},"line":175},"19":{"name":"(anonymous_19)","decl":{"start":{"line":186,"column":1},"end":{"line":186,"column":2}},"loc":{"start":{"line":186,"column":40},"end":{"line":194,"column":2}},"line":186},"20":{"name":"(anonymous_20)","decl":{"start":{"line":203,"column":1},"end":{"line":203,"column":2}},"loc":{"start":{"line":203,"column":37},"end":{"line":209,"column":2}},"line":203},"21":{"name":"(anonymous_21)","decl":{"start":{"line":216,"column":1},"end":{"line":216,"column":2}},"loc":{"start":{"line":216,"column":15},"end":{"line":223,"column":2}},"line":216},"22":{"name":"(anonymous_22)","decl":{"start":{"line":232,"column":1},"end":{"line":232,"column":2}},"loc":{"start":{"line":232,"column":45},"end":{"line":239,"column":2}},"line":232},"23":{"name":"(anonymous_23)","decl":{"start":{"line":246,"column":1},"end":{"line":246,"column":2}},"loc":{"start":{"line":246,"column":16},"end":{"line":260,"column":2}},"line":246},"24":{"name":"(anonymous_24)","decl":{"start":{"line":267,"column":1},"end":{"line":267,"column":2}},"loc":{"start":{"line":267,"column":19},"end":{"line":282,"column":2}},"line":267},"25":{"name":"(anonymous_25)","decl":{"start":{"line":269,"column":18},"end":{"line":269,"column":19}},"loc":{"start":{"line":269,"column":36},"end":{"line":280,"column":3}},"line":269},"26":{"name":"(anonymous_26)","decl":{"start":{"line":289,"column":1},"end":{"line":289,"column":2}},"loc":{"start":{"line":289,"column":27},"end":{"line":296,"column":2}},"line":289},"27":{"name":"(anonymous_27)","decl":{"start":{"line":290,"column":10},"end":{"line":290,"column":11}},"loc":{"start":{"line":290,"column":16},"end":{"line":295,"column":3}},"line":290},"28":{"name":"(anonymous_28)","decl":{"start":{"line":303,"column":1},"end":{"line":303,"column":2}},"loc":{"start":{"line":303,"column":28},"end":{"line":319,"column":2}},"line":303},"29":{"name":"(anonymous_29)","decl":{"start":{"line":305,"column":29},"end":{"line":305,"column":30}},"loc":{"start":{"line":305,"column":40},"end":{"line":313,"column":4}},"line":305},"30":{"name":"(anonymous_30)","decl":{"start":{"line":306,"column":24},"end":{"line":306,"column":25}},"loc":{"start":{"line":306,"column":36},"end":{"line":312,"column":5}},"line":306},"31":{"name":"(anonymous_31)","decl":{"start":{"line":327,"column":1},"end":{"line":327,"column":2}},"loc":{"start":{"line":327,"column":27},"end":{"line":329,"column":2}},"line":327},"32":{"name":"(anonymous_32)","decl":{"start":{"line":336,"column":1},"end":{"line":336,"column":2}},"loc":{"start":{"line":336,"column":17},"end":{"line":338,"column":2}},"line":336},"33":{"name":"(anonymous_33)","decl":{"start":{"line":345,"column":1},"end":{"line":345,"column":2}},"loc":{"start":{"line":345,"column":16},"end":{"line":353,"column":2}},"line":345},"34":{"name":"(anonymous_34)","decl":{"start":{"line":348,"column":34},"end":{"line":348,"column":35}},"loc":{"start":{"line":348,"column":46},"end":{"line":351,"column":3}},"line":348},"35":{"name":"(anonymous_35)","decl":{"start":{"line":360,"column":1},"end":{"line":360,"column":2}},"loc":{"start":{"line":360,"column":17},"end":{"line":362,"column":2}},"line":360},"36":{"name":"(anonymous_36)","decl":{"start":{"line":368,"column":1},"end":{"line":368,"column":2}},"loc":{"start":{"line":368,"column":17},"end":{"line":382,"column":2}},"line":368},"37":{"name":"(anonymous_37)","decl":{"start":{"line":371,"column":20},"end":{"line":371,"column":21}},"loc":{"start":{"line":371,"column":45},"end":{"line":374,"column":3}},"line":371},"38":{"name":"(anonymous_38)","decl":{"start":{"line":376,"column":20},"end":{"line":376,"column":21}},"loc":{"start":{"line":376,"column":45},"end":{"line":381,"column":3}},"line":376},"39":{"name":"(anonymous_39)","decl":{"start":{"line":389,"column":1},"end":{"line":389,"column":2}},"loc":{"start":{"line":389,"column":33},"end":{"line":394,"column":2}},"line":389},"40":{"name":"(anonymous_40)","decl":{"start":{"line":402,"column":1},"end":{"line":402,"column":2}},"loc":{"start":{"line":402,"column":22},"end":{"line":410,"column":2}},"line":402},"41":{"name":"(anonymous_41)","decl":{"start":{"line":405,"column":32},"end":{"line":405,"column":33}},"loc":{"start":{"line":405,"column":54},"end":{"line":405,"column":95}},"line":405},"42":{"name":"(anonymous_42)","decl":{"start":{"line":418,"column":1},"end":{"line":418,"column":2}},"loc":{"start":{"line":418,"column":34},"end":{"line":439,"column":2}},"line":418},"43":{"name":"(anonymous_43)","decl":{"start":{"line":446,"column":1},"end":{"line":446,"column":2}},"loc":{"start":{"line":446,"column":30},"end":{"line":459,"column":2}},"line":446},"44":{"name":"(anonymous_44)","decl":{"start":{"line":467,"column":1},"end":{"line":467,"column":2}},"loc":{"start":{"line":467,"column":36},"end":{"line":484,"column":2}},"line":467},"45":{"name":"(anonymous_45)","decl":{"start":{"line":492,"column":1},"end":{"line":492,"column":2}},"loc":{"start":{"line":492,"column":39},"end":{"line":511,"column":2}},"line":492},"46":{"name":"(anonymous_46)","decl":{"start":{"line":497,"column":25},"end":{"line":497,"column":26}},"loc":{"start":{"line":497,"column":41},"end":{"line":507,"column":5}},"line":497},"47":{"name":"(anonymous_47)","decl":{"start":{"line":519,"column":1},"end":{"line":519,"column":2}},"loc":{"start":{"line":519,"column":31},"end":{"line":525,"column":2}},"line":519},"48":{"name":"(anonymous_48)","decl":{"start":{"line":533,"column":1},"end":{"line":533,"column":2}},"loc":{"start":{"line":533,"column":26},"end":{"line":546,"column":2}},"line":533},"49":{"name":"(anonymous_49)","decl":{"start":{"line":542,"column":9},"end":{"line":542,"column":10}},"loc":{"start":{"line":542,"column":18},"end":{"line":542,"column":28}},"line":542},"50":{"name":"(anonymous_50)","decl":{"start":{"line":543,"column":12},"end":{"line":543,"column":13}},"loc":{"start":{"line":543,"column":21},"end":{"line":543,"column":24}},"line":543},"51":{"name":"(anonymous_51)","decl":{"start":{"line":553,"column":1},"end":{"line":553,"column":2}},"loc":{"start":{"line":553,"column":19},"end":{"line":555,"column":2}},"line":553},"52":{"name":"(anonymous_52)","decl":{"start":{"line":562,"column":1},"end":{"line":562,"column":2}},"loc":{"start":{"line":562,"column":19},"end":{"line":567,"column":2}},"line":562},"53":{"name":"(anonymous_53)","decl":{"start":{"line":574,"column":1},"end":{"line":574,"column":2}},"loc":{"start":{"line":574,"column":19},"end":{"line":576,"column":2}},"line":574},"54":{"name":"(anonymous_54)","decl":{"start":{"line":583,"column":1},"end":{"line":583,"column":2}},"loc":{"start":{"line":583,"column":20},"end":{"line":586,"column":2}},"line":583},"55":{"name":"(anonymous_55)","decl":{"start":{"line":593,"column":1},"end":{"line":593,"column":2}},"loc":{"start":{"line":593,"column":15},"end":{"line":595,"column":2}},"line":593},"56":{"name":"(anonymous_56)","decl":{"start":{"line":601,"column":1},"end":{"line":601,"column":2}},"loc":{"start":{"line":601,"column":7},"end":{"line":606,"column":2}},"line":601},"57":{"name":"(anonymous_57)","decl":{"start":{"line":612,"column":1},"end":{"line":612,"column":2}},"loc":{"start":{"line":612,"column":17},"end":{"line":614,"column":2}},"line":612},"58":{"name":"(anonymous_58)","decl":{"start":{"line":620,"column":1},"end":{"line":620,"column":2}},"loc":{"start":{"line":620,"column":22},"end":{"line":622,"column":2}},"line":620},"59":{"name":"(anonymous_59)","decl":{"start":{"line":628,"column":1},"end":{"line":628,"column":2}},"loc":{"start":{"line":628,"column":13},"end":{"line":630,"column":2}},"line":628},"60":{"name":"(anonymous_60)","decl":{"start":{"line":636,"column":1},"end":{"line":636,"column":2}},"loc":{"start":{"line":636,"column":30},"end":{"line":640,"column":2}},"line":636}},"branchMap":{"0":{"loc":{"start":{"line":65,"column":2},"end":{"line":67,"column":3}},"type":"if","locations":[{"start":{"line":65,"column":2},"end":{"line":67,"column":3}},{"start":{"line":65,"column":2},"end":{"line":67,"column":3}}],"line":65},"1":{"loc":{"start":{"line":104,"column":9},"end":{"line":104,"column":35}},"type":"cond-expr","locations":[{"start":{"line":104,"column":20},"end":{"line":104,"column":28}},{"start":{"line":104,"column":31},"end":{"line":104,"column":35}}],"line":104},"2":{"loc":{"start":{"line":105,"column":14},"end":{"line":105,"column":55}},"type":"cond-expr","locations":[{"start":{"line":105,"column":30},"end":{"line":105,"column":48}},{"start":{"line":105,"column":51},"end":{"line":105,"column":55}}],"line":105},"3":{"loc":{"start":{"line":106,"column":16},"end":{"line":106,"column":61}},"type":"cond-expr","locations":[{"start":{"line":106,"column":34},"end":{"line":106,"column":54}},{"start":{"line":106,"column":57},"end":{"line":106,"column":61}}],"line":106},"4":{"loc":{"start":{"line":107,"column":9},"end":{"line":107,"column":29}},"type":"binary-expr","locations":[{"start":{"line":107,"column":9},"end":{"line":107,"column":21}},{"start":{"line":107,"column":25},"end":{"line":107,"column":29}}],"line":107},"5":{"loc":{"start":{"line":109,"column":9},"end":{"line":109,"column":85}},"type":"binary-expr","locations":[{"start":{"line":109,"column":9},"end":{"line":109,"column":22}},{"start":{"line":109,"column":26},"end":{"line":109,"column":44}},{"start":{"line":109,"column":48},"end":{"line":109,"column":68}},{"start":{"line":109,"column":72},"end":{"line":109,"column":85}}],"line":109},"6":{"loc":{"start":{"line":127,"column":2},"end":{"line":129,"column":3}},"type":"if","locations":[{"start":{"line":127,"column":2},"end":{"line":129,"column":3}},{"start":{"line":127,"column":2},"end":{"line":129,"column":3}}],"line":127},"7":{"loc":{"start":{"line":127,"column":6},"end":{"line":127,"column":70}},"type":"binary-expr","locations":[{"start":{"line":127,"column":6},"end":{"line":127,"column":24}},{"start":{"line":127,"column":28},"end":{"line":127,"column":70}}],"line":127},"8":{"loc":{"start":{"line":186,"column":27},"end":{"line":186,"column":38}},"type":"default-arg","locations":[{"start":{"line":186,"column":34},"end":{"line":186,"column":38}}],"line":186},"9":{"loc":{"start":{"line":188,"column":24},"end":{"line":188,"column":61}},"type":"binary-expr","locations":[{"start":{"line":188,"column":24},"end":{"line":188,"column":28}},{"start":{"line":188,"column":32},"end":{"line":188,"column":61}}],"line":188},"10":{"loc":{"start":{"line":203,"column":22},"end":{"line":203,"column":35}},"type":"default-arg","locations":[{"start":{"line":203,"column":31},"end":{"line":203,"column":35}}],"line":203},"11":{"loc":{"start":{"line":206,"column":2},"end":{"line":208,"column":3}},"type":"if","locations":[{"start":{"line":206,"column":2},"end":{"line":208,"column":3}},{"start":{"line":206,"column":2},"end":{"line":208,"column":3}}],"line":206},"12":{"loc":{"start":{"line":206,"column":6},"end":{"line":206,"column":47}},"type":"binary-expr","locations":[{"start":{"line":206,"column":6},"end":{"line":206,"column":12}},{"start":{"line":206,"column":16},"end":{"line":206,"column":47}}],"line":206},"13":{"loc":{"start":{"line":220,"column":2},"end":{"line":222,"column":3}},"type":"if","locations":[{"start":{"line":220,"column":2},"end":{"line":222,"column":3}},{"start":{"line":220,"column":2},"end":{"line":222,"column":3}}],"line":220},"14":{"loc":{"start":{"line":232,"column":30},"end":{"line":232,"column":43}},"type":"default-arg","locations":[{"start":{"line":232,"column":39},"end":{"line":232,"column":43}}],"line":232},"15":{"loc":{"start":{"line":235,"column":2},"end":{"line":237,"column":3}},"type":"if","locations":[{"start":{"line":235,"column":2},"end":{"line":237,"column":3}},{"start":{"line":235,"column":2},"end":{"line":237,"column":3}}],"line":235},"16":{"loc":{"start":{"line":235,"column":6},"end":{"line":235,"column":47}},"type":"binary-expr","locations":[{"start":{"line":235,"column":6},"end":{"line":235,"column":12}},{"start":{"line":235,"column":16},"end":{"line":235,"column":47}}],"line":235},"17":{"loc":{"start":{"line":247,"column":2},"end":{"line":258,"column":3}},"type":"if","locations":[{"start":{"line":247,"column":2},"end":{"line":258,"column":3}},{"start":{"line":247,"column":2},"end":{"line":258,"column":3}}],"line":247},"18":{"loc":{"start":{"line":251,"column":3},"end":{"line":254,"column":4}},"type":"if","locations":[{"start":{"line":251,"column":3},"end":{"line":254,"column":4}},{"start":{"line":251,"column":3},"end":{"line":254,"column":4}}],"line":251},"19":{"loc":{"start":{"line":270,"column":3},"end":{"line":272,"column":4}},"type":"if","locations":[{"start":{"line":270,"column":3},"end":{"line":272,"column":4}},{"start":{"line":270,"column":3},"end":{"line":272,"column":4}}],"line":270},"20":{"loc":{"start":{"line":273,"column":3},"end":{"line":275,"column":4}},"type":"if","locations":[{"start":{"line":273,"column":3},"end":{"line":275,"column":4}},{"start":{"line":273,"column":3},"end":{"line":275,"column":4}}],"line":273},"21":{"loc":{"start":{"line":277,"column":3},"end":{"line":279,"column":4}},"type":"if","locations":[{"start":{"line":277,"column":3},"end":{"line":279,"column":4}},{"start":{"line":277,"column":3},"end":{"line":279,"column":4}}],"line":277},"22":{"loc":{"start":{"line":291,"column":3},"end":{"line":293,"column":4}},"type":"if","locations":[{"start":{"line":291,"column":3},"end":{"line":293,"column":4}},{"start":{"line":291,"column":3},"end":{"line":293,"column":4}}],"line":291},"23":{"loc":{"start":{"line":291,"column":7},"end":{"line":291,"column":24}},"type":"binary-expr","locations":[{"start":{"line":291,"column":7},"end":{"line":291,"column":11}},{"start":{"line":291,"column":15},"end":{"line":291,"column":24}}],"line":291},"24":{"loc":{"start":{"line":304,"column":2},"end":{"line":317,"column":3}},"type":"if","locations":[{"start":{"line":304,"column":2},"end":{"line":317,"column":3}},{"start":{"line":304,"column":2},"end":{"line":317,"column":3}}],"line":304},"25":{"loc":{"start":{"line":304,"column":6},"end":{"line":304,"column":70}},"type":"binary-expr","locations":[{"start":{"line":304,"column":6},"end":{"line":304,"column":38}},{"start":{"line":304,"column":42},"end":{"line":304,"column":70}}],"line":304},"26":{"loc":{"start":{"line":307,"column":25},"end":{"line":307,"column":105}},"type":"cond-expr","locations":[{"start":{"line":307,"column":51},"end":{"line":307,"column":74}},{"start":{"line":307,"column":77},"end":{"line":307,"column":105}}],"line":307},"27":{"loc":{"start":{"line":308,"column":5},"end":{"line":311,"column":6}},"type":"if","locations":[{"start":{"line":308,"column":5},"end":{"line":311,"column":6}},{"start":{"line":308,"column":5},"end":{"line":311,"column":6}}],"line":308},"28":{"loc":{"start":{"line":314,"column":3},"end":{"line":316,"column":4}},"type":"if","locations":[{"start":{"line":314,"column":3},"end":{"line":316,"column":4}},{"start":{"line":314,"column":3},"end":{"line":316,"column":4}}],"line":314},"29":{"loc":{"start":{"line":337,"column":10},"end":{"line":337,"column":86}},"type":"binary-expr","locations":[{"start":{"line":337,"column":10},"end":{"line":337,"column":48}},{"start":{"line":337,"column":52},"end":{"line":337,"column":86}}],"line":337},"30":{"loc":{"start":{"line":347,"column":2},"end":{"line":347,"column":38}},"type":"if","locations":[{"start":{"line":347,"column":2},"end":{"line":347,"column":38}},{"start":{"line":347,"column":2},"end":{"line":347,"column":38}}],"line":347},"31":{"loc":{"start":{"line":378,"column":3},"end":{"line":380,"column":4}},"type":"if","locations":[{"start":{"line":378,"column":3},"end":{"line":380,"column":4}},{"start":{"line":378,"column":3},"end":{"line":380,"column":4}}],"line":378},"32":{"loc":{"start":{"line":390,"column":2},"end":{"line":393,"column":3}},"type":"if","locations":[{"start":{"line":390,"column":2},"end":{"line":393,"column":3}},{"start":{"line":390,"column":2},"end":{"line":393,"column":3}}],"line":390},"33":{"loc":{"start":{"line":390,"column":6},"end":{"line":390,"column":63}},"type":"binary-expr","locations":[{"start":{"line":390,"column":6},"end":{"line":390,"column":32}},{"start":{"line":390,"column":36},"end":{"line":390,"column":63}}],"line":390},"34":{"loc":{"start":{"line":406,"column":2},"end":{"line":408,"column":3}},"type":"if","locations":[{"start":{"line":406,"column":2},"end":{"line":408,"column":3}},{"start":{"line":406,"column":2},"end":{"line":408,"column":3}}],"line":406},"35":{"loc":{"start":{"line":418,"column":17},"end":{"line":418,"column":32}},"type":"default-arg","locations":[{"start":{"line":418,"column":27},"end":{"line":418,"column":32}}],"line":418},"36":{"loc":{"start":{"line":419,"column":2},"end":{"line":421,"column":3}},"type":"if","locations":[{"start":{"line":419,"column":2},"end":{"line":421,"column":3}},{"start":{"line":419,"column":2},"end":{"line":421,"column":3}}],"line":419},"37":{"loc":{"start":{"line":419,"column":6},"end":{"line":419,"column":64}},"type":"binary-expr","locations":[{"start":{"line":419,"column":6},"end":{"line":419,"column":28}},{"start":{"line":419,"column":32},"end":{"line":419,"column":52}},{"start":{"line":419,"column":56},"end":{"line":419,"column":64}}],"line":419},"38":{"loc":{"start":{"line":422,"column":2},"end":{"line":424,"column":3}},"type":"if","locations":[{"start":{"line":422,"column":2},"end":{"line":424,"column":3}},{"start":{"line":422,"column":2},"end":{"line":424,"column":3}}],"line":422},"39":{"loc":{"start":{"line":425,"column":2},"end":{"line":427,"column":3}},"type":"if","locations":[{"start":{"line":425,"column":2},"end":{"line":427,"column":3}},{"start":{"line":425,"column":2},"end":{"line":427,"column":3}}],"line":425},"40":{"loc":{"start":{"line":429,"column":2},"end":{"line":432,"column":3}},"type":"if","locations":[{"start":{"line":429,"column":2},"end":{"line":432,"column":3}},{"start":{"line":429,"column":2},"end":{"line":432,"column":3}}],"line":429},"41":{"loc":{"start":{"line":429,"column":6},"end":{"line":429,"column":53}},"type":"binary-expr","locations":[{"start":{"line":429,"column":6},"end":{"line":429,"column":22}},{"start":{"line":429,"column":26},"end":{"line":429,"column":53}}],"line":429},"42":{"loc":{"start":{"line":434,"column":2},"end":{"line":437,"column":3}},"type":"if","locations":[{"start":{"line":434,"column":2},"end":{"line":437,"column":3}},{"start":{"line":434,"column":2},"end":{"line":437,"column":3}}],"line":434},"43":{"loc":{"start":{"line":448,"column":2},"end":{"line":453,"column":3}},"type":"if","locations":[{"start":{"line":448,"column":2},"end":{"line":453,"column":3}},{"start":{"line":448,"column":2},"end":{"line":453,"column":3}}],"line":448},"44":{"loc":{"start":{"line":455,"column":2},"end":{"line":457,"column":3}},"type":"if","locations":[{"start":{"line":455,"column":2},"end":{"line":457,"column":3}},{"start":{"line":455,"column":2},"end":{"line":457,"column":3}}],"line":455},"45":{"loc":{"start":{"line":471,"column":3},"end":{"line":475,"column":4}},"type":"if","locations":[{"start":{"line":471,"column":3},"end":{"line":475,"column":4}},{"start":{"line":471,"column":3},"end":{"line":475,"column":4}}],"line":471},"46":{"loc":{"start":{"line":476,"column":3},"end":{"line":478,"column":4}},"type":"if","locations":[{"start":{"line":476,"column":3},"end":{"line":478,"column":4}},{"start":{"line":476,"column":3},"end":{"line":478,"column":4}}],"line":476},"47":{"loc":{"start":{"line":494,"column":2},"end":{"line":509,"column":3}},"type":"if","locations":[{"start":{"line":494,"column":2},"end":{"line":509,"column":3}},{"start":{"line":494,"column":2},"end":{"line":509,"column":3}}],"line":494},"48":{"loc":{"start":{"line":496,"column":3},"end":{"line":508,"column":4}},"type":"if","locations":[{"start":{"line":496,"column":3},"end":{"line":508,"column":4}},{"start":{"line":496,"column":3},"end":{"line":508,"column":4}}],"line":496},"49":{"loc":{"start":{"line":496,"column":7},"end":{"line":496,"column":42}},"type":"binary-expr","locations":[{"start":{"line":496,"column":7},"end":{"line":496,"column":19}},{"start":{"line":496,"column":23},"end":{"line":496,"column":42}}],"line":496},"50":{"loc":{"start":{"line":499,"column":5},"end":{"line":501,"column":6}},"type":"if","locations":[{"start":{"line":499,"column":5},"end":{"line":501,"column":6}},{"start":{"line":499,"column":5},"end":{"line":501,"column":6}}],"line":499},"51":{"loc":{"start":{"line":520,"column":2},"end":{"line":524,"column":3}},"type":"if","locations":[{"start":{"line":520,"column":2},"end":{"line":524,"column":3}},{"start":{"line":520,"column":2},"end":{"line":524,"column":3}}],"line":520},"52":{"loc":{"start":{"line":536,"column":2},"end":{"line":544,"column":3}},"type":"if","locations":[{"start":{"line":536,"column":2},"end":{"line":544,"column":3}},{"start":{"line":536,"column":2},"end":{"line":544,"column":3}}],"line":536},"53":{"loc":{"start":{"line":536,"column":6},"end":{"line":536,"column":21}},"type":"binary-expr","locations":[{"start":{"line":536,"column":6},"end":{"line":536,"column":10}},{"start":{"line":536,"column":14},"end":{"line":536,"column":21}}],"line":536},"54":{"loc":{"start":{"line":563,"column":2},"end":{"line":565,"column":3}},"type":"if","locations":[{"start":{"line":563,"column":2},"end":{"line":565,"column":3}},{"start":{"line":563,"column":2},"end":{"line":565,"column":3}}],"line":563},"55":{"loc":{"start":{"line":566,"column":9},"end":{"line":566,"column":105}},"type":"binary-expr","locations":[{"start":{"line":566,"column":9},"end":{"line":566,"column":35}},{"start":{"line":566,"column":39},"end":{"line":566,"column":64}},{"start":{"line":566,"column":68},"end":{"line":566,"column":105}}],"line":566},"56":{"loc":{"start":{"line":594,"column":9},"end":{"line":594,"column":55}},"type":"binary-expr","locations":[{"start":{"line":594,"column":9},"end":{"line":594,"column":23}},{"start":{"line":594,"column":27},"end":{"line":594,"column":55}}],"line":594},"57":{"loc":{"start":{"line":602,"column":2},"end":{"line":605,"column":3}},"type":"if","locations":[{"start":{"line":602,"column":2},"end":{"line":605,"column":3}},{"start":{"line":602,"column":2},"end":{"line":605,"column":3}}],"line":602}},"s":{"0":34,"1":34,"2":34,"3":34,"4":34,"5":34,"6":34,"7":34,"8":34,"9":34,"10":34,"11":34,"12":34,"13":34,"14":34,"15":34,"16":34,"17":34,"18":0,"19":0,"20":0,"21":0,"22":0,"23":0,"24":4,"25":4,"26":0,"27":1,"28":3,"29":3,"30":83,"31":83,"32":23,"33":5,"34":4,"35":1,"36":5,"37":87,"38":48,"39":30,"40":30,"41":1,"42":1,"43":19,"44":19,"45":19,"46":19,"47":0,"48":52,"49":52,"50":52,"51":39,"52":0,"53":0,"54":0,"55":0,"56":0,"57":32,"58":32,"59":32,"60":0,"61":32,"62":1,"63":1,"64":1,"65":1,"66":0,"67":0,"68":1,"69":1,"70":1,"71":0,"72":3,"73":3,"74":3,"75":0,"76":3,"77":1,"78":2,"79":2,"80":2,"81":3,"82":2,"83":2,"84":0,"85":2,"86":2,"87":2,"88":3,"89":3,"90":3,"91":3,"92":2,"93":0,"94":2,"95":4,"96":3,"97":2,"98":2,"99":1,"100":1,"101":1,"102":1,"103":1,"104":47,"105":11,"106":11,"107":18,"108":18,"109":11,"110":18,"111":18,"112":9,"113":17,"114":17,"115":17,"116":38,"117":38,"118":38,"119":24,"120":38,"121":17,"122":38,"123":44,"124":5,"125":39,"126":1,"127":39,"128":1,"129":38,"130":38,"131":8,"132":8,"133":38,"134":35,"135":32,"136":32,"137":35,"138":38,"139":38,"140":0,"141":38,"142":38,"143":13,"144":25,"145":22,"146":22,"147":22,"148":15,"149":7,"150":19,"151":1,"152":18,"153":18,"154":3,"155":25,"156":25,"157":25,"158":25,"159":13,"160":14,"161":1,"162":13,"163":13,"164":13,"165":11,"166":22,"167":3,"168":3,"169":3,"170":3,"171":25,"172":25,"173":13,"174":14,"175":14,"176":12,"177":113,"178":22,"179":0,"180":22,"181":1,"182":6,"183":6,"184":140,"185":347,"186":1,"187":1,"188":3,"189":2,"190":1,"191":4,"192":4,"193":4,"194":7},"f":{"0":34,"1":0,"2":0,"3":0,"4":0,"5":0,"6":0,"7":4,"8":1,"9":3,"10":3,"11":83,"12":23,"13":5,"14":5,"15":87,"16":48,"17":30,"18":1,"19":19,"20":52,"21":0,"22":32,"23":1,"24":3,"25":3,"26":3,"27":2,"28":2,"29":2,"30":3,"31":4,"32":3,"33":2,"34":1,"35":47,"36":11,"37":18,"38":18,"39":17,"40":38,"41":24,"42":44,"43":38,"44":22,"45":25,"46":14,"47":3,"48":25,"49":14,"50":14,"51":113,"52":22,"53":1,"54":6,"55":140,"56":347,"57":3,"58":2,"59":1,"60":4},"b":{"0":[4,0],"1":[29,54],"2":[44,39],"3":[83,0],"4":[83,0],"5":[83,54,54,0],"6":[4,1],"7":[5,4],"8":[19],"9":[19,19],"10":[20],"11":[39,13],"12":[52,39],"13":[0,0],"14":[32],"15":[0,32],"16":[32,32],"17":[1,0],"18":[0,1],"19":[0,3],"20":[1,2],"21":[2,0],"22":[2,0],"23":[2,2],"24":[2,0],"25":[2,2],"26":[1,2],"27":[3,0],"28":[0,2],"29":[3,2],"30":[1,1],"31":[9,9],"32":[17,0],"33":[17,17],"34":[17,21],"35":[43],"36":[5,39],"37":[44,6,6],"38":[1,38],"39":[1,38],"40":[8,30],"41":[38,17],"42":[32,3],"43":[0,38],"44":[13,25],"45":[15,7],"46":[1,18],"47":[25,0],"48":[13,12],"49":[25,25],"50":[1,13],"51":[3,0],"52":[13,12],"53":[25,25],"54":[0,22],"55":[22,22,22],"56":[140,140],"57":[1,346]},"_coverageSchema":"332fd63041d2c1bcb487cc26dd0d5f7d97098a6c","hash":"bb94d78810f690838cc403c619896e78249273d2"}
,"/Users/builder/GitHub/laravel-micro.js/src/index.js": {"path":"/Users/builder/GitHub/laravel-micro.js/src/index.js","statementMap":{},"fnMap":{},"branchMap":{},"s":{},"f":{},"b":{},"_coverageSchema":"332fd63041d2c1bcb487cc26dd0d5f7d97098a6c","hash":"7008bc229b994adddf507ba4706b67d6e8904803"}
,"/Users/builder/GitHub/laravel-micro.js/src/Exceptions/ErrorHandler.js": {"path":"/Users/builder/GitHub/laravel-micro.js/src/Exceptions/ErrorHandler.js","statementMap":{"0":{"start":{"line":7,"column":2},"end":{"line":7,"column":16}},"1":{"start":{"line":15,"column":2},"end":{"line":21,"column":3}},"2":{"start":{"line":16,"column":3},"end":{"line":20,"column":4}},"3":{"start":{"line":17,"column":4},"end":{"line":17,"column":33}},"4":{"start":{"line":19,"column":4},"end":{"line":19,"column":20}}},"fnMap":{"0":{"name":"(anonymous_0)","decl":{"start":{"line":6,"column":1},"end":{"line":6,"column":2}},"loc":{"start":{"line":6,"column":18},"end":{"line":8,"column":2}},"line":6},"1":{"name":"(anonymous_1)","decl":{"start":{"line":14,"column":1},"end":{"line":14,"column":2}},"loc":{"start":{"line":14,"column":15},"end":{"line":22,"column":2}},"line":14}},"branchMap":{"0":{"loc":{"start":{"line":15,"column":2},"end":{"line":21,"column":3}},"type":"if","locations":[{"start":{"line":15,"column":2},"end":{"line":21,"column":3}},{"start":{"line":15,"column":2},"end":{"line":21,"column":3}}],"line":15}},"s":{"0":23,"1":3,"2":1,"3":1,"4":0},"f":{"0":23,"1":3},"b":{"0":[1,2]},"_coverageSchema":"332fd63041d2c1bcb487cc26dd0d5f7d97098a6c","hash":"bf5073fd2055ed8496d3ecd8e1e9e104732fc005"}
,"/Users/builder/GitHub/laravel-micro.js/src/Exceptions/Exception.js": {"path":"/Users/builder/GitHub/laravel-micro.js/src/Exceptions/Exception.js","statementMap":{"0":{"start":{"line":6,"column":2},"end":{"line":6,"column":21}},"1":{"start":{"line":11,"column":2},"end":{"line":11,"column":23}},"2":{"start":{"line":17,"column":2},"end":{"line":17,"column":25}}},"fnMap":{"0":{"name":"(anonymous_0)","decl":{"start":{"line":5,"column":1},"end":{"line":5,"column":2}},"loc":{"start":{"line":5,"column":15},"end":{"line":18,"column":2}},"line":5}},"branchMap":{},"s":{"0":7,"1":7,"2":7},"f":{"0":7},"b":{},"_coverageSchema":"332fd63041d2c1bcb487cc26dd0d5f7d97098a6c","hash":"4a8bbecb1b12dacfbc770e89122c51e1db314d19"}
,"/Users/builder/GitHub/laravel-micro.js/src/Services/App/AppServiceProvider.js": {"path":"/Users/builder/GitHub/laravel-micro.js/src/Services/App/AppServiceProvider.js","statementMap":{"0":{"start":{"line":7,"column":2},"end":{"line":7,"column":12}},"1":{"start":{"line":8,"column":2},"end":{"line":8,"column":23}},"2":{"start":{"line":17,"column":2},"end":{"line":17,"column":38}},"3":{"start":{"line":18,"column":2},"end":{"line":18,"column":40}},"4":{"start":{"line":33,"column":2},"end":{"line":36,"column":3}}},"fnMap":{"0":{"name":"(anonymous_0)","decl":{"start":{"line":6,"column":1},"end":{"line":6,"column":2}},"loc":{"start":{"line":6,"column":18},"end":{"line":9,"column":2}},"line":6},"1":{"name":"(anonymous_1)","decl":{"start":{"line":15,"column":1},"end":{"line":15,"column":2}},"loc":{"start":{"line":15,"column":12},"end":{"line":19,"column":2}},"line":15},"2":{"name":"(anonymous_2)","decl":{"start":{"line":25,"column":1},"end":{"line":25,"column":2}},"loc":{"start":{"line":25,"column":8},"end":{"line":26,"column":2}},"line":25},"3":{"name":"(anonymous_3)","decl":{"start":{"line":32,"column":1},"end":{"line":32,"column":2}},"loc":{"start":{"line":32,"column":16},"end":{"line":37,"column":2}},"line":32}},"branchMap":{},"s":{"0":12,"1":12,"2":11,"3":11,"4":19},"f":{"0":12,"1":11,"2":9,"3":19},"b":{},"_coverageSchema":"332fd63041d2c1bcb487cc26dd0d5f7d97098a6c","hash":"9320c187c28ba6e5b9e1deab10673ee8c39f5b58"}
,"/Users/builder/GitHub/laravel-micro.js/src/Services/App/Kernel.js": {"path":"/Users/builder/GitHub/laravel-micro.js/src/Services/App/Kernel.js","statementMap":{"0":{"start":{"line":9,"column":2},"end":{"line":9,"column":16}},"1":{"start":{"line":10,"column":2},"end":{"line":10,"column":23}},"2":{"start":{"line":11,"column":2},"end":{"line":11,"column":36}},"3":{"start":{"line":20,"column":2},"end":{"line":20,"column":31}},"4":{"start":{"line":29,"column":45},"end":{"line":29,"column":53}},"5":{"start":{"line":30,"column":2},"end":{"line":38,"column":3}},"6":{"start":{"line":31,"column":3},"end":{"line":35,"column":15}},"7":{"start":{"line":37,"column":3},"end":{"line":37,"column":26}}},"fnMap":{"0":{"name":"(anonymous_0)","decl":{"start":{"line":8,"column":1},"end":{"line":8,"column":2}},"loc":{"start":{"line":8,"column":18},"end":{"line":12,"column":2}},"line":8},"1":{"name":"(anonymous_1)","decl":{"start":{"line":19,"column":1},"end":{"line":19,"column":2}},"loc":{"start":{"line":19,"column":27},"end":{"line":21,"column":2}},"line":19},"2":{"name":"(anonymous_2)","decl":{"start":{"line":29,"column":1},"end":{"line":29,"column":2}},"loc":{"start":{"line":29,"column":55},"end":{"line":39,"column":2}},"line":29},"3":{"name":"(anonymous_3)","decl":{"start":{"line":29,"column":31},"end":{"line":29,"column":32}},"loc":{"start":{"line":29,"column":45},"end":{"line":29,"column":53}},"line":29}},"branchMap":{"0":{"loc":{"start":{"line":29,"column":8},"end":{"line":29,"column":22}},"type":"default-arg","locations":[{"start":{"line":29,"column":18},"end":{"line":29,"column":22}}],"line":29},"1":{"loc":{"start":{"line":29,"column":24},"end":{"line":29,"column":53}},"type":"default-arg","locations":[{"start":{"line":29,"column":31},"end":{"line":29,"column":53}}],"line":29}},"s":{"0":1,"1":1,"2":1,"3":1,"4":0,"5":1,"6":1,"7":0},"f":{"0":1,"1":1,"2":1,"3":0},"b":{"0":[0],"1":[0]},"_coverageSchema":"332fd63041d2c1bcb487cc26dd0d5f7d97098a6c","hash":"d084d2330466df1298f99d714c6d46df7105130f"}
,"/Users/builder/GitHub/laravel-micro.js/src/Services/Config/Config.js": {"path":"/Users/builder/GitHub/laravel-micro.js/src/Services/Config/Config.js","statementMap":{"0":{"start":{"line":6,"column":2},"end":{"line":6,"column":17}},"1":{"start":{"line":7,"column":2},"end":{"line":9,"column":13}},"2":{"start":{"line":19,"column":2},"end":{"line":21,"column":3}},"3":{"start":{"line":20,"column":3},"end":{"line":20,"column":43}},"4":{"start":{"line":22,"column":2},"end":{"line":28,"column":19}},"5":{"start":{"line":23,"column":3},"end":{"line":27,"column":4}},"6":{"start":{"line":24,"column":4},"end":{"line":24,"column":19}},"7":{"start":{"line":26,"column":4},"end":{"line":26,"column":19}},"8":{"start":{"line":36,"column":12},"end":{"line":36,"column":25}},"9":{"start":{"line":37,"column":15},"end":{"line":37,"column":30}},"10":{"start":{"line":38,"column":15},"end":{"line":38,"column":30}},"11":{"start":{"line":39,"column":2},"end":{"line":47,"column":4}},"12":{"start":{"line":40,"column":3},"end":{"line":42,"column":4}},"13":{"start":{"line":41,"column":4},"end":{"line":41,"column":17}},"14":{"start":{"line":43,"column":3},"end":{"line":45,"column":4}},"15":{"start":{"line":44,"column":4},"end":{"line":44,"column":20}},"16":{"start":{"line":46,"column":3},"end":{"line":46,"column":17}},"17":{"start":{"line":48,"column":2},"end":{"line":48,"column":12}},"18":{"start":{"line":56,"column":2},"end":{"line":56,"column":22}},"19":{"start":{"line":64,"column":17},"end":{"line":64,"column":30}},"20":{"start":{"line":65,"column":2},"end":{"line":67,"column":3}},"21":{"start":{"line":66,"column":3},"end":{"line":66,"column":110}},"22":{"start":{"line":68,"column":2},"end":{"line":68,"column":34}},"23":{"start":{"line":76,"column":2},"end":{"line":76,"column":42}},"24":{"start":{"line":84,"column":2},"end":{"line":84,"column":46}},"25":{"start":{"line":92,"column":2},"end":{"line":92,"column":45}}},"fnMap":{"0":{"name":"(anonymous_0)","decl":{"start":{"line":5,"column":1},"end":{"line":5,"column":2}},"loc":{"start":{"line":5,"column":32},"end":{"line":10,"column":2}},"line":5},"1":{"name":"(anonymous_1)","decl":{"start":{"line":18,"column":1},"end":{"line":18,"column":2}},"loc":{"start":{"line":18,"column":30},"end":{"line":29,"column":2}},"line":18},"2":{"name":"(anonymous_2)","decl":{"start":{"line":22,"column":34},"end":{"line":22,"column":35}},"loc":{"start":{"line":22,"column":48},"end":{"line":28,"column":3}},"line":22},"3":{"name":"(anonymous_3)","decl":{"start":{"line":35,"column":1},"end":{"line":35,"column":2}},"loc":{"start":{"line":35,"column":18},"end":{"line":49,"column":2}},"line":35},"4":{"name":"(anonymous_4)","decl":{"start":{"line":39,"column":15},"end":{"line":39,"column":16}},"loc":{"start":{"line":39,"column":31},"end":{"line":47,"column":3}},"line":39},"5":{"name":"(anonymous_5)","decl":{"start":{"line":55,"column":1},"end":{"line":55,"column":2}},"loc":{"start":{"line":55,"column":7},"end":{"line":57,"column":2}},"line":55},"6":{"name":"(anonymous_6)","decl":{"start":{"line":63,"column":1},"end":{"line":63,"column":2}},"loc":{"start":{"line":63,"column":15},"end":{"line":69,"column":2}},"line":63},"7":{"name":"(anonymous_7)","decl":{"start":{"line":75,"column":1},"end":{"line":75,"column":2}},"loc":{"start":{"line":75,"column":17},"end":{"line":77,"column":2}},"line":75},"8":{"name":"(anonymous_8)","decl":{"start":{"line":83,"column":1},"end":{"line":83,"column":2}},"loc":{"start":{"line":83,"column":21},"end":{"line":85,"column":2}},"line":83},"9":{"name":"(anonymous_9)","decl":{"start":{"line":91,"column":1},"end":{"line":91,"column":2}},"loc":{"start":{"line":91,"column":20},"end":{"line":93,"column":2}},"line":91}},"branchMap":{"0":{"loc":{"start":{"line":5,"column":18},"end":{"line":5,"column":30}},"type":"default-arg","locations":[{"start":{"line":5,"column":28},"end":{"line":5,"column":30}}],"line":5},"1":{"loc":{"start":{"line":18,"column":13},"end":{"line":18,"column":28}},"type":"default-arg","locations":[{"start":{"line":18,"column":24},"end":{"line":18,"column":28}}],"line":18},"2":{"loc":{"start":{"line":19,"column":2},"end":{"line":21,"column":3}},"type":"if","locations":[{"start":{"line":19,"column":2},"end":{"line":21,"column":3}},{"start":{"line":19,"column":2},"end":{"line":21,"column":3}}],"line":19},"3":{"loc":{"start":{"line":20,"column":10},"end":{"line":20,"column":43}},"type":"binary-expr","locations":[{"start":{"line":20,"column":10},"end":{"line":20,"column":31}},{"start":{"line":20,"column":35},"end":{"line":20,"column":43}}],"line":20},"4":{"loc":{"start":{"line":40,"column":3},"end":{"line":42,"column":4}},"type":"if","locations":[{"start":{"line":40,"column":3},"end":{"line":42,"column":4}},{"start":{"line":40,"column":3},"end":{"line":42,"column":4}}],"line":40},"5":{"loc":{"start":{"line":43,"column":3},"end":{"line":45,"column":4}},"type":"if","locations":[{"start":{"line":43,"column":3},"end":{"line":45,"column":4}},{"start":{"line":43,"column":3},"end":{"line":45,"column":4}}],"line":43},"6":{"loc":{"start":{"line":65,"column":2},"end":{"line":67,"column":3}},"type":"if","locations":[{"start":{"line":65,"column":2},"end":{"line":67,"column":3}},{"start":{"line":65,"column":2},"end":{"line":67,"column":3}}],"line":65},"7":{"loc":{"start":{"line":65,"column":6},"end":{"line":65,"column":45}},"type":"binary-expr","locations":[{"start":{"line":65,"column":6},"end":{"line":65,"column":13}},{"start":{"line":65,"column":17},"end":{"line":65,"column":45}}],"line":65}},"s":{"0":8,"1":8,"2":8,"3":4,"4":4,"5":10,"6":10,"7":1,"8":5,"9":5,"10":5,"11":5,"12":11,"13":9,"14":11,"15":5,"16":11,"17":5,"18":1,"19":2,"20":2,"21":1,"22":1,"23":1,"24":1,"25":1},"f":{"0":8,"1":8,"2":10,"3":5,"4":11,"5":1,"6":2,"7":1,"8":1,"9":1},"b":{"0":[1],"1":[6],"2":[4,4],"3":[4,2],"4":[9,2],"5":[5,6],"6":[1,1],"7":[2,1]},"_coverageSchema":"332fd63041d2c1bcb487cc26dd0d5f7d97098a6c","hash":"7939888e2b681aa87e66e24ca0a4441d88535f5b"}
,"/Users/builder/GitHub/laravel-micro.js/src/Services/Config/ConfigServiceProvider.js": {"path":"/Users/builder/GitHub/laravel-micro.js/src/Services/Config/ConfigServiceProvider.js","statementMap":{"0":{"start":{"line":6,"column":8},"end":{"line":6,"column":18}},"1":{"start":{"line":7,"column":8},"end":{"line":7,"column":28}},"2":{"start":{"line":15,"column":8},"end":{"line":17,"column":11}},"3":{"start":{"line":15,"column":41},"end":{"line":17,"column":10}},"4":{"start":{"line":33,"column":8},"end":{"line":33,"column":25}}},"fnMap":{"0":{"name":"(anonymous_0)","decl":{"start":{"line":5,"column":4},"end":{"line":5,"column":5}},"loc":{"start":{"line":5,"column":21},"end":{"line":8,"column":5}},"line":5},"1":{"name":"(anonymous_1)","decl":{"start":{"line":14,"column":4},"end":{"line":14,"column":5}},"loc":{"start":{"line":14,"column":15},"end":{"line":18,"column":5}},"line":14},"2":{"name":"(anonymous_2)","decl":{"start":{"line":15,"column":32},"end":{"line":15,"column":33}},"loc":{"start":{"line":15,"column":41},"end":{"line":17,"column":10}},"line":15},"3":{"name":"(anonymous_3)","decl":{"start":{"line":24,"column":4},"end":{"line":24,"column":5}},"loc":{"start":{"line":24,"column":11},"end":{"line":26,"column":5}},"line":24},"4":{"name":"(anonymous_4)","decl":{"start":{"line":32,"column":4},"end":{"line":32,"column":5}},"loc":{"start":{"line":32,"column":19},"end":{"line":34,"column":5}},"line":32}},"branchMap":{},"s":{"0":7,"1":7,"2":7,"3":7,"4":7},"f":{"0":7,"1":7,"2":7,"3":7,"4":7},"b":{},"_coverageSchema":"332fd63041d2c1bcb487cc26dd0d5f7d97098a6c","hash":"1e8e2b15145136d1f066e920f2d7f909a6f144f8"}
,"/Users/builder/GitHub/laravel-micro.js/src/Support/Collection.js": {"path":"/Users/builder/GitHub/laravel-micro.js/src/Support/Collection.js","statementMap":{"0":{"start":{"line":17,"column":26},"end":{"line":31,"column":1}},"1":{"start":{"line":18,"column":4},"end":{"line":30,"column":5}},"2":{"start":{"line":43,"column":8},"end":{"line":43,"column":66}},"3":{"start":{"line":44,"column":8},"end":{"line":44,"column":33}},"4":{"start":{"line":51,"column":8},"end":{"line":51,"column":110}},"5":{"start":{"line":58,"column":8},"end":{"line":58,"column":108}},"6":{"start":{"line":65,"column":8},"end":{"line":65,"column":37}},"7":{"start":{"line":72,"column":8},"end":{"line":72,"column":31}},"8":{"start":{"line":79,"column":8},"end":{"line":79,"column":36}},"9":{"start":{"line":86,"column":8},"end":{"line":86,"column":39}},"10":{"start":{"line":94,"column":8},"end":{"line":94,"column":39}},"11":{"start":{"line":101,"column":8},"end":{"line":101,"column":35}},"12":{"start":{"line":109,"column":8},"end":{"line":109,"column":35}},"13":{"start":{"line":116,"column":8},"end":{"line":116,"column":31}},"14":{"start":{"line":124,"column":8},"end":{"line":124,"column":31}},"15":{"start":{"line":131,"column":8},"end":{"line":131,"column":32}},"16":{"start":{"line":139,"column":8},"end":{"line":139,"column":32}},"17":{"start":{"line":146,"column":8},"end":{"line":146,"column":35}},"18":{"start":{"line":154,"column":8},"end":{"line":157,"column":10}},"19":{"start":{"line":164,"column":8},"end":{"line":164,"column":43}},"20":{"start":{"line":172,"column":8},"end":{"line":172,"column":40}},"21":{"start":{"line":179,"column":8},"end":{"line":179,"column":65}},"22":{"start":{"line":186,"column":8},"end":{"line":186,"column":68}},"23":{"start":{"line":193,"column":8},"end":{"line":193,"column":48}},"24":{"start":{"line":201,"column":8},"end":{"line":201,"column":32}},"25":{"start":{"line":210,"column":8},"end":{"line":214,"column":9}},"26":{"start":{"line":211,"column":12},"end":{"line":211,"column":30}},"27":{"start":{"line":213,"column":12},"end":{"line":213,"column":31}},"28":{"start":{"line":215,"column":8},"end":{"line":215,"column":19}},"29":{"start":{"line":224,"column":8},"end":{"line":224,"column":33}},"30":{"start":{"line":225,"column":8},"end":{"line":225,"column":19}},"31":{"start":{"line":233,"column":8},"end":{"line":233,"column":57}},"32":{"start":{"line":240,"column":8},"end":{"line":240,"column":78}},"33":{"start":{"line":249,"column":8},"end":{"line":252,"column":9}},"34":{"start":{"line":250,"column":12},"end":{"line":250,"column":34}},"35":{"start":{"line":251,"column":12},"end":{"line":251,"column":37}},"36":{"start":{"line":253,"column":8},"end":{"line":253,"column":19}},"37":{"start":{"line":262,"column":8},"end":{"line":265,"column":9}},"38":{"start":{"line":263,"column":12},"end":{"line":263,"column":34}},"39":{"start":{"line":264,"column":12},"end":{"line":264,"column":40}},"40":{"start":{"line":266,"column":8},"end":{"line":266,"column":19}},"41":{"start":{"line":273,"column":8},"end":{"line":275,"column":9}},"42":{"start":{"line":274,"column":12},"end":{"line":274,"column":36}},"43":{"start":{"line":283,"column":8},"end":{"line":283,"column":48}},"44":{"start":{"line":290,"column":8},"end":{"line":290,"column":51}},"45":{"start":{"line":297,"column":8},"end":{"line":297,"column":66}},"46":{"start":{"line":306,"column":8},"end":{"line":306,"column":49}},"47":{"start":{"line":315,"column":8},"end":{"line":315,"column":69}},"48":{"start":{"line":315,"column":47},"end":{"line":315,"column":68}},"49":{"start":{"line":324,"column":8},"end":{"line":324,"column":69}},"50":{"start":{"line":324,"column":47},"end":{"line":324,"column":68}},"51":{"start":{"line":333,"column":22},"end":{"line":333,"column":45}},"52":{"start":{"line":334,"column":21},"end":{"line":334,"column":42}},"53":{"start":{"line":335,"column":8},"end":{"line":335,"column":27}},"54":{"start":{"line":344,"column":24},"end":{"line":344,"column":47}},"55":{"start":{"line":345,"column":8},"end":{"line":347,"column":9}},"56":{"start":{"line":346,"column":12},"end":{"line":346,"column":88}},"57":{"start":{"line":346,"column":37},"end":{"line":346,"column":87}},"58":{"start":{"line":348,"column":8},"end":{"line":348,"column":19}},"59":{"start":{"line":357,"column":24},"end":{"line":357,"column":47}},"60":{"start":{"line":358,"column":8},"end":{"line":360,"column":9}},"61":{"start":{"line":359,"column":12},"end":{"line":359,"column":95}},"62":{"start":{"line":359,"column":37},"end":{"line":359,"column":94}},"63":{"start":{"line":361,"column":8},"end":{"line":361,"column":19}},"64":{"start":{"line":370,"column":8},"end":{"line":370,"column":70}},"65":{"start":{"line":371,"column":8},"end":{"line":371,"column":19}},"66":{"start":{"line":378,"column":8},"end":{"line":387,"column":9}},"67":{"start":{"line":379,"column":12},"end":{"line":383,"column":13}},"68":{"start":{"line":380,"column":16},"end":{"line":380,"column":39}},"69":{"start":{"line":382,"column":16},"end":{"line":382,"column":40}},"70":{"start":{"line":385,"column":12},"end":{"line":385,"column":39}},"71":{"start":{"line":386,"column":12},"end":{"line":386,"column":36}},"72":{"start":{"line":394,"column":8},"end":{"line":394,"column":47}},"73":{"start":{"line":401,"column":8},"end":{"line":401,"column":47}},"74":{"start":{"line":409,"column":8},"end":{"line":409,"column":39}},"75":{"start":{"line":417,"column":8},"end":{"line":417,"column":49}},"76":{"start":{"line":425,"column":8},"end":{"line":425,"column":45}},"77":{"start":{"line":433,"column":8},"end":{"line":433,"column":41}},"78":{"start":{"line":443,"column":20},"end":{"line":443,"column":22}},"79":{"start":{"line":444,"column":8},"end":{"line":446,"column":9}},"80":{"start":{"line":445,"column":12},"end":{"line":445,"column":25}},"81":{"start":{"line":447,"column":8},"end":{"line":449,"column":9}},"82":{"start":{"line":448,"column":12},"end":{"line":448,"column":32}},"83":{"start":{"line":450,"column":8},"end":{"line":452,"column":9}},"84":{"start":{"line":451,"column":12},"end":{"line":451,"column":29}},"85":{"start":{"line":453,"column":8},"end":{"line":453,"column":24}},"86":{"start":{"line":454,"column":8},"end":{"line":454,"column":29}},"87":{"start":{"line":455,"column":8},"end":{"line":455,"column":20}}},"fnMap":{"0":{"name":"(anonymous_0)","decl":{"start":{"line":17,"column":26},"end":{"line":17,"column":27}},"loc":{"start":{"line":17,"column":32},"end":{"line":31,"column":1}},"line":17},"1":{"name":"(anonymous_1)","decl":{"start":{"line":42,"column":4},"end":{"line":42,"column":5}},"loc":{"start":{"line":42,"column":28},"end":{"line":45,"column":5}},"line":42},"2":{"name":"(anonymous_2)","decl":{"start":{"line":50,"column":4},"end":{"line":50,"column":5}},"loc":{"start":{"line":50,"column":21},"end":{"line":52,"column":5}},"line":50},"3":{"name":"(anonymous_3)","decl":{"start":{"line":57,"column":4},"end":{"line":57,"column":5}},"loc":{"start":{"line":57,"column":19},"end":{"line":59,"column":5}},"line":57},"4":{"name":"(anonymous_4)","decl":{"start":{"line":64,"column":4},"end":{"line":64,"column":5}},"loc":{"start":{"line":64,"column":19},"end":{"line":66,"column":5}},"line":64},"5":{"name":"(anonymous_5)","decl":{"start":{"line":71,"column":4},"end":{"line":71,"column":5}},"loc":{"start":{"line":71,"column":16},"end":{"line":73,"column":5}},"line":71},"6":{"name":"(anonymous_6)","decl":{"start":{"line":78,"column":4},"end":{"line":78,"column":5}},"loc":{"start":{"line":78,"column":19},"end":{"line":80,"column":5}},"line":78},"7":{"name":"(anonymous_7)","decl":{"start":{"line":85,"column":4},"end":{"line":85,"column":5}},"loc":{"start":{"line":85,"column":22},"end":{"line":87,"column":5}},"line":85},"8":{"name":"(anonymous_8)","decl":{"start":{"line":93,"column":4},"end":{"line":93,"column":5}},"loc":{"start":{"line":93,"column":27},"end":{"line":95,"column":5}},"line":93},"9":{"name":"(anonymous_9)","decl":{"start":{"line":100,"column":4},"end":{"line":100,"column":5}},"loc":{"start":{"line":100,"column":18},"end":{"line":102,"column":5}},"line":100},"10":{"name":"(anonymous_10)","decl":{"start":{"line":108,"column":4},"end":{"line":108,"column":5}},"loc":{"start":{"line":108,"column":23},"end":{"line":110,"column":5}},"line":108},"11":{"name":"(anonymous_11)","decl":{"start":{"line":115,"column":4},"end":{"line":115,"column":5}},"loc":{"start":{"line":115,"column":15},"end":{"line":117,"column":5}},"line":115},"12":{"name":"(anonymous_12)","decl":{"start":{"line":123,"column":4},"end":{"line":123,"column":5}},"loc":{"start":{"line":123,"column":20},"end":{"line":125,"column":5}},"line":123},"13":{"name":"(anonymous_13)","decl":{"start":{"line":130,"column":4},"end":{"line":130,"column":5}},"loc":{"start":{"line":130,"column":16},"end":{"line":132,"column":5}},"line":130},"14":{"name":"(anonymous_14)","decl":{"start":{"line":138,"column":4},"end":{"line":138,"column":5}},"loc":{"start":{"line":138,"column":21},"end":{"line":140,"column":5}},"line":138},"15":{"name":"(anonymous_15)","decl":{"start":{"line":145,"column":4},"end":{"line":145,"column":5}},"loc":{"start":{"line":145,"column":18},"end":{"line":147,"column":5}},"line":145},"16":{"name":"(anonymous_16)","decl":{"start":{"line":153,"column":4},"end":{"line":153,"column":5}},"loc":{"start":{"line":153,"column":23},"end":{"line":158,"column":5}},"line":153},"17":{"name":"(anonymous_17)","decl":{"start":{"line":163,"column":4},"end":{"line":163,"column":5}},"loc":{"start":{"line":163,"column":25},"end":{"line":165,"column":5}},"line":163},"18":{"name":"(anonymous_18)","decl":{"start":{"line":171,"column":4},"end":{"line":171,"column":5}},"loc":{"start":{"line":171,"column":24},"end":{"line":173,"column":5}},"line":171},"19":{"name":"(anonymous_19)","decl":{"start":{"line":178,"column":4},"end":{"line":178,"column":5}},"loc":{"start":{"line":178,"column":28},"end":{"line":180,"column":5}},"line":178},"20":{"name":"(anonymous_20)","decl":{"start":{"line":185,"column":4},"end":{"line":185,"column":5}},"loc":{"start":{"line":185,"column":22},"end":{"line":187,"column":5}},"line":185},"21":{"name":"(anonymous_21)","decl":{"start":{"line":192,"column":4},"end":{"line":192,"column":5}},"loc":{"start":{"line":192,"column":26},"end":{"line":194,"column":5}},"line":192},"22":{"name":"(anonymous_22)","decl":{"start":{"line":200,"column":4},"end":{"line":200,"column":5}},"loc":{"start":{"line":200,"column":15},"end":{"line":202,"column":5}},"line":200},"23":{"name":"(anonymous_23)","decl":{"start":{"line":209,"column":4},"end":{"line":209,"column":5}},"loc":{"start":{"line":209,"column":36},"end":{"line":216,"column":5}},"line":209},"24":{"name":"(anonymous_24)","decl":{"start":{"line":223,"column":4},"end":{"line":223,"column":5}},"loc":{"start":{"line":223,"column":22},"end":{"line":226,"column":5}},"line":223},"25":{"name":"(anonymous_25)","decl":{"start":{"line":232,"column":4},"end":{"line":232,"column":5}},"loc":{"start":{"line":232,"column":20},"end":{"line":234,"column":5}},"line":232},"26":{"name":"(anonymous_26)","decl":{"start":{"line":239,"column":4},"end":{"line":239,"column":5}},"loc":{"start":{"line":239,"column":12},"end":{"line":241,"column":5}},"line":239},"27":{"name":"(anonymous_27)","decl":{"start":{"line":248,"column":4},"end":{"line":248,"column":5}},"loc":{"start":{"line":248,"column":31},"end":{"line":254,"column":5}},"line":248},"28":{"name":"(anonymous_28)","decl":{"start":{"line":261,"column":4},"end":{"line":261,"column":5}},"loc":{"start":{"line":261,"column":32},"end":{"line":267,"column":5}},"line":261},"29":{"name":"(anonymous_29)","decl":{"start":{"line":272,"column":4},"end":{"line":272,"column":5}},"loc":{"start":{"line":272,"column":21},"end":{"line":276,"column":5}},"line":272},"30":{"name":"(anonymous_30)","decl":{"start":{"line":282,"column":4},"end":{"line":282,"column":5}},"loc":{"start":{"line":282,"column":12},"end":{"line":284,"column":5}},"line":282},"31":{"name":"(anonymous_31)","decl":{"start":{"line":289,"column":4},"end":{"line":289,"column":5}},"loc":{"start":{"line":289,"column":11},"end":{"line":291,"column":5}},"line":289},"32":{"name":"(anonymous_32)","decl":{"start":{"line":296,"column":4},"end":{"line":296,"column":5}},"loc":{"start":{"line":296,"column":10},"end":{"line":298,"column":5}},"line":296},"33":{"name":"(anonymous_33)","decl":{"start":{"line":305,"column":4},"end":{"line":305,"column":5}},"loc":{"start":{"line":305,"column":34},"end":{"line":307,"column":5}},"line":305},"34":{"name":"(anonymous_34)","decl":{"start":{"line":314,"column":4},"end":{"line":314,"column":5}},"loc":{"start":{"line":314,"column":36},"end":{"line":316,"column":5}},"line":314},"35":{"name":"(anonymous_35)","decl":{"start":{"line":315,"column":38},"end":{"line":315,"column":39}},"loc":{"start":{"line":315,"column":47},"end":{"line":315,"column":68}},"line":315},"36":{"name":"(anonymous_36)","decl":{"start":{"line":323,"column":4},"end":{"line":323,"column":5}},"loc":{"start":{"line":323,"column":39},"end":{"line":325,"column":5}},"line":323},"37":{"name":"(anonymous_37)","decl":{"start":{"line":324,"column":38},"end":{"line":324,"column":39}},"loc":{"start":{"line":324,"column":47},"end":{"line":324,"column":68}},"line":324},"38":{"name":"(anonymous_38)","decl":{"start":{"line":332,"column":4},"end":{"line":332,"column":5}},"loc":{"start":{"line":332,"column":33},"end":{"line":336,"column":5}},"line":332},"39":{"name":"(anonymous_39)","decl":{"start":{"line":343,"column":4},"end":{"line":343,"column":5}},"loc":{"start":{"line":343,"column":31},"end":{"line":349,"column":5}},"line":343},"40":{"name":"(anonymous_40)","decl":{"start":{"line":346,"column":28},"end":{"line":346,"column":29}},"loc":{"start":{"line":346,"column":37},"end":{"line":346,"column":87}},"line":346},"41":{"name":"(anonymous_41)","decl":{"start":{"line":356,"column":4},"end":{"line":356,"column":5}},"loc":{"start":{"line":356,"column":31},"end":{"line":362,"column":5}},"line":356},"42":{"name":"(anonymous_42)","decl":{"start":{"line":359,"column":28},"end":{"line":359,"column":29}},"loc":{"start":{"line":359,"column":37},"end":{"line":359,"column":94}},"line":359},"43":{"name":"(anonymous_43)","decl":{"start":{"line":369,"column":4},"end":{"line":369,"column":5}},"loc":{"start":{"line":369,"column":24},"end":{"line":372,"column":5}},"line":369},"44":{"name":"(anonymous_44)","decl":{"start":{"line":377,"column":4},"end":{"line":377,"column":5}},"loc":{"start":{"line":377,"column":25},"end":{"line":388,"column":5}},"line":377},"45":{"name":"(anonymous_45)","decl":{"start":{"line":393,"column":4},"end":{"line":393,"column":5}},"loc":{"start":{"line":393,"column":19},"end":{"line":395,"column":5}},"line":393},"46":{"name":"(anonymous_46)","decl":{"start":{"line":400,"column":4},"end":{"line":400,"column":5}},"loc":{"start":{"line":400,"column":15},"end":{"line":402,"column":5}},"line":400},"47":{"name":"(anonymous_47)","decl":{"start":{"line":408,"column":4},"end":{"line":408,"column":5}},"loc":{"start":{"line":408,"column":16},"end":{"line":410,"column":5}},"line":408},"48":{"name":"(anonymous_48)","decl":{"start":{"line":416,"column":4},"end":{"line":416,"column":5}},"loc":{"start":{"line":416,"column":25},"end":{"line":418,"column":5}},"line":416},"49":{"name":"(anonymous_49)","decl":{"start":{"line":424,"column":4},"end":{"line":424,"column":5}},"loc":{"start":{"line":424,"column":23},"end":{"line":426,"column":5}},"line":424},"50":{"name":"(anonymous_50)","decl":{"start":{"line":432,"column":4},"end":{"line":432,"column":5}},"loc":{"start":{"line":432,"column":20},"end":{"line":434,"column":5}},"line":432},"51":{"name":"(anonymous_51)","decl":{"start":{"line":442,"column":4},"end":{"line":442,"column":5}},"loc":{"start":{"line":442,"column":51},"end":{"line":456,"column":5}},"line":442}},"branchMap":{"0":{"loc":{"start":{"line":42,"column":16},"end":{"line":42,"column":26}},"type":"default-arg","locations":[{"start":{"line":42,"column":24},"end":{"line":42,"column":26}}],"line":42},"1":{"loc":{"start":{"line":155,"column":22},"end":{"line":155,"column":69}},"type":"cond-expr","locations":[{"start":{"line":155,"column":60},"end":{"line":155,"column":65}},{"start":{"line":155,"column":68},"end":{"line":155,"column":69}}],"line":155},"2":{"loc":{"start":{"line":209,"column":16},"end":{"line":209,"column":27}},"type":"default-arg","locations":[{"start":{"line":209,"column":23},"end":{"line":209,"column":27}}],"line":209},"3":{"loc":{"start":{"line":210,"column":8},"end":{"line":214,"column":9}},"type":"if","locations":[{"start":{"line":210,"column":8},"end":{"line":214,"column":9}},{"start":{"line":210,"column":8},"end":{"line":214,"column":9}}],"line":210},"4":{"loc":{"start":{"line":248,"column":16},"end":{"line":248,"column":29}},"type":"default-arg","locations":[{"start":{"line":248,"column":24},"end":{"line":248,"column":29}}],"line":248},"5":{"loc":{"start":{"line":249,"column":8},"end":{"line":252,"column":9}},"type":"if","locations":[{"start":{"line":249,"column":8},"end":{"line":252,"column":9}},{"start":{"line":249,"column":8},"end":{"line":252,"column":9}}],"line":249},"6":{"loc":{"start":{"line":249,"column":11},"end":{"line":249,"column":34}},"type":"binary-expr","locations":[{"start":{"line":249,"column":11},"end":{"line":249,"column":25}},{"start":{"line":249,"column":29},"end":{"line":249,"column":34}}],"line":249},"7":{"loc":{"start":{"line":261,"column":17},"end":{"line":261,"column":30}},"type":"default-arg","locations":[{"start":{"line":261,"column":25},"end":{"line":261,"column":30}}],"line":261},"8":{"loc":{"start":{"line":262,"column":8},"end":{"line":265,"column":9}},"type":"if","locations":[{"start":{"line":262,"column":8},"end":{"line":265,"column":9}},{"start":{"line":262,"column":8},"end":{"line":265,"column":9}}],"line":262},"9":{"loc":{"start":{"line":262,"column":11},"end":{"line":262,"column":34}},"type":"binary-expr","locations":[{"start":{"line":262,"column":11},"end":{"line":262,"column":25}},{"start":{"line":262,"column":29},"end":{"line":262,"column":34}}],"line":262},"10":{"loc":{"start":{"line":273,"column":8},"end":{"line":275,"column":9}},"type":"if","locations":[{"start":{"line":273,"column":8},"end":{"line":275,"column":9}},{"start":{"line":273,"column":8},"end":{"line":275,"column":9}}],"line":273},"11":{"loc":{"start":{"line":273,"column":11},"end":{"line":273,"column":63}},"type":"binary-expr","locations":[{"start":{"line":273,"column":11},"end":{"line":273,"column":24}},{"start":{"line":273,"column":28},"end":{"line":273,"column":63}}],"line":273},"12":{"loc":{"start":{"line":290,"column":15},"end":{"line":290,"column":51}},"type":"cond-expr","locations":[{"start":{"line":290,"column":31},"end":{"line":290,"column":44}},{"start":{"line":290,"column":47},"end":{"line":290,"column":51}}],"line":290},"13":{"loc":{"start":{"line":297,"column":15},"end":{"line":297,"column":66}},"type":"cond-expr","locations":[{"start":{"line":297,"column":31},"end":{"line":297,"column":59}},{"start":{"line":297,"column":62},"end":{"line":297,"column":66}}],"line":297},"14":{"loc":{"start":{"line":305,"column":15},"end":{"line":305,"column":26}},"type":"default-arg","locations":[{"start":{"line":305,"column":22},"end":{"line":305,"column":26}}],"line":305},"15":{"loc":{"start":{"line":306,"column":15},"end":{"line":306,"column":49}},"type":"binary-expr","locations":[{"start":{"line":306,"column":15},"end":{"line":306,"column":41}},{"start":{"line":306,"column":45},"end":{"line":306,"column":49}}],"line":306},"16":{"loc":{"start":{"line":314,"column":10},"end":{"line":314,"column":21}},"type":"default-arg","locations":[{"start":{"line":314,"column":17},"end":{"line":314,"column":21}}],"line":314},"17":{"loc":{"start":{"line":314,"column":23},"end":{"line":314,"column":35}},"type":"default-arg","locations":[{"start":{"line":314,"column":31},"end":{"line":314,"column":35}}],"line":314},"18":{"loc":{"start":{"line":323,"column":13},"end":{"line":323,"column":24}},"type":"default-arg","locations":[{"start":{"line":323,"column":20},"end":{"line":323,"column":24}}],"line":323},"19":{"loc":{"start":{"line":323,"column":26},"end":{"line":323,"column":38}},"type":"default-arg","locations":[{"start":{"line":323,"column":34},"end":{"line":323,"column":38}}],"line":323},"20":{"loc":{"start":{"line":332,"column":14},"end":{"line":332,"column":25}},"type":"default-arg","locations":[{"start":{"line":332,"column":21},"end":{"line":332,"column":25}}],"line":332},"21":{"loc":{"start":{"line":335,"column":15},"end":{"line":335,"column":27}},"type":"binary-expr","locations":[{"start":{"line":335,"column":15},"end":{"line":335,"column":19}},{"start":{"line":335,"column":23},"end":{"line":335,"column":27}}],"line":335},"22":{"loc":{"start":{"line":343,"column":11},"end":{"line":343,"column":22}},"type":"default-arg","locations":[{"start":{"line":343,"column":18},"end":{"line":343,"column":22}}],"line":343},"23":{"loc":{"start":{"line":345,"column":8},"end":{"line":347,"column":9}},"type":"if","locations":[{"start":{"line":345,"column":8},"end":{"line":347,"column":9}},{"start":{"line":345,"column":8},"end":{"line":347,"column":9}}],"line":345},"24":{"loc":{"start":{"line":356,"column":11},"end":{"line":356,"column":22}},"type":"default-arg","locations":[{"start":{"line":356,"column":18},"end":{"line":356,"column":22}}],"line":356},"25":{"loc":{"start":{"line":358,"column":8},"end":{"line":360,"column":9}},"type":"if","locations":[{"start":{"line":358,"column":8},"end":{"line":360,"column":9}},{"start":{"line":358,"column":8},"end":{"line":360,"column":9}}],"line":358},"26":{"loc":{"start":{"line":378,"column":8},"end":{"line":387,"column":9}},"type":"if","locations":[{"start":{"line":378,"column":8},"end":{"line":387,"column":9}},{"start":{"line":378,"column":8},"end":{"line":387,"column":9}}],"line":378},"27":{"loc":{"start":{"line":379,"column":12},"end":{"line":383,"column":13}},"type":"if","locations":[{"start":{"line":379,"column":12},"end":{"line":383,"column":13}},{"start":{"line":379,"column":12},"end":{"line":383,"column":13}}],"line":379},"28":{"loc":{"start":{"line":442,"column":40},"end":{"line":442,"column":49}},"type":"default-arg","locations":[{"start":{"line":442,"column":48},"end":{"line":442,"column":49}}],"line":442},"29":{"loc":{"start":{"line":447,"column":8},"end":{"line":449,"column":9}},"type":"if","locations":[{"start":{"line":447,"column":8},"end":{"line":449,"column":9}},{"start":{"line":447,"column":8},"end":{"line":449,"column":9}}],"line":447},"30":{"loc":{"start":{"line":450,"column":8},"end":{"line":452,"column":9}},"type":"if","locations":[{"start":{"line":450,"column":8},"end":{"line":452,"column":9}},{"start":{"line":450,"column":8},"end":{"line":452,"column":9}}],"line":450}},"s":{"0":1,"1":0,"2":0,"3":0,"4":0,"5":0,"6":0,"7":0,"8":0,"9":0,"10":0,"11":0,"12":0,"13":0,"14":0,"15":0,"16":0,"17":0,"18":0,"19":0,"20":0,"21":0,"22":0,"23":0,"24":0,"25":0,"26":0,"27":0,"28":0,"29":0,"30":0,"31":0,"32":0,"33":0,"34":0,"35":0,"36":0,"37":0,"38":0,"39":0,"40":0,"41":0,"42":0,"43":0,"44":0,"45":0,"46":0,"47":0,"48":0,"49":0,"50":0,"51":0,"52":0,"53":0,"54":0,"55":0,"56":0,"57":0,"58":0,"59":0,"60":0,"61":0,"62":0,"63":0,"64":0,"65":0,"66":0,"67":0,"68":0,"69":0,"70":0,"71":0,"72":0,"73":0,"74":0,"75":0,"76":0,"77":0,"78":0,"79":0,"80":0,"81":0,"82":0,"83":0,"84":0,"85":0,"86":0,"87":0},"f":{"0":0,"1":0,"2":0,"3":0,"4":0,"5":0,"6":0,"7":0,"8":0,"9":0,"10":0,"11":0,"12":0,"13":0,"14":0,"15":0,"16":0,"17":0,"18":0,"19":0,"20":0,"21":0,"22":0,"23":0,"24":0,"25":0,"26":0,"27":0,"28":0,"29":0,"30":0,"31":0,"32":0,"33":0,"34":0,"35":0,"36":0,"37":0,"38":0,"39":0,"40":0,"41":0,"42":0,"43":0,"44":0,"45":0,"46":0,"47":0,"48":0,"49":0,"50":0,"51":0},"b":{"0":[0],"1":[0,0],"2":[0],"3":[0,0],"4":[0],"5":[0,0],"6":[0,0],"7":[0],"8":[0,0],"9":[0,0],"10":[0,0],"11":[0,0],"12":[0,0],"13":[0,0],"14":[0],"15":[0,0],"16":[0],"17":[0],"18":[0],"19":[0],"20":[0],"21":[0,0],"22":[0],"23":[0,0],"24":[0],"25":[0,0],"26":[0,0],"27":[0,0],"28":[0],"29":[0,0],"30":[0,0]},"_coverageSchema":"332fd63041d2c1bcb487cc26dd0d5f7d97098a6c","hash":"36aac63bb413b99e9dc727c6e1c27ecb2fbec135"}
,"/Users/builder/GitHub/laravel-micro.js/src/Support/Pipeline.js": {"path":"/Users/builder/GitHub/laravel-micro.js/src/Support/Pipeline.js","statementMap":{"0":{"start":{"line":8,"column":8},"end":{"line":8,"column":22}},"1":{"start":{"line":9,"column":8},"end":{"line":9,"column":24}},"2":{"start":{"line":10,"column":8},"end":{"line":10,"column":24}},"3":{"start":{"line":11,"column":8},"end":{"line":11,"column":29}},"4":{"start":{"line":12,"column":8},"end":{"line":12,"column":28}},"5":{"start":{"line":21,"column":8},"end":{"line":21,"column":23}},"6":{"start":{"line":22,"column":8},"end":{"line":22,"column":19}},"7":{"start":{"line":31,"column":8},"end":{"line":31,"column":30}},"8":{"start":{"line":32,"column":8},"end":{"line":32,"column":19}},"9":{"start":{"line":41,"column":8},"end":{"line":41,"column":27}},"10":{"start":{"line":42,"column":8},"end":{"line":42,"column":19}},"11":{"start":{"line":51,"column":8},"end":{"line":51,"column":33}},"12":{"start":{"line":53,"column":21},"end":{"line":67,"column":9}},"13":{"start":{"line":54,"column":12},"end":{"line":56,"column":13}},"14":{"start":{"line":55,"column":16},"end":{"line":55,"column":44}},"15":{"start":{"line":58,"column":23},"end":{"line":58,"column":42}},"16":{"start":{"line":59,"column":25},"end":{"line":59,"column":47}},"17":{"start":{"line":60,"column":12},"end":{"line":65,"column":13}},"18":{"start":{"line":61,"column":16},"end":{"line":61,"column":72}},"19":{"start":{"line":63,"column":37},"end":{"line":63,"column":55}},"20":{"start":{"line":64,"column":16},"end":{"line":64,"column":63}},"21":{"start":{"line":66,"column":12},"end":{"line":66,"column":27}},"22":{"start":{"line":69,"column":8},"end":{"line":69,"column":31}},"23":{"start":{"line":77,"column":8},"end":{"line":77,"column":37}}},"fnMap":{"0":{"name":"(anonymous_0)","decl":{"start":{"line":7,"column":4},"end":{"line":7,"column":5}},"loc":{"start":{"line":7,"column":21},"end":{"line":13,"column":5}},"line":7},"1":{"name":"(anonymous_1)","decl":{"start":{"line":20,"column":4},"end":{"line":20,"column":5}},"loc":{"start":{"line":20,"column":13},"end":{"line":23,"column":5}},"line":20},"2":{"name":"(anonymous_2)","decl":{"start":{"line":30,"column":4},"end":{"line":30,"column":5}},"loc":{"start":{"line":30,"column":19},"end":{"line":33,"column":5}},"line":30},"3":{"name":"(anonymous_3)","decl":{"start":{"line":40,"column":4},"end":{"line":40,"column":5}},"loc":{"start":{"line":40,"column":18},"end":{"line":43,"column":5}},"line":40},"4":{"name":"(anonymous_4)","decl":{"start":{"line":50,"column":4},"end":{"line":50,"column":5}},"loc":{"start":{"line":50,"column":18},"end":{"line":70,"column":5}},"line":50},"5":{"name":"(anonymous_5)","decl":{"start":{"line":53,"column":21},"end":{"line":53,"column":22}},"loc":{"start":{"line":53,"column":32},"end":{"line":67,"column":9}},"line":53},"6":{"name":"(anonymous_6)","decl":{"start":{"line":76,"column":4},"end":{"line":76,"column":5}},"loc":{"start":{"line":76,"column":19},"end":{"line":78,"column":5}},"line":76}},"branchMap":{"0":{"loc":{"start":{"line":54,"column":12},"end":{"line":56,"column":13}},"type":"if","locations":[{"start":{"line":54,"column":12},"end":{"line":56,"column":13}},{"start":{"line":54,"column":12},"end":{"line":56,"column":13}}],"line":54},"1":{"loc":{"start":{"line":60,"column":12},"end":{"line":65,"column":13}},"type":"if","locations":[{"start":{"line":60,"column":12},"end":{"line":65,"column":13}},{"start":{"line":60,"column":12},"end":{"line":65,"column":13}}],"line":60}},"s":{"0":1,"1":1,"2":1,"3":1,"4":1,"5":1,"6":1,"7":1,"8":1,"9":1,"10":1,"11":1,"12":1,"13":4,"14":1,"15":3,"16":3,"17":3,"18":0,"19":3,"20":3,"21":3,"22":1,"23":4},"f":{"0":1,"1":1,"2":1,"3":1,"4":1,"5":4,"6":4},"b":{"0":[1,3],"1":[0,3]},"_coverageSchema":"332fd63041d2c1bcb487cc26dd0d5f7d97098a6c","hash":"c01400eb4a8e3b64e0588ed7c4c4343369201974"}
,"/Users/builder/GitHub/laravel-micro.js/src/Support/ServiceProvider.js": {"path":"/Users/builder/GitHub/laravel-micro.js/src/Support/ServiceProvider.js","statementMap":{"0":{"start":{"line":4,"column":8},"end":{"line":4,"column":22}},"1":{"start":{"line":5,"column":8},"end":{"line":5,"column":27}},"2":{"start":{"line":6,"column":8},"end":{"line":6,"column":28}},"3":{"start":{"line":32,"column":8},"end":{"line":32,"column":28}},"4":{"start":{"line":40,"column":8},"end":{"line":40,"column":39}},"5":{"start":{"line":48,"column":8},"end":{"line":48,"column":46}},"6":{"start":{"line":56,"column":8},"end":{"line":56,"column":37}},"7":{"start":{"line":63,"column":8},"end":{"line":63,"column":27}},"8":{"start":{"line":67,"column":8},"end":{"line":67,"column":28}},"9":{"start":{"line":68,"column":8},"end":{"line":68,"column":19}}},"fnMap":{"0":{"name":"(anonymous_0)","decl":{"start":{"line":3,"column":4},"end":{"line":3,"column":5}},"loc":{"start":{"line":3,"column":21},"end":{"line":7,"column":5}},"line":3},"1":{"name":"(anonymous_1)","decl":{"start":{"line":13,"column":4},"end":{"line":13,"column":5}},"loc":{"start":{"line":13,"column":15},"end":{"line":16,"column":5}},"line":13},"2":{"name":"(anonymous_2)","decl":{"start":{"line":22,"column":4},"end":{"line":22,"column":5}},"loc":{"start":{"line":22,"column":11},"end":{"line":25,"column":5}},"line":22},"3":{"name":"(anonymous_3)","decl":{"start":{"line":31,"column":4},"end":{"line":31,"column":5}},"loc":{"start":{"line":31,"column":19},"end":{"line":33,"column":5}},"line":31},"4":{"name":"(anonymous_4)","decl":{"start":{"line":39,"column":4},"end":{"line":39,"column":5}},"loc":{"start":{"line":39,"column":21},"end":{"line":41,"column":5}},"line":39},"5":{"name":"(anonymous_5)","decl":{"start":{"line":47,"column":4},"end":{"line":47,"column":5}},"loc":{"start":{"line":47,"column":21},"end":{"line":49,"column":5}},"line":47},"6":{"name":"(anonymous_6)","decl":{"start":{"line":55,"column":4},"end":{"line":55,"column":5}},"loc":{"start":{"line":55,"column":19},"end":{"line":57,"column":5}},"line":55},"7":{"name":"(anonymous_7)","decl":{"start":{"line":62,"column":4},"end":{"line":62,"column":5}},"loc":{"start":{"line":62,"column":24},"end":{"line":64,"column":5}},"line":62},"8":{"name":"(anonymous_8)","decl":{"start":{"line":66,"column":4},"end":{"line":66,"column":5}},"loc":{"start":{"line":66,"column":10},"end":{"line":69,"column":5}},"line":66}},"branchMap":{},"s":{"0":19,"1":19,"2":19,"3":0,"4":38,"5":19,"6":23,"7":17,"8":17,"9":17},"f":{"0":19,"1":0,"2":0,"3":0,"4":38,"5":19,"6":23,"7":17,"8":17},"b":{},"_coverageSchema":"332fd63041d2c1bcb487cc26dd0d5f7d97098a6c","hash":"360d644a2c531afb4eda060920429c8af0680c80"}
,"/Users/builder/GitHub/laravel-micro.js/src/Traits/PreventsReactivity.js": {"path":"/Users/builder/GitHub/laravel-micro.js/src/Traits/PreventsReactivity.js","statementMap":{"0":{"start":{"line":2,"column":29},"end":{"line":8,"column":2}},"1":{"start":{"line":4,"column":8},"end":{"line":6,"column":10}}},"fnMap":{"0":{"name":"(anonymous_0)","decl":{"start":{"line":2,"column":15},"end":{"line":2,"column":16}},"loc":{"start":{"line":2,"column":29},"end":{"line":8,"column":2}},"line":2}},"branchMap":{},"s":{"0":7,"1":272},"f":{"0":7},"b":{},"_coverageSchema":"332fd63041d2c1bcb487cc26dd0d5f7d97098a6c","hash":"800d22875800093c1fef4a9e6664833511c13abd"}
,"/Users/builder/GitHub/laravel-micro.js/src/Traits/_Mixin.js": {"path":"/Users/builder/GitHub/laravel-micro.js/src/Traits/_Mixin.js","statementMap":{"0":{"start":{"line":8,"column":4},"end":{"line":8,"column":54}}},"fnMap":{"0":{"name":"(anonymous_0)","decl":{"start":{"line":7,"column":15},"end":{"line":7,"column":16}},"loc":{"start":{"line":7,"column":44},"end":{"line":9,"column":1}},"line":7}},"branchMap":{},"s":{"0":7},"f":{"0":7},"b":{},"_coverageSchema":"332fd63041d2c1bcb487cc26dd0d5f7d97098a6c","hash":"99c2e1667cb6318235a66ee4543c51581af98834"}
,"/Users/builder/GitHub/laravel-micro.js/tests/mocks.js": {"path":"/Users/builder/GitHub/laravel-micro.js/tests/mocks.js","statementMap":{"0":{"start":{"line":3,"column":8},"end":{"line":3,"column":28}},"1":{"start":{"line":4,"column":8},"end":{"line":4,"column":28}},"2":{"start":{"line":10,"column":8},"end":{"line":10,"column":28}},"3":{"start":{"line":21,"column":8},"end":{"line":21,"column":25}},"4":{"start":{"line":25,"column":18},"end":{"line":25,"column":30}},"5":{"start":{"line":29,"column":8},"end":{"line":29,"column":21}},"6":{"start":{"line":30,"column":8},"end":{"line":30,"column":26}},"7":{"start":{"line":36,"column":8},"end":{"line":36,"column":39}},"8":{"start":{"line":37,"column":8},"end":{"line":37,"column":26}},"9":{"start":{"line":43,"column":8},"end":{"line":43,"column":39}},"10":{"start":{"line":44,"column":8},"end":{"line":44,"column":26}}},"fnMap":{"0":{"name":"(anonymous_0)","decl":{"start":{"line":2,"column":4},"end":{"line":2,"column":5}},"loc":{"start":{"line":2,"column":32},"end":{"line":5,"column":5}},"line":2},"1":{"name":"(anonymous_1)","decl":{"start":{"line":9,"column":4},"end":{"line":9,"column":5}},"loc":{"start":{"line":9,"column":24},"end":{"line":11,"column":5}},"line":9},"2":{"name":"(anonymous_2)","decl":{"start":{"line":15,"column":4},"end":{"line":15,"column":5}},"loc":{"start":{"line":15,"column":18},"end":{"line":16,"column":5}},"line":15},"3":{"name":"(anonymous_3)","decl":{"start":{"line":20,"column":4},"end":{"line":20,"column":5}},"loc":{"start":{"line":20,"column":22},"end":{"line":22,"column":5}},"line":20},"4":{"name":"(anonymous_4)","decl":{"start":{"line":27,"column":4},"end":{"line":27,"column":5}},"loc":{"start":{"line":27,"column":20},"end":{"line":27,"column":22}},"line":27},"5":{"name":"(anonymous_5)","decl":{"start":{"line":28,"column":4},"end":{"line":28,"column":5}},"loc":{"start":{"line":28,"column":23},"end":{"line":31,"column":5}},"line":28},"6":{"name":"(anonymous_6)","decl":{"start":{"line":34,"column":4},"end":{"line":34,"column":5}},"loc":{"start":{"line":34,"column":20},"end":{"line":34,"column":22}},"line":34},"7":{"name":"(anonymous_7)","decl":{"start":{"line":35,"column":4},"end":{"line":35,"column":5}},"loc":{"start":{"line":35,"column":23},"end":{"line":38,"column":5}},"line":35},"8":{"name":"(anonymous_8)","decl":{"start":{"line":41,"column":4},"end":{"line":41,"column":5}},"loc":{"start":{"line":41,"column":20},"end":{"line":41,"column":22}},"line":41},"9":{"name":"(anonymous_9)","decl":{"start":{"line":42,"column":4},"end":{"line":42,"column":5}},"loc":{"start":{"line":42,"column":23},"end":{"line":45,"column":5}},"line":42}},"branchMap":{},"s":{"0":1,"1":1,"2":1,"3":0,"4":2,"5":1,"6":1,"7":1,"8":1,"9":1,"10":1},"f":{"0":1,"1":1,"2":1,"3":0,"4":1,"5":1,"6":1,"7":1,"8":1,"9":1},"b":{},"_coverageSchema":"332fd63041d2c1bcb487cc26dd0d5f7d97098a6c","hash":"cd27324e43e89127883326a31d395610d584d6d3"}
}
