{"/Users/builder/Sites/laravel-micro.js/src/Container.js": {"path":"/Users/builder/Sites/laravel-micro.js/src/Container.js","statementMap":{"0":{"start":{"line":15,"column":8},"end":{"line":15,"column":28}},"1":{"start":{"line":16,"column":8},"end":{"line":16,"column":27}},"2":{"start":{"line":17,"column":8},"end":{"line":17,"column":27}},"3":{"start":{"line":18,"column":8},"end":{"line":18,"column":29}},"4":{"start":{"line":20,"column":8},"end":{"line":20,"column":30}},"5":{"start":{"line":21,"column":8},"end":{"line":21,"column":29}},"6":{"start":{"line":22,"column":8},"end":{"line":22,"column":27}},"7":{"start":{"line":24,"column":8},"end":{"line":24,"column":27}},"8":{"start":{"line":25,"column":8},"end":{"line":25,"column":33}},"9":{"start":{"line":26,"column":8},"end":{"line":26,"column":28}},"10":{"start":{"line":29,"column":8},"end":{"line":29,"column":45}},"11":{"start":{"line":30,"column":8},"end":{"line":30,"column":44}},"12":{"start":{"line":31,"column":8},"end":{"line":31,"column":46}},"13":{"start":{"line":32,"column":8},"end":{"line":32,"column":44}},"14":{"start":{"line":33,"column":8},"end":{"line":33,"column":44}},"15":{"start":{"line":34,"column":8},"end":{"line":34,"column":46}},"16":{"start":{"line":35,"column":8},"end":{"line":35,"column":47}},"17":{"start":{"line":36,"column":8},"end":{"line":36,"column":48}},"18":{"start":{"line":40,"column":8},"end":{"line":40,"column":30}},"19":{"start":{"line":44,"column":8},"end":{"line":44,"column":29}},"20":{"start":{"line":48,"column":8},"end":{"line":48,"column":29}},"21":{"start":{"line":52,"column":8},"end":{"line":52,"column":68}},"22":{"start":{"line":52,"column":48},"end":{"line":52,"column":67}},"23":{"start":{"line":56,"column":8},"end":{"line":56,"column":31}},"24":{"start":{"line":65,"column":8},"end":{"line":65,"column":57}},"25":{"start":{"line":74,"column":8},"end":{"line":74,"column":27}},"26":{"start":{"line":82,"column":8},"end":{"line":82,"column":37}},"27":{"start":{"line":91,"column":8},"end":{"line":91,"column":27}},"28":{"start":{"line":100,"column":25},"end":{"line":105,"column":9}},"29":{"start":{"line":106,"column":8},"end":{"line":106,"column":85}},"30":{"start":{"line":115,"column":8},"end":{"line":115,"column":46}},"31":{"start":{"line":116,"column":2},"end":{"line":116,"column":13}},"32":{"start":{"line":125,"column":8},"end":{"line":127,"column":9}},"33":{"start":{"line":126,"column":12},"end":{"line":126,"column":51}},"34":{"start":{"line":128,"column":8},"end":{"line":128,"column":19}},"35":{"start":{"line":137,"column":8},"end":{"line":137,"column":57}},"36":{"start":{"line":146,"column":8},"end":{"line":146,"column":49}},"37":{"start":{"line":155,"column":8},"end":{"line":155,"column":49}},"38":{"start":{"line":164,"column":8},"end":{"line":164,"column":40}},"39":{"start":{"line":165,"column":8},"end":{"line":165,"column":35}},"40":{"start":{"line":174,"column":8},"end":{"line":174,"column":42}},"41":{"start":{"line":175,"column":8},"end":{"line":175,"column":41}},"42":{"start":{"line":184,"column":29},"end":{"line":184,"column":58}},"43":{"start":{"line":185,"column":8},"end":{"line":185,"column":65}},"44":{"start":{"line":186,"column":8},"end":{"line":186,"column":51}},"45":{"start":{"line":187,"column":2},"end":{"line":187,"column":13}},"46":{"start":{"line":198,"column":8},"end":{"line":198,"column":42}},"47":{"start":{"line":199,"column":8},"end":{"line":199,"column":39}},"48":{"start":{"line":200,"column":8},"end":{"line":202,"column":9}},"49":{"start":{"line":201,"column":12},"end":{"line":201,"column":38}},"50":{"start":{"line":203,"column":2},"end":{"line":203,"column":13}},"51":{"start":{"line":212,"column":8},"end":{"line":212,"column":44}},"52":{"start":{"line":213,"column":8},"end":{"line":213,"column":27}},"53":{"start":{"line":214,"column":8},"end":{"line":214,"column":53}},"54":{"start":{"line":215,"column":8},"end":{"line":217,"column":9}},"55":{"start":{"line":216,"column":12},"end":{"line":216,"column":67}},"56":{"start":{"line":218,"column":2},"end":{"line":218,"column":13}},"57":{"start":{"line":229,"column":8},"end":{"line":229,"column":57}},"58":{"start":{"line":230,"column":8},"end":{"line":230,"column":40}},"59":{"start":{"line":231,"column":8},"end":{"line":233,"column":9}},"60":{"start":{"line":232,"column":12},"end":{"line":232,"column":38}},"61":{"start":{"line":234,"column":8},"end":{"line":234,"column":23}},"62":{"start":{"line":243,"column":8},"end":{"line":249,"column":9}},"63":{"start":{"line":244,"column":12},"end":{"line":244,"column":31}},"64":{"start":{"line":245,"column":12},"end":{"line":245,"column":67}},"65":{"start":{"line":246,"column":12},"end":{"line":246,"column":57}},"66":{"start":{"line":247,"column":12},"end":{"line":247,"column":62}},"67":{"start":{"line":248,"column":12},"end":{"line":248,"column":23}},"68":{"start":{"line":250,"column":8},"end":{"line":250,"column":20}},"69":{"start":{"line":259,"column":8},"end":{"line":259,"column":30}},"70":{"start":{"line":260,"column":8},"end":{"line":270,"column":10}},"71":{"start":{"line":261,"column":12},"end":{"line":263,"column":13}},"72":{"start":{"line":262,"column":16},"end":{"line":262,"column":106}},"73":{"start":{"line":264,"column":12},"end":{"line":266,"column":13}},"74":{"start":{"line":265,"column":16},"end":{"line":265,"column":88}},"75":{"start":{"line":267,"column":12},"end":{"line":269,"column":13}},"76":{"start":{"line":268,"column":16},"end":{"line":268,"column":45}},"77":{"start":{"line":271,"column":8},"end":{"line":271,"column":19}},"78":{"start":{"line":280,"column":8},"end":{"line":280,"column":39}},"79":{"start":{"line":280,"column":22},"end":{"line":280,"column":38}},"80":{"start":{"line":289,"column":8},"end":{"line":300,"column":9}},"81":{"start":{"line":290,"column":12},"end":{"line":298,"column":14}},"82":{"start":{"line":291,"column":16},"end":{"line":297,"column":18}},"83":{"start":{"line":292,"column":40},"end":{"line":292,"column":120}},"84":{"start":{"line":293,"column":20},"end":{"line":296,"column":21}},"85":{"start":{"line":294,"column":24},"end":{"line":294,"column":95}},"86":{"start":{"line":295,"column":24},"end":{"line":295,"column":47}},"87":{"start":{"line":299,"column":12},"end":{"line":299,"column":98}},"88":{"start":{"line":301,"column":8},"end":{"line":301,"column":30}},"89":{"start":{"line":302,"column":8},"end":{"line":302,"column":19}},"90":{"start":{"line":312,"column":8},"end":{"line":312,"column":64}},"91":{"start":{"line":321,"column":8},"end":{"line":321,"column":93}},"92":{"start":{"line":330,"column":8},"end":{"line":330,"column":43}},"93":{"start":{"line":331,"column":8},"end":{"line":331,"column":44}},"94":{"start":{"line":331,"column":38},"end":{"line":331,"column":44}},"95":{"start":{"line":332,"column":8},"end":{"line":335,"column":10}},"96":{"start":{"line":333,"column":12},"end":{"line":333,"column":69}},"97":{"start":{"line":334,"column":12},"end":{"line":334,"column":74}},"98":{"start":{"line":336,"column":8},"end":{"line":336,"column":38}},"99":{"start":{"line":345,"column":8},"end":{"line":345,"column":45}},"100":{"start":{"line":354,"column":26},"end":{"line":354,"column":54}},"101":{"start":{"line":355,"column":8},"end":{"line":358,"column":10}},"102":{"start":{"line":356,"column":12},"end":{"line":356,"column":65}},"103":{"start":{"line":357,"column":12},"end":{"line":357,"column":52}},"104":{"start":{"line":360,"column":8},"end":{"line":365,"column":10}},"105":{"start":{"line":361,"column":37},"end":{"line":361,"column":66}},"106":{"start":{"line":362,"column":12},"end":{"line":364,"column":13}},"107":{"start":{"line":363,"column":16},"end":{"line":363,"column":52}},"108":{"start":{"line":374,"column":8},"end":{"line":374,"column":71}},"109":{"start":{"line":375,"column":8},"end":{"line":375,"column":38}},"110":{"start":{"line":385,"column":8},"end":{"line":385,"column":53}},"111":{"start":{"line":386,"column":26},"end":{"line":386,"column":56}},"112":{"start":{"line":387,"column":23},"end":{"line":387,"column":102}},"113":{"start":{"line":387,"column":60},"end":{"line":387,"column":101}},"114":{"start":{"line":388,"column":8},"end":{"line":390,"column":9}},"115":{"start":{"line":389,"column":12},"end":{"line":389,"column":56}},"116":{"start":{"line":391,"column":8},"end":{"line":391,"column":21}},"117":{"start":{"line":401,"column":8},"end":{"line":403,"column":9}},"118":{"start":{"line":402,"column":12},"end":{"line":402,"column":42}},"119":{"start":{"line":404,"column":8},"end":{"line":406,"column":9}},"120":{"start":{"line":405,"column":12},"end":{"line":405,"column":31}},"121":{"start":{"line":407,"column":8},"end":{"line":409,"column":9}},"122":{"start":{"line":408,"column":12},"end":{"line":408,"column":112}},"123":{"start":{"line":410,"column":33},"end":{"line":410,"column":58}},"124":{"start":{"line":411,"column":8},"end":{"line":414,"column":9}},"125":{"start":{"line":412,"column":12},"end":{"line":412,"column":70}},"126":{"start":{"line":413,"column":12},"end":{"line":413,"column":48}},"127":{"start":{"line":415,"column":25},"end":{"line":415,"column":58}},"128":{"start":{"line":416,"column":8},"end":{"line":419,"column":9}},"129":{"start":{"line":417,"column":12},"end":{"line":417,"column":47}},"130":{"start":{"line":418,"column":12},"end":{"line":418,"column":45}},"131":{"start":{"line":420,"column":8},"end":{"line":420,"column":23}},"132":{"start":{"line":429,"column":8},"end":{"line":429,"column":55}},"133":{"start":{"line":430,"column":24},"end":{"line":430,"column":45}},"134":{"start":{"line":431,"column":8},"end":{"line":433,"column":9}},"135":{"start":{"line":432,"column":12},"end":{"line":432,"column":89}},"136":{"start":{"line":434,"column":8},"end":{"line":434,"column":22}},"137":{"start":{"line":444,"column":8},"end":{"line":459,"column":9}},"138":{"start":{"line":445,"column":30},"end":{"line":445,"column":111}},"139":{"start":{"line":447,"column":12},"end":{"line":451,"column":13}},"140":{"start":{"line":448,"column":16},"end":{"line":448,"column":38}},"141":{"start":{"line":450,"column":16},"end":{"line":450,"column":40}},"142":{"start":{"line":452,"column":12},"end":{"line":454,"column":13}},"143":{"start":{"line":453,"column":16},"end":{"line":453,"column":119}},"144":{"start":{"line":455,"column":12},"end":{"line":455,"column":99}},"145":{"start":{"line":456,"column":12},"end":{"line":456,"column":27}},"146":{"start":{"line":458,"column":12},"end":{"line":458,"column":38}},"147":{"start":{"line":469,"column":27},"end":{"line":469,"column":29}},"148":{"start":{"line":470,"column":8},"end":{"line":485,"column":9}},"149":{"start":{"line":471,"column":33},"end":{"line":471,"column":62}},"150":{"start":{"line":472,"column":12},"end":{"line":484,"column":13}},"151":{"start":{"line":473,"column":16},"end":{"line":483,"column":18}},"152":{"start":{"line":475,"column":20},"end":{"line":477,"column":21}},"153":{"start":{"line":476,"column":24},"end":{"line":476,"column":133}},"154":{"start":{"line":478,"column":20},"end":{"line":478,"column":76}},"155":{"start":{"line":479,"column":20},"end":{"line":479,"column":53}},"156":{"start":{"line":481,"column":20},"end":{"line":481,"column":62}},"157":{"start":{"line":482,"column":20},"end":{"line":482,"column":84}},"158":{"start":{"line":486,"column":8},"end":{"line":486,"column":25}},"159":{"start":{"line":496,"column":8},"end":{"line":500,"column":9}},"160":{"start":{"line":497,"column":12},"end":{"line":497,"column":71}},"161":{"start":{"line":498,"column":12},"end":{"line":498,"column":29}},"162":{"start":{"line":499,"column":12},"end":{"line":499,"column":29}},"163":{"start":{"line":514,"column":19},"end":{"line":514,"column":70}},"164":{"start":{"line":515,"column":8},"end":{"line":517,"column":9}},"165":{"start":{"line":516,"column":12},"end":{"line":516,"column":83}},"166":{"start":{"line":516,"column":51},"end":{"line":516,"column":61}},"167":{"start":{"line":516,"column":79},"end":{"line":516,"column":82}},"168":{"start":{"line":518,"column":8},"end":{"line":518,"column":17}},"169":{"start":{"line":527,"column":8},"end":{"line":527,"column":44}},"170":{"start":{"line":536,"column":8},"end":{"line":538,"column":9}},"171":{"start":{"line":537,"column":12},"end":{"line":537,"column":47}},"172":{"start":{"line":539,"column":8},"end":{"line":539,"column":111}},"173":{"start":{"line":548,"column":8},"end":{"line":548,"column":54}},"174":{"start":{"line":557,"column":8},"end":{"line":557,"column":59}},"175":{"start":{"line":558,"column":8},"end":{"line":558,"column":36}},"176":{"start":{"line":567,"column":8},"end":{"line":567,"column":49}},"177":{"start":{"line":575,"column":8},"end":{"line":578,"column":9}},"178":{"start":{"line":576,"column":12},"end":{"line":576,"column":51}},"179":{"start":{"line":577,"column":12},"end":{"line":577,"column":46}},"180":{"start":{"line":579,"column":8},"end":{"line":579,"column":19}},"181":{"start":{"line":587,"column":8},"end":{"line":587,"column":30}},"182":{"start":{"line":595,"column":8},"end":{"line":595,"column":31}},"183":{"start":{"line":603,"column":8},"end":{"line":603,"column":27}},"184":{"start":{"line":604,"column":2},"end":{"line":604,"column":13}},"185":{"start":{"line":612,"column":18},"end":{"line":612,"column":40}},"186":{"start":{"line":613,"column":8},"end":{"line":613,"column":48}},"187":{"start":{"line":614,"column":8},"end":{"line":614,"column":16}},"188":{"start":{"line":618,"column":0},"end":{"line":618,"column":29}}},"fnMap":{"0":{"name":"(anonymous_0)","decl":{"start":{"line":14,"column":4},"end":{"line":14,"column":5}},"loc":{"start":{"line":14,"column":18},"end":{"line":37,"column":5}},"line":14},"1":{"name":"(anonymous_1)","decl":{"start":{"line":39,"column":4},"end":{"line":39,"column":5}},"loc":{"start":{"line":39,"column":20},"end":{"line":41,"column":5}},"line":39},"2":{"name":"(anonymous_2)","decl":{"start":{"line":43,"column":4},"end":{"line":43,"column":5}},"loc":{"start":{"line":43,"column":19},"end":{"line":45,"column":5}},"line":43},"3":{"name":"(anonymous_3)","decl":{"start":{"line":47,"column":4},"end":{"line":47,"column":5}},"loc":{"start":{"line":47,"column":19},"end":{"line":49,"column":5}},"line":47},"4":{"name":"(anonymous_4)","decl":{"start":{"line":51,"column":4},"end":{"line":51,"column":5}},"loc":{"start":{"line":51,"column":19},"end":{"line":53,"column":5}},"line":51},"5":{"name":"(anonymous_5)","decl":{"start":{"line":52,"column":37},"end":{"line":52,"column":38}},"loc":{"start":{"line":52,"column":48},"end":{"line":52,"column":67}},"line":52},"6":{"name":"(anonymous_6)","decl":{"start":{"line":55,"column":4},"end":{"line":55,"column":5}},"loc":{"start":{"line":55,"column":21},"end":{"line":57,"column":5}},"line":55},"7":{"name":"(anonymous_7)","decl":{"start":{"line":64,"column":4},"end":{"line":64,"column":5}},"loc":{"start":{"line":64,"column":35},"end":{"line":66,"column":5}},"line":64},"8":{"name":"(anonymous_8)","decl":{"start":{"line":73,"column":4},"end":{"line":73,"column":5}},"loc":{"start":{"line":73,"column":17},"end":{"line":75,"column":5}},"line":73},"9":{"name":"(anonymous_9)","decl":{"start":{"line":81,"column":4},"end":{"line":81,"column":5}},"loc":{"start":{"line":81,"column":20},"end":{"line":83,"column":5}},"line":81},"10":{"name":"(anonymous_10)","decl":{"start":{"line":90,"column":4},"end":{"line":90,"column":5}},"loc":{"start":{"line":90,"column":25},"end":{"line":92,"column":5}},"line":90},"11":{"name":"(anonymous_11)","decl":{"start":{"line":99,"column":4},"end":{"line":99,"column":5}},"loc":{"start":{"line":99,"column":17},"end":{"line":107,"column":5}},"line":99},"12":{"name":"(anonymous_12)","decl":{"start":{"line":114,"column":4},"end":{"line":114,"column":5}},"loc":{"start":{"line":114,"column":26},"end":{"line":117,"column":5}},"line":114},"13":{"name":"(anonymous_13)","decl":{"start":{"line":124,"column":4},"end":{"line":124,"column":5}},"loc":{"start":{"line":124,"column":23},"end":{"line":129,"column":5}},"line":124},"14":{"name":"(anonymous_14)","decl":{"start":{"line":136,"column":4},"end":{"line":136,"column":5}},"loc":{"start":{"line":136,"column":31},"end":{"line":138,"column":5}},"line":136},"15":{"name":"(anonymous_15)","decl":{"start":{"line":145,"column":4},"end":{"line":145,"column":5}},"loc":{"start":{"line":145,"column":19},"end":{"line":147,"column":5}},"line":145},"16":{"name":"(anonymous_16)","decl":{"start":{"line":154,"column":4},"end":{"line":154,"column":5}},"loc":{"start":{"line":154,"column":22},"end":{"line":156,"column":5}},"line":154},"17":{"name":"(anonymous_17)","decl":{"start":{"line":163,"column":4},"end":{"line":163,"column":5}},"loc":{"start":{"line":163,"column":16},"end":{"line":166,"column":5}},"line":163},"18":{"name":"(anonymous_18)","decl":{"start":{"line":173,"column":4},"end":{"line":173,"column":5}},"loc":{"start":{"line":173,"column":19},"end":{"line":176,"column":5}},"line":173},"19":{"name":"(anonymous_19)","decl":{"start":{"line":183,"column":4},"end":{"line":183,"column":5}},"loc":{"start":{"line":183,"column":30},"end":{"line":188,"column":5}},"line":183},"20":{"name":"(anonymous_20)","decl":{"start":{"line":197,"column":4},"end":{"line":197,"column":5}},"loc":{"start":{"line":197,"column":40},"end":{"line":204,"column":5}},"line":197},"21":{"name":"(anonymous_21)","decl":{"start":{"line":211,"column":4},"end":{"line":211,"column":5}},"loc":{"start":{"line":211,"column":18},"end":{"line":219,"column":5}},"line":211},"22":{"name":"(anonymous_22)","decl":{"start":{"line":228,"column":4},"end":{"line":228,"column":5}},"loc":{"start":{"line":228,"column":48},"end":{"line":235,"column":5}},"line":228},"23":{"name":"(anonymous_23)","decl":{"start":{"line":242,"column":4},"end":{"line":242,"column":5}},"loc":{"start":{"line":242,"column":19},"end":{"line":251,"column":5}},"line":242},"24":{"name":"(anonymous_24)","decl":{"start":{"line":258,"column":4},"end":{"line":258,"column":5}},"loc":{"start":{"line":258,"column":22},"end":{"line":272,"column":5}},"line":258},"25":{"name":"(anonymous_25)","decl":{"start":{"line":260,"column":24},"end":{"line":260,"column":25}},"loc":{"start":{"line":260,"column":42},"end":{"line":270,"column":9}},"line":260},"26":{"name":"(anonymous_26)","decl":{"start":{"line":279,"column":4},"end":{"line":279,"column":5}},"loc":{"start":{"line":279,"column":30},"end":{"line":281,"column":5}},"line":279},"27":{"name":"(anonymous_27)","decl":{"start":{"line":280,"column":16},"end":{"line":280,"column":17}},"loc":{"start":{"line":280,"column":22},"end":{"line":280,"column":38}},"line":280},"28":{"name":"(anonymous_28)","decl":{"start":{"line":288,"column":4},"end":{"line":288,"column":5}},"loc":{"start":{"line":288,"column":29},"end":{"line":303,"column":5}},"line":288},"29":{"name":"(anonymous_29)","decl":{"start":{"line":290,"column":38},"end":{"line":290,"column":39}},"loc":{"start":{"line":290,"column":49},"end":{"line":298,"column":13}},"line":290},"30":{"name":"(anonymous_30)","decl":{"start":{"line":291,"column":34},"end":{"line":291,"column":35}},"loc":{"start":{"line":291,"column":46},"end":{"line":297,"column":17}},"line":291},"31":{"name":"(anonymous_31)","decl":{"start":{"line":311,"column":4},"end":{"line":311,"column":5}},"loc":{"start":{"line":311,"column":30},"end":{"line":313,"column":5}},"line":311},"32":{"name":"(anonymous_32)","decl":{"start":{"line":320,"column":4},"end":{"line":320,"column":5}},"loc":{"start":{"line":320,"column":20},"end":{"line":322,"column":5}},"line":320},"33":{"name":"(anonymous_33)","decl":{"start":{"line":329,"column":4},"end":{"line":329,"column":5}},"loc":{"start":{"line":329,"column":19},"end":{"line":337,"column":5}},"line":329},"34":{"name":"(anonymous_34)","decl":{"start":{"line":332,"column":40},"end":{"line":332,"column":41}},"loc":{"start":{"line":332,"column":52},"end":{"line":335,"column":9}},"line":332},"35":{"name":"(anonymous_35)","decl":{"start":{"line":344,"column":4},"end":{"line":344,"column":5}},"loc":{"start":{"line":344,"column":20},"end":{"line":346,"column":5}},"line":344},"36":{"name":"(anonymous_36)","decl":{"start":{"line":352,"column":4},"end":{"line":352,"column":5}},"loc":{"start":{"line":352,"column":20},"end":{"line":366,"column":5}},"line":352},"37":{"name":"(anonymous_37)","decl":{"start":{"line":355,"column":26},"end":{"line":355,"column":27}},"loc":{"start":{"line":355,"column":51},"end":{"line":358,"column":9}},"line":355},"38":{"name":"(anonymous_38)","decl":{"start":{"line":360,"column":26},"end":{"line":360,"column":27}},"loc":{"start":{"line":360,"column":51},"end":{"line":365,"column":9}},"line":360},"39":{"name":"(anonymous_39)","decl":{"start":{"line":373,"column":4},"end":{"line":373,"column":5}},"loc":{"start":{"line":373,"column":36},"end":{"line":376,"column":5}},"line":373},"40":{"name":"(anonymous_40)","decl":{"start":{"line":384,"column":4},"end":{"line":384,"column":5}},"loc":{"start":{"line":384,"column":25},"end":{"line":392,"column":5}},"line":384},"41":{"name":"(anonymous_41)","decl":{"start":{"line":387,"column":38},"end":{"line":387,"column":39}},"loc":{"start":{"line":387,"column":60},"end":{"line":387,"column":101}},"line":387},"42":{"name":"(anonymous_42)","decl":{"start":{"line":400,"column":4},"end":{"line":400,"column":5}},"loc":{"start":{"line":400,"column":37},"end":{"line":421,"column":5}},"line":400},"43":{"name":"(anonymous_43)","decl":{"start":{"line":428,"column":4},"end":{"line":428,"column":5}},"loc":{"start":{"line":428,"column":33},"end":{"line":435,"column":5}},"line":428},"44":{"name":"(anonymous_44)","decl":{"start":{"line":443,"column":4},"end":{"line":443,"column":5}},"loc":{"start":{"line":443,"column":39},"end":{"line":460,"column":5}},"line":443},"45":{"name":"(anonymous_45)","decl":{"start":{"line":468,"column":4},"end":{"line":468,"column":5}},"loc":{"start":{"line":468,"column":42},"end":{"line":487,"column":5}},"line":468},"46":{"name":"(anonymous_46)","decl":{"start":{"line":473,"column":37},"end":{"line":473,"column":38}},"loc":{"start":{"line":473,"column":53},"end":{"line":483,"column":17}},"line":473},"47":{"name":"(anonymous_47)","decl":{"start":{"line":495,"column":4},"end":{"line":495,"column":5}},"loc":{"start":{"line":495,"column":34},"end":{"line":501,"column":5}},"line":495},"48":{"name":"(anonymous_48)","decl":{"start":{"line":513,"column":4},"end":{"line":513,"column":5}},"loc":{"start":{"line":513,"column":29},"end":{"line":519,"column":5}},"line":513},"49":{"name":"(anonymous_49)","decl":{"start":{"line":516,"column":42},"end":{"line":516,"column":43}},"loc":{"start":{"line":516,"column":51},"end":{"line":516,"column":61}},"line":516},"50":{"name":"(anonymous_50)","decl":{"start":{"line":516,"column":70},"end":{"line":516,"column":71}},"loc":{"start":{"line":516,"column":79},"end":{"line":516,"column":82}},"line":516},"51":{"name":"(anonymous_51)","decl":{"start":{"line":526,"column":4},"end":{"line":526,"column":5}},"loc":{"start":{"line":526,"column":22},"end":{"line":528,"column":5}},"line":526},"52":{"name":"(anonymous_52)","decl":{"start":{"line":535,"column":4},"end":{"line":535,"column":5}},"loc":{"start":{"line":535,"column":22},"end":{"line":540,"column":5}},"line":535},"53":{"name":"(anonymous_53)","decl":{"start":{"line":547,"column":4},"end":{"line":547,"column":5}},"loc":{"start":{"line":547,"column":22},"end":{"line":549,"column":5}},"line":547},"54":{"name":"(anonymous_54)","decl":{"start":{"line":556,"column":4},"end":{"line":556,"column":5}},"loc":{"start":{"line":556,"column":23},"end":{"line":559,"column":5}},"line":556},"55":{"name":"(anonymous_55)","decl":{"start":{"line":566,"column":4},"end":{"line":566,"column":5}},"loc":{"start":{"line":566,"column":18},"end":{"line":568,"column":5}},"line":566},"56":{"name":"(anonymous_56)","decl":{"start":{"line":574,"column":4},"end":{"line":574,"column":5}},"loc":{"start":{"line":574,"column":10},"end":{"line":580,"column":5}},"line":574},"57":{"name":"(anonymous_57)","decl":{"start":{"line":586,"column":4},"end":{"line":586,"column":5}},"loc":{"start":{"line":586,"column":20},"end":{"line":588,"column":5}},"line":586},"58":{"name":"(anonymous_58)","decl":{"start":{"line":594,"column":4},"end":{"line":594,"column":5}},"loc":{"start":{"line":594,"column":25},"end":{"line":596,"column":5}},"line":594},"59":{"name":"(anonymous_59)","decl":{"start":{"line":602,"column":4},"end":{"line":602,"column":5}},"loc":{"start":{"line":602,"column":16},"end":{"line":605,"column":5}},"line":602},"60":{"name":"(anonymous_60)","decl":{"start":{"line":611,"column":4},"end":{"line":611,"column":5}},"loc":{"start":{"line":611,"column":33},"end":{"line":615,"column":5}},"line":611}},"branchMap":{"0":{"loc":{"start":{"line":65,"column":15},"end":{"line":65,"column":57}},"type":"binary-expr","locations":[{"start":{"line":65,"column":15},"end":{"line":65,"column":49}},{"start":{"line":65,"column":53},"end":{"line":65,"column":57}}],"line":65},"1":{"loc":{"start":{"line":101,"column":18},"end":{"line":101,"column":44}},"type":"cond-expr","locations":[{"start":{"line":101,"column":29},"end":{"line":101,"column":37}},{"start":{"line":101,"column":40},"end":{"line":101,"column":44}}],"line":101},"2":{"loc":{"start":{"line":102,"column":19},"end":{"line":102,"column":60}},"type":"cond-expr","locations":[{"start":{"line":102,"column":35},"end":{"line":102,"column":53}},{"start":{"line":102,"column":56},"end":{"line":102,"column":60}}],"line":102},"3":{"loc":{"start":{"line":103,"column":23},"end":{"line":103,"column":68}},"type":"cond-expr","locations":[{"start":{"line":103,"column":41},"end":{"line":103,"column":61}},{"start":{"line":103,"column":64},"end":{"line":103,"column":68}}],"line":103},"4":{"loc":{"start":{"line":104,"column":18},"end":{"line":104,"column":38}},"type":"binary-expr","locations":[{"start":{"line":104,"column":18},"end":{"line":104,"column":30}},{"start":{"line":104,"column":34},"end":{"line":104,"column":38}}],"line":104},"5":{"loc":{"start":{"line":106,"column":15},"end":{"line":106,"column":85}},"type":"binary-expr","locations":[{"start":{"line":106,"column":15},"end":{"line":106,"column":28}},{"start":{"line":106,"column":32},"end":{"line":106,"column":46}},{"start":{"line":106,"column":50},"end":{"line":106,"column":68}},{"start":{"line":106,"column":72},"end":{"line":106,"column":85}}],"line":106},"6":{"loc":{"start":{"line":125,"column":8},"end":{"line":127,"column":9}},"type":"if","locations":[{"start":{"line":125,"column":8},"end":{"line":127,"column":9}},{"start":{"line":125,"column":8},"end":{"line":127,"column":9}}],"line":125},"7":{"loc":{"start":{"line":125,"column":12},"end":{"line":125,"column":76}},"type":"binary-expr","locations":[{"start":{"line":125,"column":12},"end":{"line":125,"column":30}},{"start":{"line":125,"column":34},"end":{"line":125,"column":76}}],"line":125},"8":{"loc":{"start":{"line":197,"column":25},"end":{"line":197,"column":38}},"type":"default-arg","locations":[{"start":{"line":197,"column":34},"end":{"line":197,"column":38}}],"line":197},"9":{"loc":{"start":{"line":200,"column":8},"end":{"line":202,"column":9}},"type":"if","locations":[{"start":{"line":200,"column":8},"end":{"line":202,"column":9}},{"start":{"line":200,"column":8},"end":{"line":202,"column":9}}],"line":200},"10":{"loc":{"start":{"line":200,"column":12},"end":{"line":200,"column":53}},"type":"binary-expr","locations":[{"start":{"line":200,"column":12},"end":{"line":200,"column":18}},{"start":{"line":200,"column":22},"end":{"line":200,"column":53}}],"line":200},"11":{"loc":{"start":{"line":215,"column":8},"end":{"line":217,"column":9}},"type":"if","locations":[{"start":{"line":215,"column":8},"end":{"line":217,"column":9}},{"start":{"line":215,"column":8},"end":{"line":217,"column":9}}],"line":215},"12":{"loc":{"start":{"line":228,"column":33},"end":{"line":228,"column":46}},"type":"default-arg","locations":[{"start":{"line":228,"column":42},"end":{"line":228,"column":46}}],"line":228},"13":{"loc":{"start":{"line":231,"column":8},"end":{"line":233,"column":9}},"type":"if","locations":[{"start":{"line":231,"column":8},"end":{"line":233,"column":9}},{"start":{"line":231,"column":8},"end":{"line":233,"column":9}}],"line":231},"14":{"loc":{"start":{"line":231,"column":12},"end":{"line":231,"column":53}},"type":"binary-expr","locations":[{"start":{"line":231,"column":12},"end":{"line":231,"column":18}},{"start":{"line":231,"column":22},"end":{"line":231,"column":53}}],"line":231},"15":{"loc":{"start":{"line":243,"column":8},"end":{"line":249,"column":9}},"type":"if","locations":[{"start":{"line":243,"column":8},"end":{"line":249,"column":9}},{"start":{"line":243,"column":8},"end":{"line":249,"column":9}}],"line":243},"16":{"loc":{"start":{"line":261,"column":12},"end":{"line":263,"column":13}},"type":"if","locations":[{"start":{"line":261,"column":12},"end":{"line":263,"column":13}},{"start":{"line":261,"column":12},"end":{"line":263,"column":13}}],"line":261},"17":{"loc":{"start":{"line":264,"column":12},"end":{"line":266,"column":13}},"type":"if","locations":[{"start":{"line":264,"column":12},"end":{"line":266,"column":13}},{"start":{"line":264,"column":12},"end":{"line":266,"column":13}}],"line":264},"18":{"loc":{"start":{"line":267,"column":12},"end":{"line":269,"column":13}},"type":"if","locations":[{"start":{"line":267,"column":12},"end":{"line":269,"column":13}},{"start":{"line":267,"column":12},"end":{"line":269,"column":13}}],"line":267},"19":{"loc":{"start":{"line":289,"column":8},"end":{"line":300,"column":9}},"type":"if","locations":[{"start":{"line":289,"column":8},"end":{"line":300,"column":9}},{"start":{"line":289,"column":8},"end":{"line":300,"column":9}}],"line":289},"20":{"loc":{"start":{"line":289,"column":12},"end":{"line":289,"column":76}},"type":"binary-expr","locations":[{"start":{"line":289,"column":12},"end":{"line":289,"column":44}},{"start":{"line":289,"column":48},"end":{"line":289,"column":76}}],"line":289},"21":{"loc":{"start":{"line":292,"column":40},"end":{"line":292,"column":120}},"type":"cond-expr","locations":[{"start":{"line":292,"column":66},"end":{"line":292,"column":89}},{"start":{"line":292,"column":92},"end":{"line":292,"column":120}}],"line":292},"22":{"loc":{"start":{"line":293,"column":20},"end":{"line":296,"column":21}},"type":"if","locations":[{"start":{"line":293,"column":20},"end":{"line":296,"column":21}},{"start":{"line":293,"column":20},"end":{"line":296,"column":21}}],"line":293},"23":{"loc":{"start":{"line":321,"column":16},"end":{"line":321,"column":92}},"type":"binary-expr","locations":[{"start":{"line":321,"column":16},"end":{"line":321,"column":54}},{"start":{"line":321,"column":58},"end":{"line":321,"column":92}}],"line":321},"24":{"loc":{"start":{"line":331,"column":8},"end":{"line":331,"column":44}},"type":"if","locations":[{"start":{"line":331,"column":8},"end":{"line":331,"column":44}},{"start":{"line":331,"column":8},"end":{"line":331,"column":44}}],"line":331},"25":{"loc":{"start":{"line":362,"column":12},"end":{"line":364,"column":13}},"type":"if","locations":[{"start":{"line":362,"column":12},"end":{"line":364,"column":13}},{"start":{"line":362,"column":12},"end":{"line":364,"column":13}}],"line":362},"26":{"loc":{"start":{"line":388,"column":8},"end":{"line":390,"column":9}},"type":"if","locations":[{"start":{"line":388,"column":8},"end":{"line":390,"column":9}},{"start":{"line":388,"column":8},"end":{"line":390,"column":9}}],"line":388},"27":{"loc":{"start":{"line":400,"column":20},"end":{"line":400,"column":35}},"type":"default-arg","locations":[{"start":{"line":400,"column":30},"end":{"line":400,"column":35}}],"line":400},"28":{"loc":{"start":{"line":401,"column":8},"end":{"line":403,"column":9}},"type":"if","locations":[{"start":{"line":401,"column":8},"end":{"line":403,"column":9}},{"start":{"line":401,"column":8},"end":{"line":403,"column":9}}],"line":401},"29":{"loc":{"start":{"line":401,"column":12},"end":{"line":401,"column":70}},"type":"binary-expr","locations":[{"start":{"line":401,"column":12},"end":{"line":401,"column":34}},{"start":{"line":401,"column":38},"end":{"line":401,"column":58}},{"start":{"line":401,"column":62},"end":{"line":401,"column":70}}],"line":401},"30":{"loc":{"start":{"line":404,"column":8},"end":{"line":406,"column":9}},"type":"if","locations":[{"start":{"line":404,"column":8},"end":{"line":406,"column":9}},{"start":{"line":404,"column":8},"end":{"line":406,"column":9}}],"line":404},"31":{"loc":{"start":{"line":407,"column":8},"end":{"line":409,"column":9}},"type":"if","locations":[{"start":{"line":407,"column":8},"end":{"line":409,"column":9}},{"start":{"line":407,"column":8},"end":{"line":409,"column":9}}],"line":407},"32":{"loc":{"start":{"line":411,"column":8},"end":{"line":414,"column":9}},"type":"if","locations":[{"start":{"line":411,"column":8},"end":{"line":414,"column":9}},{"start":{"line":411,"column":8},"end":{"line":414,"column":9}}],"line":411},"33":{"loc":{"start":{"line":411,"column":12},"end":{"line":411,"column":59}},"type":"binary-expr","locations":[{"start":{"line":411,"column":12},"end":{"line":411,"column":28}},{"start":{"line":411,"column":32},"end":{"line":411,"column":59}}],"line":411},"34":{"loc":{"start":{"line":416,"column":8},"end":{"line":419,"column":9}},"type":"if","locations":[{"start":{"line":416,"column":8},"end":{"line":419,"column":9}},{"start":{"line":416,"column":8},"end":{"line":419,"column":9}}],"line":416},"35":{"loc":{"start":{"line":431,"column":8},"end":{"line":433,"column":9}},"type":"if","locations":[{"start":{"line":431,"column":8},"end":{"line":433,"column":9}},{"start":{"line":431,"column":8},"end":{"line":433,"column":9}}],"line":431},"36":{"loc":{"start":{"line":447,"column":12},"end":{"line":451,"column":13}},"type":"if","locations":[{"start":{"line":447,"column":12},"end":{"line":451,"column":13}},{"start":{"line":447,"column":12},"end":{"line":451,"column":13}}],"line":447},"37":{"loc":{"start":{"line":452,"column":12},"end":{"line":454,"column":13}},"type":"if","locations":[{"start":{"line":452,"column":12},"end":{"line":454,"column":13}},{"start":{"line":452,"column":12},"end":{"line":454,"column":13}}],"line":452},"38":{"loc":{"start":{"line":470,"column":8},"end":{"line":485,"column":9}},"type":"if","locations":[{"start":{"line":470,"column":8},"end":{"line":485,"column":9}},{"start":{"line":470,"column":8},"end":{"line":485,"column":9}}],"line":470},"39":{"loc":{"start":{"line":472,"column":12},"end":{"line":484,"column":13}},"type":"if","locations":[{"start":{"line":472,"column":12},"end":{"line":484,"column":13}},{"start":{"line":472,"column":12},"end":{"line":484,"column":13}}],"line":472},"40":{"loc":{"start":{"line":472,"column":16},"end":{"line":472,"column":51}},"type":"binary-expr","locations":[{"start":{"line":472,"column":16},"end":{"line":472,"column":28}},{"start":{"line":472,"column":32},"end":{"line":472,"column":51}}],"line":472},"41":{"loc":{"start":{"line":475,"column":20},"end":{"line":477,"column":21}},"type":"if","locations":[{"start":{"line":475,"column":20},"end":{"line":477,"column":21}},{"start":{"line":475,"column":20},"end":{"line":477,"column":21}}],"line":475},"42":{"loc":{"start":{"line":496,"column":8},"end":{"line":500,"column":9}},"type":"if","locations":[{"start":{"line":496,"column":8},"end":{"line":500,"column":9}},{"start":{"line":496,"column":8},"end":{"line":500,"column":9}}],"line":496},"43":{"loc":{"start":{"line":515,"column":8},"end":{"line":517,"column":9}},"type":"if","locations":[{"start":{"line":515,"column":8},"end":{"line":517,"column":9}},{"start":{"line":515,"column":8},"end":{"line":517,"column":9}}],"line":515},"44":{"loc":{"start":{"line":515,"column":12},"end":{"line":515,"column":27}},"type":"binary-expr","locations":[{"start":{"line":515,"column":12},"end":{"line":515,"column":16}},{"start":{"line":515,"column":20},"end":{"line":515,"column":27}}],"line":515},"45":{"loc":{"start":{"line":536,"column":8},"end":{"line":538,"column":9}},"type":"if","locations":[{"start":{"line":536,"column":8},"end":{"line":538,"column":9}},{"start":{"line":536,"column":8},"end":{"line":538,"column":9}}],"line":536},"46":{"loc":{"start":{"line":539,"column":15},"end":{"line":539,"column":111}},"type":"binary-expr","locations":[{"start":{"line":539,"column":15},"end":{"line":539,"column":41}},{"start":{"line":539,"column":45},"end":{"line":539,"column":70}},{"start":{"line":539,"column":74},"end":{"line":539,"column":111}}],"line":539},"47":{"loc":{"start":{"line":575,"column":8},"end":{"line":578,"column":9}},"type":"if","locations":[{"start":{"line":575,"column":8},"end":{"line":578,"column":9}},{"start":{"line":575,"column":8},"end":{"line":578,"column":9}}],"line":575}},"s":{"0":33,"1":33,"2":33,"3":33,"4":33,"5":33,"6":33,"7":33,"8":33,"9":33,"10":33,"11":33,"12":33,"13":33,"14":33,"15":33,"16":33,"17":33,"18":1,"19":1,"20":1,"21":2,"22":1,"23":2,"24":4,"25":31,"26":5,"27":4,"28":56,"29":56,"30":22,"31":22,"32":8,"33":4,"34":4,"35":1,"36":44,"37":41,"38":28,"39":28,"40":1,"41":1,"42":6,"43":6,"44":6,"45":6,"46":33,"47":33,"48":33,"49":27,"50":33,"51":1,"52":1,"53":1,"54":1,"55":1,"56":1,"57":20,"58":20,"59":20,"60":1,"61":20,"62":4,"63":2,"64":2,"65":2,"66":2,"67":2,"68":2,"69":4,"70":4,"71":4,"72":1,"73":3,"74":1,"75":2,"76":2,"77":2,"78":3,"79":2,"80":2,"81":2,"82":2,"83":3,"84":3,"85":3,"86":3,"87":2,"88":2,"89":2,"90":4,"91":3,"92":3,"93":3,"94":2,"95":1,"96":1,"97":1,"98":1,"99":35,"100":5,"101":5,"102":5,"103":5,"104":5,"105":5,"106":5,"107":2,"108":4,"109":4,"110":25,"111":25,"112":25,"113":2,"114":25,"115":2,"116":25,"117":34,"118":6,"119":28,"120":1,"121":28,"122":3,"123":25,"124":25,"125":2,"126":2,"127":25,"128":22,"129":19,"130":19,"131":22,"132":25,"133":25,"134":25,"135":21,"136":4,"137":18,"138":18,"139":18,"140":12,"141":6,"142":15,"143":2,"144":13,"145":13,"146":3,"147":21,"148":21,"149":21,"150":21,"151":5,"152":6,"153":1,"154":5,"155":5,"156":5,"157":3,"158":18,"159":4,"160":4,"161":4,"162":4,"163":21,"164":21,"165":5,"166":6,"167":6,"168":16,"169":92,"170":19,"171":1,"172":19,"173":2,"174":8,"175":8,"176":86,"177":211,"178":12,"179":12,"180":211,"181":3,"182":2,"183":1,"184":1,"185":8,"186":8,"187":8,"188":7},"f":{"0":33,"1":1,"2":1,"3":1,"4":2,"5":1,"6":2,"7":4,"8":31,"9":5,"10":4,"11":56,"12":22,"13":8,"14":1,"15":44,"16":41,"17":28,"18":1,"19":6,"20":33,"21":1,"22":20,"23":4,"24":4,"25":4,"26":3,"27":2,"28":2,"29":2,"30":3,"31":4,"32":3,"33":3,"34":1,"35":35,"36":5,"37":5,"38":5,"39":4,"40":25,"41":2,"42":34,"43":25,"44":18,"45":21,"46":6,"47":4,"48":21,"49":6,"50":6,"51":92,"52":19,"53":2,"54":8,"55":86,"56":211,"57":3,"58":2,"59":1,"60":8},"b":{"0":[4,0],"1":[18,38],"2":[31,25],"3":[56,0],"4":[56,0],"5":[56,38,38,0],"6":[4,4],"7":[8,4],"8":[19],"9":[27,6],"10":[33,27],"11":[1,0],"12":[19],"13":[1,19],"14":[20,20],"15":[2,2],"16":[1,3],"17":[1,2],"18":[2,0],"19":[2,0],"20":[2,2],"21":[1,2],"22":[3,0],"23":[3,2],"24":[2,1],"25":[2,3],"26":[2,23],"27":[33],"28":[6,28],"29":[34,7,7],"30":[1,27],"31":[3,25],"32":[2,23],"33":[25,2],"34":[19,3],"35":[21,4],"36":[12,6],"37":[2,13],"38":[21,0],"39":[5,16],"40":[21,21],"41":[1,5],"42":[4,0],"43":[5,16],"44":[21,21],"45":[1,18],"46":[19,19,19],"47":[12,199]},"_coverageSchema":"43e27e138ebf9cfc5966b082cf9a028302ed4184","hash":"c50c54c328888fd197b396783e300ea1ac74656a"}
,"/Users/builder/Sites/laravel-micro.js/src/Services/App/AppServiceProvider.js": {"path":"/Users/builder/Sites/laravel-micro.js/src/Services/App/AppServiceProvider.js","statementMap":{"0":{"start":{"line":6,"column":2},"end":{"line":6,"column":12}},"1":{"start":{"line":16,"column":2},"end":{"line":16,"column":36}},"2":{"start":{"line":16,"column":27},"end":{"line":16,"column":35}},"3":{"start":{"line":17,"column":2},"end":{"line":17,"column":57}},"4":{"start":{"line":17,"column":29},"end":{"line":17,"column":49}},"5":{"start":{"line":33,"column":2},"end":{"line":36,"column":3}}},"fnMap":{"0":{"name":"(anonymous_0)","decl":{"start":{"line":5,"column":1},"end":{"line":5,"column":2}},"loc":{"start":{"line":5,"column":18},"end":{"line":7,"column":2}},"line":5},"1":{"name":"(anonymous_1)","decl":{"start":{"line":13,"column":1},"end":{"line":13,"column":2}},"loc":{"start":{"line":13,"column":12},"end":{"line":18,"column":2}},"line":13},"2":{"name":"(anonymous_2)","decl":{"start":{"line":16,"column":23},"end":{"line":16,"column":24}},"loc":{"start":{"line":16,"column":27},"end":{"line":16,"column":35}},"line":16},"3":{"name":"(anonymous_3)","decl":{"start":{"line":17,"column":25},"end":{"line":17,"column":26}},"loc":{"start":{"line":17,"column":29},"end":{"line":17,"column":49}},"line":17},"4":{"name":"(anonymous_4)","decl":{"start":{"line":24,"column":1},"end":{"line":24,"column":2}},"loc":{"start":{"line":24,"column":8},"end":{"line":26,"column":2}},"line":24},"5":{"name":"(anonymous_5)","decl":{"start":{"line":32,"column":1},"end":{"line":32,"column":2}},"loc":{"start":{"line":32,"column":16},"end":{"line":37,"column":2}},"line":32}},"branchMap":{},"s":{"0":5,"1":4,"2":1,"3":4,"4":1,"5":4},"f":{"0":5,"1":4,"2":1,"3":1,"4":2,"5":4},"b":{},"_coverageSchema":"43e27e138ebf9cfc5966b082cf9a028302ed4184","hash":"e0288950147fa6d460ff3a2f66e692dea16f926b"}
,"/Users/builder/Sites/laravel-micro.js/src/Services/App/Kernel.js": {"path":"/Users/builder/Sites/laravel-micro.js/src/Services/App/Kernel.js","statementMap":{"0":{"start":{"line":9,"column":2},"end":{"line":9,"column":12}},"1":{"start":{"line":10,"column":2},"end":{"line":10,"column":23}},"2":{"start":{"line":19,"column":2},"end":{"line":19,"column":31}},"3":{"start":{"line":20,"column":2},"end":{"line":20,"column":13}},"4":{"start":{"line":30,"column":2},"end":{"line":34,"column":14}},"5":{"start":{"line":44,"column":2},"end":{"line":48,"column":14}}},"fnMap":{"0":{"name":"(anonymous_0)","decl":{"start":{"line":8,"column":1},"end":{"line":8,"column":2}},"loc":{"start":{"line":8,"column":18},"end":{"line":11,"column":2}},"line":8},"1":{"name":"(anonymous_1)","decl":{"start":{"line":18,"column":1},"end":{"line":18,"column":2}},"loc":{"start":{"line":18,"column":27},"end":{"line":21,"column":2}},"line":18},"2":{"name":"(anonymous_2)","decl":{"start":{"line":29,"column":1},"end":{"line":29,"column":2}},"loc":{"start":{"line":29,"column":30},"end":{"line":35,"column":2}},"line":29},"3":{"name":"(anonymous_3)","decl":{"start":{"line":43,"column":1},"end":{"line":43,"column":2}},"loc":{"start":{"line":43,"column":32},"end":{"line":49,"column":2}},"line":43}},"branchMap":{"0":{"loc":{"start":{"line":29,"column":17},"end":{"line":29,"column":28}},"type":"default-arg","locations":[{"start":{"line":29,"column":24},"end":{"line":29,"column":28}}],"line":29},"1":{"loc":{"start":{"line":43,"column":20},"end":{"line":43,"column":31}},"type":"default-arg","locations":[{"start":{"line":43,"column":27},"end":{"line":43,"column":31}}],"line":43}},"s":{"0":1,"1":1,"2":1,"3":1,"4":1,"5":1},"f":{"0":1,"1":1,"2":1,"3":1},"b":{"0":[0],"1":[0]},"_coverageSchema":"43e27e138ebf9cfc5966b082cf9a028302ed4184","hash":"5a31bff5bb619b7707915d1b18ccb51b66dd2bd4"}
,"/Users/builder/Sites/laravel-micro.js/src/Support/Validator.js": {"path":"/Users/builder/Sites/laravel-micro.js/src/Support/Validator.js","statementMap":{"0":{"start":{"line":3,"column":8},"end":{"line":3,"column":27}},"1":{"start":{"line":4,"column":8},"end":{"line":4,"column":29}},"2":{"start":{"line":5,"column":8},"end":{"line":5,"column":28}},"3":{"start":{"line":14,"column":8},"end":{"line":14,"column":34}},"4":{"start":{"line":22,"column":8},"end":{"line":22,"column":27}},"5":{"start":{"line":23,"column":8},"end":{"line":23,"column":29}},"6":{"start":{"line":24,"column":8},"end":{"line":24,"column":28}},"7":{"start":{"line":33,"column":8},"end":{"line":35,"column":9}},"8":{"start":{"line":34,"column":12},"end":{"line":34,"column":41}},"9":{"start":{"line":36,"column":8},"end":{"line":38,"column":9}},"10":{"start":{"line":37,"column":12},"end":{"line":37,"column":39}},"11":{"start":{"line":39,"column":8},"end":{"line":41,"column":9}},"12":{"start":{"line":40,"column":12},"end":{"line":40,"column":43}},"13":{"start":{"line":42,"column":8},"end":{"line":42,"column":19}},"14":{"start":{"line":50,"column":8},"end":{"line":50,"column":30}},"15":{"start":{"line":51,"column":8},"end":{"line":51,"column":19}},"16":{"start":{"line":58,"column":8},"end":{"line":58,"column":27}},"17":{"start":{"line":59,"column":8},"end":{"line":59,"column":19}},"18":{"start":{"line":67,"column":23},"end":{"line":67,"column":25}},"19":{"start":{"line":68,"column":8},"end":{"line":76,"column":10}},"20":{"start":{"line":69,"column":12},"end":{"line":75,"column":13}},"21":{"start":{"line":71,"column":16},"end":{"line":74,"column":18}},"22":{"start":{"line":71,"column":68},"end":{"line":74,"column":17}},"23":{"start":{"line":77,"column":8},"end":{"line":77,"column":55}},"24":{"start":{"line":78,"column":8},"end":{"line":78,"column":19}},"25":{"start":{"line":86,"column":23},"end":{"line":86,"column":61}},"26":{"start":{"line":87,"column":8},"end":{"line":87,"column":51}},"27":{"start":{"line":95,"column":8},"end":{"line":95,"column":57}},"28":{"start":{"line":105,"column":8},"end":{"line":111,"column":9}},"29":{"start":{"line":106,"column":12},"end":{"line":106,"column":46}},"30":{"start":{"line":108,"column":25},"end":{"line":108,"column":27}},"31":{"start":{"line":109,"column":12},"end":{"line":109,"column":35}},"32":{"start":{"line":110,"column":12},"end":{"line":110,"column":70}},"33":{"start":{"line":112,"column":8},"end":{"line":112,"column":19}},"34":{"start":{"line":120,"column":8},"end":{"line":120,"column":37}},"35":{"start":{"line":121,"column":8},"end":{"line":121,"column":60}},"36":{"start":{"line":122,"column":8},"end":{"line":122,"column":19}},"37":{"start":{"line":131,"column":8},"end":{"line":131,"column":53}},"38":{"start":{"line":141,"column":8},"end":{"line":141,"column":93}},"39":{"start":{"line":151,"column":8},"end":{"line":151,"column":94}},"40":{"start":{"line":160,"column":24},"end":{"line":160,"column":29}},"41":{"start":{"line":161,"column":8},"end":{"line":161,"column":59}},"42":{"start":{"line":161,"column":31},"end":{"line":161,"column":58}},"43":{"start":{"line":162,"column":8},"end":{"line":162,"column":24}},"44":{"start":{"line":170,"column":8},"end":{"line":170,"column":30}}},"fnMap":{"0":{"name":"(anonymous_0)","decl":{"start":{"line":2,"column":4},"end":{"line":2,"column":5}},"loc":{"start":{"line":2,"column":17},"end":{"line":6,"column":5}},"line":2},"1":{"name":"(anonymous_1)","decl":{"start":{"line":13,"column":4},"end":{"line":13,"column":5}},"loc":{"start":{"line":13,"column":19},"end":{"line":15,"column":5}},"line":13},"2":{"name":"(anonymous_2)","decl":{"start":{"line":21,"column":4},"end":{"line":21,"column":5}},"loc":{"start":{"line":21,"column":12},"end":{"line":25,"column":5}},"line":21},"3":{"name":"(anonymous_3)","decl":{"start":{"line":32,"column":4},"end":{"line":32,"column":5}},"loc":{"start":{"line":32,"column":20},"end":{"line":43,"column":5}},"line":32},"4":{"name":"(anonymous_4)","decl":{"start":{"line":49,"column":4},"end":{"line":49,"column":5}},"loc":{"start":{"line":49,"column":30},"end":{"line":52,"column":5}},"line":49},"5":{"name":"(anonymous_5)","decl":{"start":{"line":57,"column":4},"end":{"line":57,"column":5}},"loc":{"start":{"line":57,"column":18},"end":{"line":60,"column":5}},"line":57},"6":{"name":"(anonymous_6)","decl":{"start":{"line":66,"column":4},"end":{"line":66,"column":5}},"loc":{"start":{"line":66,"column":30},"end":{"line":79,"column":5}},"line":66},"7":{"name":"(anonymous_7)","decl":{"start":{"line":68,"column":36},"end":{"line":68,"column":37}},"loc":{"start":{"line":68,"column":45},"end":{"line":76,"column":9}},"line":68},"8":{"name":"(anonymous_8)","decl":{"start":{"line":71,"column":58},"end":{"line":71,"column":59}},"loc":{"start":{"line":71,"column":68},"end":{"line":74,"column":17}},"line":71},"9":{"name":"(anonymous_9)","decl":{"start":{"line":85,"column":4},"end":{"line":85,"column":5}},"loc":{"start":{"line":85,"column":21},"end":{"line":88,"column":5}},"line":85},"10":{"name":"(anonymous_10)","decl":{"start":{"line":94,"column":4},"end":{"line":94,"column":5}},"loc":{"start":{"line":94,"column":19},"end":{"line":96,"column":5}},"line":94},"11":{"name":"(anonymous_11)","decl":{"start":{"line":104,"column":4},"end":{"line":104,"column":5}},"loc":{"start":{"line":104,"column":21},"end":{"line":113,"column":5}},"line":104},"12":{"name":"(anonymous_12)","decl":{"start":{"line":119,"column":4},"end":{"line":119,"column":5}},"loc":{"start":{"line":119,"column":17},"end":{"line":123,"column":5}},"line":119},"13":{"name":"(anonymous_13)","decl":{"start":{"line":130,"column":4},"end":{"line":130,"column":5}},"loc":{"start":{"line":130,"column":22},"end":{"line":132,"column":5}},"line":130},"14":{"name":"(anonymous_14)","decl":{"start":{"line":140,"column":4},"end":{"line":140,"column":5}},"loc":{"start":{"line":140,"column":30},"end":{"line":142,"column":5}},"line":140},"15":{"name":"(anonymous_15)","decl":{"start":{"line":150,"column":4},"end":{"line":150,"column":5}},"loc":{"start":{"line":150,"column":42},"end":{"line":152,"column":5}},"line":150},"16":{"name":"(anonymous_16)","decl":{"start":{"line":159,"column":4},"end":{"line":159,"column":5}},"loc":{"start":{"line":159,"column":19},"end":{"line":163,"column":5}},"line":159},"17":{"name":"(anonymous_17)","decl":{"start":{"line":161,"column":20},"end":{"line":161,"column":21}},"loc":{"start":{"line":161,"column":31},"end":{"line":161,"column":58}},"line":161},"18":{"name":"(anonymous_18)","decl":{"start":{"line":169,"column":4},"end":{"line":169,"column":5}},"loc":{"start":{"line":169,"column":10},"end":{"line":171,"column":5}},"line":169}},"branchMap":{"0":{"loc":{"start":{"line":13,"column":9},"end":{"line":13,"column":18}},"type":"default-arg","locations":[{"start":{"line":13,"column":16},"end":{"line":13,"column":18}}],"line":13},"1":{"loc":{"start":{"line":32,"column":9},"end":{"line":32,"column":18}},"type":"default-arg","locations":[{"start":{"line":32,"column":16},"end":{"line":32,"column":18}}],"line":32},"2":{"loc":{"start":{"line":33,"column":8},"end":{"line":35,"column":9}},"type":"if","locations":[{"start":{"line":33,"column":8},"end":{"line":35,"column":9}},{"start":{"line":33,"column":8},"end":{"line":35,"column":9}}],"line":33},"3":{"loc":{"start":{"line":36,"column":8},"end":{"line":38,"column":9}},"type":"if","locations":[{"start":{"line":36,"column":8},"end":{"line":38,"column":9}},{"start":{"line":36,"column":8},"end":{"line":38,"column":9}}],"line":36},"4":{"loc":{"start":{"line":39,"column":8},"end":{"line":41,"column":9}},"type":"if","locations":[{"start":{"line":39,"column":8},"end":{"line":41,"column":9}},{"start":{"line":39,"column":8},"end":{"line":41,"column":9}}],"line":39},"5":{"loc":{"start":{"line":49,"column":15},"end":{"line":49,"column":29}},"type":"default-arg","locations":[{"start":{"line":49,"column":25},"end":{"line":49,"column":29}}],"line":49},"6":{"loc":{"start":{"line":66,"column":14},"end":{"line":66,"column":29}},"type":"default-arg","locations":[{"start":{"line":66,"column":27},"end":{"line":66,"column":29}}],"line":66},"7":{"loc":{"start":{"line":69,"column":12},"end":{"line":75,"column":13}},"type":"if","locations":[{"start":{"line":69,"column":12},"end":{"line":75,"column":13}},{"start":{"line":69,"column":12},"end":{"line":75,"column":13}}],"line":69},"8":{"loc":{"start":{"line":87,"column":15},"end":{"line":87,"column":51}},"type":"cond-expr","locations":[{"start":{"line":87,"column":35},"end":{"line":87,"column":44}},{"start":{"line":87,"column":47},"end":{"line":87,"column":51}}],"line":87},"9":{"loc":{"start":{"line":105,"column":8},"end":{"line":111,"column":9}},"type":"if","locations":[{"start":{"line":105,"column":8},"end":{"line":111,"column":9}},{"start":{"line":105,"column":8},"end":{"line":111,"column":9}}],"line":105},"10":{"loc":{"start":{"line":130,"column":8},"end":{"line":130,"column":20}},"type":"default-arg","locations":[{"start":{"line":130,"column":16},"end":{"line":130,"column":20}}],"line":130},"11":{"loc":{"start":{"line":131,"column":15},"end":{"line":131,"column":53}},"type":"cond-expr","locations":[{"start":{"line":131,"column":23},"end":{"line":131,"column":45}},{"start":{"line":131,"column":48},"end":{"line":131,"column":53}}],"line":131},"12":{"loc":{"start":{"line":140,"column":15},"end":{"line":140,"column":28}},"type":"default-arg","locations":[{"start":{"line":140,"column":26},"end":{"line":140,"column":28}}],"line":140},"13":{"loc":{"start":{"line":141,"column":15},"end":{"line":141,"column":93}},"type":"cond-expr","locations":[{"start":{"line":141,"column":40},"end":{"line":141,"column":62}},{"start":{"line":141,"column":66},"end":{"line":141,"column":92}}],"line":141},"14":{"loc":{"start":{"line":141,"column":66},"end":{"line":141,"column":92}},"type":"cond-expr","locations":[{"start":{"line":141,"column":77},"end":{"line":141,"column":85}},{"start":{"line":141,"column":88},"end":{"line":141,"column":92}}],"line":141},"15":{"loc":{"start":{"line":150,"column":10},"end":{"line":150,"column":22}},"type":"default-arg","locations":[{"start":{"line":150,"column":18},"end":{"line":150,"column":22}}],"line":150},"16":{"loc":{"start":{"line":150,"column":24},"end":{"line":150,"column":40}},"type":"default-arg","locations":[{"start":{"line":150,"column":35},"end":{"line":150,"column":40}}],"line":150},"17":{"loc":{"start":{"line":151,"column":15},"end":{"line":151,"column":94}},"type":"cond-expr","locations":[{"start":{"line":151,"column":40},"end":{"line":151,"column":65}},{"start":{"line":151,"column":68},"end":{"line":151,"column":94}}],"line":151},"18":{"loc":{"start":{"line":151,"column":68},"end":{"line":151,"column":94}},"type":"cond-expr","locations":[{"start":{"line":151,"column":79},"end":{"line":151,"column":87}},{"start":{"line":151,"column":90},"end":{"line":151,"column":94}}],"line":151}},"s":{"0":10,"1":10,"2":10,"3":1,"4":1,"5":1,"6":1,"7":4,"8":3,"9":4,"10":4,"11":4,"12":1,"13":4,"14":4,"15":4,"16":1,"17":1,"18":7,"19":7,"20":7,"21":7,"22":8,"23":7,"24":7,"25":1,"26":1,"27":1,"28":2,"29":1,"30":1,"31":1,"32":1,"33":2,"34":2,"35":2,"36":2,"37":7,"38":2,"39":4,"40":1,"41":1,"42":1,"43":1,"44":2},"f":{"0":10,"1":1,"2":1,"3":4,"4":4,"5":1,"6":7,"7":7,"8":8,"9":1,"10":1,"11":2,"12":2,"13":7,"14":2,"15":4,"16":1,"17":1,"18":2},"b":{"0":[1],"1":[0],"2":[3,1],"3":[4,0],"4":[1,3],"5":[0],"6":[0],"7":[7,0],"8":[1,0],"9":[1,1],"10":[0],"11":[7,0],"12":[1],"13":[1,1],"14":[1,0],"15":[0],"16":[4],"17":[2,2],"18":[0,2]},"_coverageSchema":"43e27e138ebf9cfc5966b082cf9a028302ed4184","hash":"db6fa4bf720f1b3a67f9df1efc03daf51ef51b31"}
}
