TN:
SF:/Users/builder/Sites/laravel-micro.js/src/Container.js
FN:14,(anonymous_0)
FN:39,(anonymous_1)
FN:43,(anonymous_2)
FN:47,(anonymous_3)
FN:51,(anonymous_4)
FN:52,(anonymous_5)
FN:55,(anonymous_6)
FN:64,(anonymous_7)
FN:73,(anonymous_8)
FN:81,(anonymous_9)
FN:90,(anonymous_10)
FN:99,(anonymous_11)
FN:114,(anonymous_12)
FN:124,(anonymous_13)
FN:136,(anonymous_14)
FN:145,(anonymous_15)
FN:154,(anonymous_16)
FN:163,(anonymous_17)
FN:173,(anonymous_18)
FN:183,(anonymous_19)
FN:197,(anonymous_20)
FN:211,(anonymous_21)
FN:228,(anonymous_22)
FN:242,(anonymous_23)
FN:258,(anonymous_24)
FN:260,(anonymous_25)
FN:279,(anonymous_26)
FN:280,(anonymous_27)
FN:288,(anonymous_28)
FN:290,(anonymous_29)
FN:291,(anonymous_30)
FN:311,(anonymous_31)
FN:320,(anonymous_32)
FN:329,(anonymous_33)
FN:332,(anonymous_34)
FN:344,(anonymous_35)
FN:352,(anonymous_36)
FN:355,(anonymous_37)
FN:360,(anonymous_38)
FN:373,(anonymous_39)
FN:384,(anonymous_40)
FN:387,(anonymous_41)
FN:400,(anonymous_42)
FN:428,(anonymous_43)
FN:443,(anonymous_44)
FN:468,(anonymous_45)
FN:473,(anonymous_46)
FN:495,(anonymous_47)
FN:513,(anonymous_48)
FN:516,(anonymous_49)
FN:516,(anonymous_50)
FN:526,(anonymous_51)
FN:535,(anonymous_52)
FN:547,(anonymous_53)
FN:556,(anonymous_54)
FN:566,(anonymous_55)
FN:574,(anonymous_56)
FN:586,(anonymous_57)
FN:594,(anonymous_58)
FN:602,(anonymous_59)
FN:611,(anonymous_60)
FNF:61
FNH:61
FNDA:33,(anonymous_0)
FNDA:1,(anonymous_1)
FNDA:1,(anonymous_2)
FNDA:1,(anonymous_3)
FNDA:2,(anonymous_4)
FNDA:1,(anonymous_5)
FNDA:2,(anonymous_6)
FNDA:4,(anonymous_7)
FNDA:31,(anonymous_8)
FNDA:5,(anonymous_9)
FNDA:4,(anonymous_10)
FNDA:56,(anonymous_11)
FNDA:22,(anonymous_12)
FNDA:8,(anonymous_13)
FNDA:1,(anonymous_14)
FNDA:44,(anonymous_15)
FNDA:41,(anonymous_16)
FNDA:28,(anonymous_17)
FNDA:1,(anonymous_18)
FNDA:6,(anonymous_19)
FNDA:33,(anonymous_20)
FNDA:1,(anonymous_21)
FNDA:20,(anonymous_22)
FNDA:4,(anonymous_23)
FNDA:4,(anonymous_24)
FNDA:4,(anonymous_25)
FNDA:3,(anonymous_26)
FNDA:2,(anonymous_27)
FNDA:2,(anonymous_28)
FNDA:2,(anonymous_29)
FNDA:3,(anonymous_30)
FNDA:4,(anonymous_31)
FNDA:3,(anonymous_32)
FNDA:3,(anonymous_33)
FNDA:1,(anonymous_34)
FNDA:35,(anonymous_35)
FNDA:5,(anonymous_36)
FNDA:5,(anonymous_37)
FNDA:5,(anonymous_38)
FNDA:4,(anonymous_39)
FNDA:25,(anonymous_40)
FNDA:2,(anonymous_41)
FNDA:34,(anonymous_42)
FNDA:25,(anonymous_43)
FNDA:18,(anonymous_44)
FNDA:21,(anonymous_45)
FNDA:6,(anonymous_46)
FNDA:4,(anonymous_47)
FNDA:21,(anonymous_48)
FNDA:6,(anonymous_49)
FNDA:6,(anonymous_50)
FNDA:92,(anonymous_51)
FNDA:19,(anonymous_52)
FNDA:2,(anonymous_53)
FNDA:8,(anonymous_54)
FNDA:86,(anonymous_55)
FNDA:211,(anonymous_56)
FNDA:3,(anonymous_57)
FNDA:2,(anonymous_58)
FNDA:1,(anonymous_59)
FNDA:8,(anonymous_60)
DA:15,33
DA:16,33
DA:17,33
DA:18,33
DA:20,33
DA:21,33
DA:22,33
DA:24,33
DA:25,33
DA:26,33
DA:29,33
DA:30,33
DA:31,33
DA:32,33
DA:33,33
DA:34,33
DA:35,33
DA:36,33
DA:40,1
DA:44,1
DA:48,1
DA:52,2
DA:56,2
DA:65,4
DA:74,31
DA:82,5
DA:91,4
DA:100,56
DA:106,56
DA:115,22
DA:116,22
DA:125,8
DA:126,4
DA:128,4
DA:137,1
DA:146,44
DA:155,41
DA:164,28
DA:165,28
DA:174,1
DA:175,1
DA:184,6
DA:185,6
DA:186,6
DA:187,6
DA:198,33
DA:199,33
DA:200,33
DA:201,27
DA:203,33
DA:212,1
DA:213,1
DA:214,1
DA:215,1
DA:216,1
DA:218,1
DA:229,20
DA:230,20
DA:231,20
DA:232,1
DA:234,20
DA:243,4
DA:244,2
DA:245,2
DA:246,2
DA:247,2
DA:248,2
DA:250,2
DA:259,4
DA:260,4
DA:261,4
DA:262,1
DA:264,3
DA:265,1
DA:267,2
DA:268,2
DA:271,2
DA:280,3
DA:289,2
DA:290,2
DA:291,2
DA:292,3
DA:293,3
DA:294,3
DA:295,3
DA:299,2
DA:301,2
DA:302,2
DA:312,4
DA:321,3
DA:330,3
DA:331,3
DA:332,1
DA:333,1
DA:334,1
DA:336,1
DA:345,35
DA:354,5
DA:355,5
DA:356,5
DA:357,5
DA:360,5
DA:361,5
DA:362,5
DA:363,2
DA:374,4
DA:375,4
DA:385,25
DA:386,25
DA:387,25
DA:388,25
DA:389,2
DA:391,25
DA:401,34
DA:402,6
DA:404,28
DA:405,1
DA:407,28
DA:408,3
DA:410,25
DA:411,25
DA:412,2
DA:413,2
DA:415,25
DA:416,22
DA:417,19
DA:418,19
DA:420,22
DA:429,25
DA:430,25
DA:431,25
DA:432,21
DA:434,4
DA:444,18
DA:445,18
DA:447,18
DA:448,12
DA:450,6
DA:452,15
DA:453,2
DA:455,13
DA:456,13
DA:458,3
DA:469,21
DA:470,21
DA:471,21
DA:472,21
DA:473,5
DA:475,6
DA:476,1
DA:478,5
DA:479,5
DA:481,5
DA:482,3
DA:486,18
DA:496,4
DA:497,4
DA:498,4
DA:499,4
DA:514,21
DA:515,21
DA:516,6
DA:518,16
DA:527,92
DA:536,19
DA:537,1
DA:539,19
DA:548,2
DA:557,8
DA:558,8
DA:567,86
DA:575,211
DA:576,12
DA:577,12
DA:579,211
DA:587,3
DA:595,2
DA:603,1
DA:604,1
DA:612,8
DA:613,8
DA:614,8
DA:618,7
LF:183
LH:183
BRDA:65,0,0,4
BRDA:65,0,1,0
BRDA:101,1,0,18
BRDA:101,1,1,38
BRDA:102,2,0,31
BRDA:102,2,1,25
BRDA:103,3,0,56
BRDA:103,3,1,0
BRDA:104,4,0,56
BRDA:104,4,1,0
BRDA:106,5,0,56
BRDA:106,5,1,38
BRDA:106,5,2,38
BRDA:106,5,3,0
BRDA:125,6,0,4
BRDA:125,6,1,4
BRDA:125,7,0,8
BRDA:125,7,1,4
BRDA:197,8,0,19
BRDA:200,9,0,27
BRDA:200,9,1,6
BRDA:200,10,0,33
BRDA:200,10,1,27
BRDA:215,11,0,1
BRDA:215,11,1,0
BRDA:228,12,0,19
BRDA:231,13,0,1
BRDA:231,13,1,19
BRDA:231,14,0,20
BRDA:231,14,1,20
BRDA:243,15,0,2
BRDA:243,15,1,2
BRDA:261,16,0,1
BRDA:261,16,1,3
BRDA:264,17,0,1
BRDA:264,17,1,2
BRDA:267,18,0,2
BRDA:267,18,1,0
BRDA:289,19,0,2
BRDA:289,19,1,0
BRDA:289,20,0,2
BRDA:289,20,1,2
BRDA:292,21,0,1
BRDA:292,21,1,2
BRDA:293,22,0,3
BRDA:293,22,1,0
BRDA:321,23,0,3
BRDA:321,23,1,2
BRDA:331,24,0,2
BRDA:331,24,1,1
BRDA:362,25,0,2
BRDA:362,25,1,3
BRDA:388,26,0,2
BRDA:388,26,1,23
BRDA:400,27,0,33
BRDA:401,28,0,6
BRDA:401,28,1,28
BRDA:401,29,0,34
BRDA:401,29,1,7
BRDA:401,29,2,7
BRDA:404,30,0,1
BRDA:404,30,1,27
BRDA:407,31,0,3
BRDA:407,31,1,25
BRDA:411,32,0,2
BRDA:411,32,1,23
BRDA:411,33,0,25
BRDA:411,33,1,2
BRDA:416,34,0,19
BRDA:416,34,1,3
BRDA:431,35,0,21
BRDA:431,35,1,4
BRDA:447,36,0,12
BRDA:447,36,1,6
BRDA:452,37,0,2
BRDA:452,37,1,13
BRDA:470,38,0,21
BRDA:470,38,1,0
BRDA:472,39,0,5
BRDA:472,39,1,16
BRDA:472,40,0,21
BRDA:472,40,1,21
BRDA:475,41,0,1
BRDA:475,41,1,5
BRDA:496,42,0,4
BRDA:496,42,1,0
BRDA:515,43,0,5
BRDA:515,43,1,16
BRDA:515,44,0,21
BRDA:515,44,1,21
BRDA:536,45,0,1
BRDA:536,45,1,18
BRDA:539,46,0,19
BRDA:539,46,1,19
BRDA:539,46,2,19
BRDA:575,47,0,12
BRDA:575,47,1,199
BRF:97
BRH:87
end_of_record
TN:
SF:/Users/builder/Sites/laravel-micro.js/src/Services/App/AppServiceProvider.js
FN:5,(anonymous_0)
FN:13,(anonymous_1)
FN:16,(anonymous_2)
FN:17,(anonymous_3)
FN:24,(anonymous_4)
FN:32,(anonymous_5)
FNF:6
FNH:6
FNDA:5,(anonymous_0)
FNDA:4,(anonymous_1)
FNDA:1,(anonymous_2)
FNDA:1,(anonymous_3)
FNDA:2,(anonymous_4)
FNDA:4,(anonymous_5)
DA:6,5
DA:16,4
DA:17,4
DA:33,4
LF:4
LH:4
BRF:0
BRH:0
end_of_record
TN:
SF:/Users/builder/Sites/laravel-micro.js/src/Services/App/Kernel.js
FN:8,(anonymous_0)
FN:18,(anonymous_1)
FN:29,(anonymous_2)
FN:43,(anonymous_3)
FNF:4
FNH:4
FNDA:1,(anonymous_0)
FNDA:1,(anonymous_1)
FNDA:1,(anonymous_2)
FNDA:1,(anonymous_3)
DA:9,1
DA:10,1
DA:19,1
DA:20,1
DA:30,1
DA:44,1
LF:6
LH:6
BRDA:29,0,0,0
BRDA:43,1,0,0
BRF:2
BRH:0
end_of_record
TN:
SF:/Users/builder/Sites/laravel-micro.js/src/Support/Validator.js
FN:2,(anonymous_0)
FN:13,(anonymous_1)
FN:21,(anonymous_2)
FN:32,(anonymous_3)
FN:49,(anonymous_4)
FN:57,(anonymous_5)
FN:66,(anonymous_6)
FN:68,(anonymous_7)
FN:71,(anonymous_8)
FN:85,(anonymous_9)
FN:94,(anonymous_10)
FN:104,(anonymous_11)
FN:119,(anonymous_12)
FN:130,(anonymous_13)
FN:140,(anonymous_14)
FN:150,(anonymous_15)
FN:159,(anonymous_16)
FN:161,(anonymous_17)
FN:169,(anonymous_18)
FNF:19
FNH:19
FNDA:10,(anonymous_0)
FNDA:1,(anonymous_1)
FNDA:1,(anonymous_2)
FNDA:4,(anonymous_3)
FNDA:4,(anonymous_4)
FNDA:1,(anonymous_5)
FNDA:7,(anonymous_6)
FNDA:7,(anonymous_7)
FNDA:8,(anonymous_8)
FNDA:1,(anonymous_9)
FNDA:1,(anonymous_10)
FNDA:2,(anonymous_11)
FNDA:2,(anonymous_12)
FNDA:7,(anonymous_13)
FNDA:2,(anonymous_14)
FNDA:4,(anonymous_15)
FNDA:1,(anonymous_16)
FNDA:1,(anonymous_17)
FNDA:2,(anonymous_18)
DA:3,10
DA:4,10
DA:5,10
DA:14,1
DA:22,1
DA:23,1
DA:24,1
DA:33,4
DA:34,3
DA:36,4
DA:37,4
DA:39,4
DA:40,1
DA:42,4
DA:50,4
DA:51,4
DA:58,1
DA:59,1
DA:67,7
DA:68,7
DA:69,7
DA:71,8
DA:77,7
DA:78,7
DA:86,1
DA:87,1
DA:95,1
DA:105,2
DA:106,1
DA:108,1
DA:109,1
DA:110,1
DA:112,2
DA:120,2
DA:121,2
DA:122,2
DA:131,7
DA:141,2
DA:151,4
DA:160,1
DA:161,1
DA:162,1
DA:170,2
LF:43
LH:43
BRDA:13,0,0,1
BRDA:32,1,0,0
BRDA:33,2,0,3
BRDA:33,2,1,1
BRDA:36,3,0,4
BRDA:36,3,1,0
BRDA:39,4,0,1
BRDA:39,4,1,3
BRDA:49,5,0,0
BRDA:66,6,0,0
BRDA:69,7,0,7
BRDA:69,7,1,0
BRDA:87,8,0,1
BRDA:87,8,1,0
BRDA:105,9,0,1
BRDA:105,9,1,1
BRDA:130,10,0,0
BRDA:131,11,0,7
BRDA:131,11,1,0
BRDA:140,12,0,1
BRDA:141,13,0,1
BRDA:141,13,1,1
BRDA:141,14,0,1
BRDA:141,14,1,0
BRDA:150,15,0,0
BRDA:150,16,0,4
BRDA:151,17,0,2
BRDA:151,17,1,2
BRDA:151,18,0,0
BRDA:151,18,1,2
BRF:30
BRH:19
end_of_record
