TN:
SF:/Users/builder/GitHub/laravel-micro.js/src/Container.js
FN:14,(anonymous_0)
FN:39,(anonymous_1)
FN:43,(anonymous_2)
FN:47,(anonymous_3)
FN:51,(anonymous_4)
FN:52,(anonymous_5)
FN:55,(anonymous_6)
FN:64,(anonymous_7)
FN:76,(anonymous_8)
FN:84,(anonymous_9)
FN:93,(anonymous_10)
FN:102,(anonymous_11)
FN:117,(anonymous_12)
FN:126,(anonymous_13)
FN:138,(anonymous_14)
FN:147,(anonymous_15)
FN:156,(anonymous_16)
FN:165,(anonymous_17)
FN:175,(anonymous_18)
FN:186,(anonymous_19)
FN:203,(anonymous_20)
FN:216,(anonymous_21)
FN:232,(anonymous_22)
FN:246,(anonymous_23)
FN:267,(anonymous_24)
FN:269,(anonymous_25)
FN:289,(anonymous_26)
FN:290,(anonymous_27)
FN:303,(anonymous_28)
FN:305,(anonymous_29)
FN:306,(anonymous_30)
FN:327,(anonymous_31)
FN:336,(anonymous_32)
FN:345,(anonymous_33)
FN:348,(anonymous_34)
FN:360,(anonymous_35)
FN:368,(anonymous_36)
FN:371,(anonymous_37)
FN:376,(anonymous_38)
FN:389,(anonymous_39)
FN:402,(anonymous_40)
FN:405,(anonymous_41)
FN:418,(anonymous_42)
FN:446,(anonymous_43)
FN:467,(anonymous_44)
FN:492,(anonymous_45)
FN:497,(anonymous_46)
FN:519,(anonymous_47)
FN:533,(anonymous_48)
FN:542,(anonymous_49)
FN:543,(anonymous_50)
FN:553,(anonymous_51)
FN:562,(anonymous_52)
FN:574,(anonymous_53)
FN:583,(anonymous_54)
FN:593,(anonymous_55)
FN:601,(anonymous_56)
FN:612,(anonymous_57)
FN:620,(anonymous_58)
FN:628,(anonymous_59)
FN:636,(anonymous_60)
FNF:61
FNH:54
FNDA:34,(anonymous_0)
FNDA:0,(anonymous_1)
FNDA:0,(anonymous_2)
FNDA:0,(anonymous_3)
FNDA:0,(anonymous_4)
FNDA:0,(anonymous_5)
FNDA:0,(anonymous_6)
FNDA:4,(anonymous_7)
FNDA:1,(anonymous_8)
FNDA:3,(anonymous_9)
FNDA:3,(anonymous_10)
FNDA:83,(anonymous_11)
FNDA:23,(anonymous_12)
FNDA:5,(anonymous_13)
FNDA:5,(anonymous_14)
FNDA:87,(anonymous_15)
FNDA:48,(anonymous_16)
FNDA:30,(anonymous_17)
FNDA:1,(anonymous_18)
FNDA:19,(anonymous_19)
FNDA:52,(anonymous_20)
FNDA:0,(anonymous_21)
FNDA:32,(anonymous_22)
FNDA:1,(anonymous_23)
FNDA:3,(anonymous_24)
FNDA:3,(anonymous_25)
FNDA:3,(anonymous_26)
FNDA:2,(anonymous_27)
FNDA:2,(anonymous_28)
FNDA:2,(anonymous_29)
FNDA:3,(anonymous_30)
FNDA:4,(anonymous_31)
FNDA:3,(anonymous_32)
FNDA:2,(anonymous_33)
FNDA:1,(anonymous_34)
FNDA:47,(anonymous_35)
FNDA:11,(anonymous_36)
FNDA:18,(anonymous_37)
FNDA:18,(anonymous_38)
FNDA:17,(anonymous_39)
FNDA:38,(anonymous_40)
FNDA:24,(anonymous_41)
FNDA:44,(anonymous_42)
FNDA:38,(anonymous_43)
FNDA:22,(anonymous_44)
FNDA:25,(anonymous_45)
FNDA:14,(anonymous_46)
FNDA:3,(anonymous_47)
FNDA:25,(anonymous_48)
FNDA:14,(anonymous_49)
FNDA:14,(anonymous_50)
FNDA:113,(anonymous_51)
FNDA:22,(anonymous_52)
FNDA:1,(anonymous_53)
FNDA:6,(anonymous_54)
FNDA:140,(anonymous_55)
FNDA:347,(anonymous_56)
FNDA:3,(anonymous_57)
FNDA:2,(anonymous_58)
FNDA:1,(anonymous_59)
FNDA:4,(anonymous_60)
DA:15,34
DA:16,34
DA:17,34
DA:18,34
DA:20,34
DA:21,34
DA:22,34
DA:24,34
DA:25,34
DA:26,34
DA:29,34
DA:30,34
DA:31,34
DA:32,34
DA:33,34
DA:34,34
DA:35,34
DA:36,34
DA:40,0
DA:44,0
DA:48,0
DA:52,0
DA:56,0
DA:65,4
DA:66,4
DA:68,0
DA:77,1
DA:85,3
DA:94,3
DA:103,83
DA:109,83
DA:118,23
DA:127,5
DA:128,4
DA:130,1
DA:139,5
DA:148,87
DA:157,48
DA:166,30
DA:167,30
DA:176,1
DA:177,1
DA:187,19
DA:188,19
DA:189,19
DA:190,19
DA:192,0
DA:204,52
DA:205,52
DA:206,52
DA:207,39
DA:217,0
DA:218,0
DA:219,0
DA:220,0
DA:221,0
DA:233,32
DA:234,32
DA:235,32
DA:236,0
DA:238,32
DA:247,1
DA:248,1
DA:249,1
DA:251,1
DA:252,0
DA:253,0
DA:255,1
DA:256,1
DA:257,1
DA:259,0
DA:268,3
DA:269,3
DA:270,3
DA:271,0
DA:273,3
DA:274,1
DA:277,2
DA:278,2
DA:281,2
DA:290,3
DA:291,2
DA:292,2
DA:294,0
DA:304,2
DA:305,2
DA:306,2
DA:307,3
DA:308,3
DA:309,3
DA:310,3
DA:314,2
DA:315,0
DA:318,2
DA:328,4
DA:337,3
DA:346,2
DA:347,2
DA:348,1
DA:349,1
DA:350,1
DA:352,1
DA:361,47
DA:370,11
DA:371,11
DA:372,18
DA:373,18
DA:376,11
DA:377,18
DA:378,18
DA:379,9
DA:390,17
DA:391,17
DA:392,17
DA:403,38
DA:404,38
DA:405,38
DA:406,38
DA:407,17
DA:409,38
DA:419,44
DA:420,5
DA:422,39
DA:423,1
DA:425,39
DA:426,1
DA:428,38
DA:429,38
DA:430,8
DA:431,8
DA:433,38
DA:434,35
DA:435,32
DA:436,32
DA:438,35
DA:447,38
DA:448,38
DA:449,0
DA:454,38
DA:455,38
DA:456,13
DA:458,25
DA:468,22
DA:469,22
DA:471,22
DA:472,15
DA:474,7
DA:476,19
DA:477,1
DA:479,18
DA:480,18
DA:482,3
DA:493,25
DA:494,25
DA:495,25
DA:496,25
DA:497,13
DA:499,14
DA:500,1
DA:502,13
DA:503,13
DA:505,13
DA:506,11
DA:510,22
DA:520,3
DA:521,3
DA:522,3
DA:523,3
DA:535,25
DA:536,25
DA:540,13
DA:542,14
DA:543,14
DA:545,12
DA:554,113
DA:563,22
DA:564,0
DA:566,22
DA:575,1
DA:584,6
DA:585,6
DA:594,140
DA:602,347
DA:603,1
DA:604,1
DA:613,3
DA:621,2
DA:629,1
DA:637,4
DA:638,4
DA:639,4
DA:643,7
LF:192
LH:171
BRDA:65,0,0,4
BRDA:65,0,1,0
BRDA:104,1,0,29
BRDA:104,1,1,54
BRDA:105,2,0,44
BRDA:105,2,1,39
BRDA:106,3,0,83
BRDA:106,3,1,0
BRDA:107,4,0,83
BRDA:107,4,1,0
BRDA:109,5,0,83
BRDA:109,5,1,54
BRDA:109,5,2,54
BRDA:109,5,3,0
BRDA:127,6,0,4
BRDA:127,6,1,1
BRDA:127,7,0,5
BRDA:127,7,1,4
BRDA:186,8,0,19
BRDA:188,9,0,19
BRDA:188,9,1,19
BRDA:203,10,0,20
BRDA:206,11,0,39
BRDA:206,11,1,13
BRDA:206,12,0,52
BRDA:206,12,1,39
BRDA:220,13,0,0
BRDA:220,13,1,0
BRDA:232,14,0,32
BRDA:235,15,0,0
BRDA:235,15,1,32
BRDA:235,16,0,32
BRDA:235,16,1,32
BRDA:247,17,0,1
BRDA:247,17,1,0
BRDA:251,18,0,0
BRDA:251,18,1,1
BRDA:270,19,0,0
BRDA:270,19,1,3
BRDA:273,20,0,1
BRDA:273,20,1,2
BRDA:277,21,0,2
BRDA:277,21,1,0
BRDA:291,22,0,2
BRDA:291,22,1,0
BRDA:291,23,0,2
BRDA:291,23,1,2
BRDA:304,24,0,2
BRDA:304,24,1,0
BRDA:304,25,0,2
BRDA:304,25,1,2
BRDA:307,26,0,1
BRDA:307,26,1,2
BRDA:308,27,0,3
BRDA:308,27,1,0
BRDA:314,28,0,0
BRDA:314,28,1,2
BRDA:337,29,0,3
BRDA:337,29,1,2
BRDA:347,30,0,1
BRDA:347,30,1,1
BRDA:378,31,0,9
BRDA:378,31,1,9
BRDA:390,32,0,17
BRDA:390,32,1,0
BRDA:390,33,0,17
BRDA:390,33,1,17
BRDA:406,34,0,17
BRDA:406,34,1,21
BRDA:418,35,0,43
BRDA:419,36,0,5
BRDA:419,36,1,39
BRDA:419,37,0,44
BRDA:419,37,1,6
BRDA:419,37,2,6
BRDA:422,38,0,1
BRDA:422,38,1,38
BRDA:425,39,0,1
BRDA:425,39,1,38
BRDA:429,40,0,8
BRDA:429,40,1,30
BRDA:429,41,0,38
BRDA:429,41,1,17
BRDA:434,42,0,32
BRDA:434,42,1,3
BRDA:448,43,0,0
BRDA:448,43,1,38
BRDA:455,44,0,13
BRDA:455,44,1,25
BRDA:471,45,0,15
BRDA:471,45,1,7
BRDA:476,46,0,1
BRDA:476,46,1,18
BRDA:494,47,0,25
BRDA:494,47,1,0
BRDA:496,48,0,13
BRDA:496,48,1,12
BRDA:496,49,0,25
BRDA:496,49,1,25
BRDA:499,50,0,1
BRDA:499,50,1,13
BRDA:520,51,0,3
BRDA:520,51,1,0
BRDA:536,52,0,13
BRDA:536,52,1,12
BRDA:536,53,0,25
BRDA:536,53,1,25
BRDA:563,54,0,0
BRDA:563,54,1,22
BRDA:566,55,0,22
BRDA:566,55,1,22
BRDA:566,55,2,22
BRDA:594,56,0,140
BRDA:594,56,1,140
BRDA:602,57,0,1
BRDA:602,57,1,346
BRF:116
BRH:96
end_of_record
TN:
SF:/Users/builder/GitHub/laravel-micro.js/src/index.js
FNF:0
FNH:0
LF:0
LH:0
BRF:0
BRH:0
end_of_record
TN:
SF:/Users/builder/GitHub/laravel-micro.js/src/Exceptions/ErrorHandler.js
FN:6,(anonymous_0)
FN:14,(anonymous_1)
FNF:2
FNH:2
FNDA:23,(anonymous_0)
FNDA:3,(anonymous_1)
DA:7,23
DA:15,3
DA:16,1
DA:17,1
DA:19,0
LF:5
LH:4
BRDA:15,0,0,1
BRDA:15,0,1,2
BRF:2
BRH:2
end_of_record
TN:
SF:/Users/builder/GitHub/laravel-micro.js/src/Exceptions/Exception.js
FN:5,(anonymous_0)
FNF:1
FNH:1
FNDA:7,(anonymous_0)
DA:6,7
DA:11,7
DA:17,7
LF:3
LH:3
BRF:0
BRH:0
end_of_record
TN:
SF:/Users/builder/GitHub/laravel-micro.js/src/Services/App/AppServiceProvider.js
FN:6,(anonymous_0)
FN:15,(anonymous_1)
FN:25,(anonymous_2)
FN:32,(anonymous_3)
FNF:4
FNH:4
FNDA:12,(anonymous_0)
FNDA:11,(anonymous_1)
FNDA:9,(anonymous_2)
FNDA:19,(anonymous_3)
DA:7,12
DA:8,12
DA:17,11
DA:18,11
DA:33,19
LF:5
LH:5
BRF:0
BRH:0
end_of_record
TN:
SF:/Users/builder/GitHub/laravel-micro.js/src/Services/App/Kernel.js
FN:8,(anonymous_0)
FN:19,(anonymous_1)
FN:29,(anonymous_2)
FN:29,(anonymous_3)
FNF:4
FNH:3
FNDA:1,(anonymous_0)
FNDA:1,(anonymous_1)
FNDA:1,(anonymous_2)
FNDA:0,(anonymous_3)
DA:9,1
DA:10,1
DA:11,1
DA:20,1
DA:29,0
DA:30,1
DA:31,1
DA:37,0
LF:8
LH:6
BRDA:29,0,0,0
BRDA:29,1,0,0
BRF:2
BRH:0
end_of_record
TN:
SF:/Users/builder/GitHub/laravel-micro.js/src/Services/Config/Config.js
FN:5,(anonymous_0)
FN:18,(anonymous_1)
FN:22,(anonymous_2)
FN:35,(anonymous_3)
FN:39,(anonymous_4)
FN:55,(anonymous_5)
FN:63,(anonymous_6)
FN:75,(anonymous_7)
FN:83,(anonymous_8)
FN:91,(anonymous_9)
FNF:10
FNH:10
FNDA:8,(anonymous_0)
FNDA:8,(anonymous_1)
FNDA:10,(anonymous_2)
FNDA:5,(anonymous_3)
FNDA:11,(anonymous_4)
FNDA:1,(anonymous_5)
FNDA:2,(anonymous_6)
FNDA:1,(anonymous_7)
FNDA:1,(anonymous_8)
FNDA:1,(anonymous_9)
DA:6,8
DA:7,8
DA:19,8
DA:20,4
DA:22,4
DA:23,10
DA:24,10
DA:26,1
DA:36,5
DA:37,5
DA:38,5
DA:39,5
DA:40,11
DA:41,9
DA:43,11
DA:44,5
DA:46,11
DA:48,5
DA:56,1
DA:64,2
DA:65,2
DA:66,1
DA:68,1
DA:76,1
DA:84,1
DA:92,1
LF:26
LH:26
BRDA:5,0,0,1
BRDA:18,1,0,6
BRDA:19,2,0,4
BRDA:19,2,1,4
BRDA:20,3,0,4
BRDA:20,3,1,2
BRDA:40,4,0,9
BRDA:40,4,1,2
BRDA:43,5,0,5
BRDA:43,5,1,6
BRDA:65,6,0,1
BRDA:65,6,1,1
BRDA:65,7,0,2
BRDA:65,7,1,1
BRF:14
BRH:14
end_of_record
TN:
SF:/Users/builder/GitHub/laravel-micro.js/src/Services/Config/ConfigServiceProvider.js
FN:5,(anonymous_0)
FN:14,(anonymous_1)
FN:15,(anonymous_2)
FN:24,(anonymous_3)
FN:32,(anonymous_4)
FNF:5
FNH:5
FNDA:7,(anonymous_0)
FNDA:7,(anonymous_1)
FNDA:7,(anonymous_2)
FNDA:7,(anonymous_3)
FNDA:7,(anonymous_4)
DA:6,7
DA:7,7
DA:15,7
DA:33,7
LF:4
LH:4
BRF:0
BRH:0
end_of_record
TN:
SF:/Users/builder/GitHub/laravel-micro.js/src/Support/Collection.js
FN:17,(anonymous_0)
FN:42,(anonymous_1)
FN:50,(anonymous_2)
FN:57,(anonymous_3)
FN:64,(anonymous_4)
FN:71,(anonymous_5)
FN:78,(anonymous_6)
FN:85,(anonymous_7)
FN:93,(anonymous_8)
FN:100,(anonymous_9)
FN:108,(anonymous_10)
FN:115,(anonymous_11)
FN:123,(anonymous_12)
FN:130,(anonymous_13)
FN:138,(anonymous_14)
FN:145,(anonymous_15)
FN:153,(anonymous_16)
FN:163,(anonymous_17)
FN:171,(anonymous_18)
FN:178,(anonymous_19)
FN:185,(anonymous_20)
FN:192,(anonymous_21)
FN:200,(anonymous_22)
FN:209,(anonymous_23)
FN:223,(anonymous_24)
FN:232,(anonymous_25)
FN:239,(anonymous_26)
FN:248,(anonymous_27)
FN:261,(anonymous_28)
FN:272,(anonymous_29)
FN:282,(anonymous_30)
FN:289,(anonymous_31)
FN:296,(anonymous_32)
FN:305,(anonymous_33)
FN:314,(anonymous_34)
FN:315,(anonymous_35)
FN:323,(anonymous_36)
FN:324,(anonymous_37)
FN:332,(anonymous_38)
FN:343,(anonymous_39)
FN:346,(anonymous_40)
FN:356,(anonymous_41)
FN:359,(anonymous_42)
FN:369,(anonymous_43)
FN:377,(anonymous_44)
FN:393,(anonymous_45)
FN:400,(anonymous_46)
FN:408,(anonymous_47)
FN:416,(anonymous_48)
FN:424,(anonymous_49)
FN:432,(anonymous_50)
FN:442,(anonymous_51)
FNF:52
FNH:0
FNDA:0,(anonymous_0)
FNDA:0,(anonymous_1)
FNDA:0,(anonymous_2)
FNDA:0,(anonymous_3)
FNDA:0,(anonymous_4)
FNDA:0,(anonymous_5)
FNDA:0,(anonymous_6)
FNDA:0,(anonymous_7)
FNDA:0,(anonymous_8)
FNDA:0,(anonymous_9)
FNDA:0,(anonymous_10)
FNDA:0,(anonymous_11)
FNDA:0,(anonymous_12)
FNDA:0,(anonymous_13)
FNDA:0,(anonymous_14)
FNDA:0,(anonymous_15)
FNDA:0,(anonymous_16)
FNDA:0,(anonymous_17)
FNDA:0,(anonymous_18)
FNDA:0,(anonymous_19)
FNDA:0,(anonymous_20)
FNDA:0,(anonymous_21)
FNDA:0,(anonymous_22)
FNDA:0,(anonymous_23)
FNDA:0,(anonymous_24)
FNDA:0,(anonymous_25)
FNDA:0,(anonymous_26)
FNDA:0,(anonymous_27)
FNDA:0,(anonymous_28)
FNDA:0,(anonymous_29)
FNDA:0,(anonymous_30)
FNDA:0,(anonymous_31)
FNDA:0,(anonymous_32)
FNDA:0,(anonymous_33)
FNDA:0,(anonymous_34)
FNDA:0,(anonymous_35)
FNDA:0,(anonymous_36)
FNDA:0,(anonymous_37)
FNDA:0,(anonymous_38)
FNDA:0,(anonymous_39)
FNDA:0,(anonymous_40)
FNDA:0,(anonymous_41)
FNDA:0,(anonymous_42)
FNDA:0,(anonymous_43)
FNDA:0,(anonymous_44)
FNDA:0,(anonymous_45)
FNDA:0,(anonymous_46)
FNDA:0,(anonymous_47)
FNDA:0,(anonymous_48)
FNDA:0,(anonymous_49)
FNDA:0,(anonymous_50)
FNDA:0,(anonymous_51)
DA:17,1
DA:18,0
DA:43,0
DA:44,0
DA:51,0
DA:58,0
DA:65,0
DA:72,0
DA:79,0
DA:86,0
DA:94,0
DA:101,0
DA:109,0
DA:116,0
DA:124,0
DA:131,0
DA:139,0
DA:146,0
DA:154,0
DA:164,0
DA:172,0
DA:179,0
DA:186,0
DA:193,0
DA:201,0
DA:210,0
DA:211,0
DA:213,0
DA:215,0
DA:224,0
DA:225,0
DA:233,0
DA:240,0
DA:249,0
DA:250,0
DA:251,0
DA:253,0
DA:262,0
DA:263,0
DA:264,0
DA:266,0
DA:273,0
DA:274,0
DA:283,0
DA:290,0
DA:297,0
DA:306,0
DA:315,0
DA:324,0
DA:333,0
DA:334,0
DA:335,0
DA:344,0
DA:345,0
DA:346,0
DA:348,0
DA:357,0
DA:358,0
DA:359,0
DA:361,0
DA:370,0
DA:371,0
DA:378,0
DA:379,0
DA:380,0
DA:382,0
DA:385,0
DA:386,0
DA:394,0
DA:401,0
DA:409,0
DA:417,0
DA:425,0
DA:433,0
DA:443,0
DA:444,0
DA:445,0
DA:447,0
DA:448,0
DA:450,0
DA:451,0
DA:453,0
DA:454,0
DA:455,0
LF:84
LH:1
BRDA:42,0,0,0
BRDA:155,1,0,0
BRDA:155,1,1,0
BRDA:209,2,0,0
BRDA:210,3,0,0
BRDA:210,3,1,0
BRDA:248,4,0,0
BRDA:249,5,0,0
BRDA:249,5,1,0
BRDA:249,6,0,0
BRDA:249,6,1,0
BRDA:261,7,0,0
BRDA:262,8,0,0
BRDA:262,8,1,0
BRDA:262,9,0,0
BRDA:262,9,1,0
BRDA:273,10,0,0
BRDA:273,10,1,0
BRDA:273,11,0,0
BRDA:273,11,1,0
BRDA:290,12,0,0
BRDA:290,12,1,0
BRDA:297,13,0,0
BRDA:297,13,1,0
BRDA:305,14,0,0
BRDA:306,15,0,0
BRDA:306,15,1,0
BRDA:314,16,0,0
BRDA:314,17,0,0
BRDA:323,18,0,0
BRDA:323,19,0,0
BRDA:332,20,0,0
BRDA:335,21,0,0
BRDA:335,21,1,0
BRDA:343,22,0,0
BRDA:345,23,0,0
BRDA:345,23,1,0
BRDA:356,24,0,0
BRDA:358,25,0,0
BRDA:358,25,1,0
BRDA:378,26,0,0
BRDA:378,26,1,0
BRDA:379,27,0,0
BRDA:379,27,1,0
BRDA:442,28,0,0
BRDA:447,29,0,0
BRDA:447,29,1,0
BRDA:450,30,0,0
BRDA:450,30,1,0
BRF:49
BRH:0
end_of_record
TN:
SF:/Users/builder/GitHub/laravel-micro.js/src/Support/Pipeline.js
FN:7,(anonymous_0)
FN:20,(anonymous_1)
FN:30,(anonymous_2)
FN:40,(anonymous_3)
FN:50,(anonymous_4)
FN:53,(anonymous_5)
FN:76,(anonymous_6)
FNF:7
FNH:7
FNDA:1,(anonymous_0)
FNDA:1,(anonymous_1)
FNDA:1,(anonymous_2)
FNDA:1,(anonymous_3)
FNDA:1,(anonymous_4)
FNDA:4,(anonymous_5)
FNDA:4,(anonymous_6)
DA:8,1
DA:9,1
DA:10,1
DA:11,1
DA:12,1
DA:21,1
DA:22,1
DA:31,1
DA:32,1
DA:41,1
DA:42,1
DA:51,1
DA:53,1
DA:54,4
DA:55,1
DA:58,3
DA:59,3
DA:60,3
DA:61,0
DA:63,3
DA:64,3
DA:66,3
DA:69,1
DA:77,4
LF:24
LH:23
BRDA:54,0,0,1
BRDA:54,0,1,3
BRDA:60,1,0,0
BRDA:60,1,1,3
BRF:4
BRH:3
end_of_record
TN:
SF:/Users/builder/GitHub/laravel-micro.js/src/Support/ServiceProvider.js
FN:3,(anonymous_0)
FN:13,(anonymous_1)
FN:22,(anonymous_2)
FN:31,(anonymous_3)
FN:39,(anonymous_4)
FN:47,(anonymous_5)
FN:55,(anonymous_6)
FN:62,(anonymous_7)
FN:66,(anonymous_8)
FNF:9
FNH:6
FNDA:19,(anonymous_0)
FNDA:0,(anonymous_1)
FNDA:0,(anonymous_2)
FNDA:0,(anonymous_3)
FNDA:38,(anonymous_4)
FNDA:19,(anonymous_5)
FNDA:23,(anonymous_6)
FNDA:17,(anonymous_7)
FNDA:17,(anonymous_8)
DA:4,19
DA:5,19
DA:6,19
DA:32,0
DA:40,38
DA:48,19
DA:56,23
DA:63,17
DA:67,17
DA:68,17
LF:10
LH:9
BRF:0
BRH:0
end_of_record
TN:
SF:/Users/builder/GitHub/laravel-micro.js/src/Traits/PreventsReactivity.js
FN:2,(anonymous_0)
FNF:1
FNH:1
FNDA:7,(anonymous_0)
DA:2,7
DA:4,272
LF:2
LH:2
BRF:0
BRH:0
end_of_record
TN:
SF:/Users/builder/GitHub/laravel-micro.js/src/Traits/_Mixin.js
FN:7,(anonymous_0)
FNF:1
FNH:1
FNDA:7,(anonymous_0)
DA:8,7
LF:1
LH:1
BRF:0
BRH:0
end_of_record
TN:
SF:/Users/builder/GitHub/laravel-micro.js/tests/mocks.js
FN:2,(anonymous_0)
FN:9,(anonymous_1)
FN:15,(anonymous_2)
FN:20,(anonymous_3)
FN:27,(anonymous_4)
FN:28,(anonymous_5)
FN:34,(anonymous_6)
FN:35,(anonymous_7)
FN:41,(anonymous_8)
FN:42,(anonymous_9)
FNF:10
FNH:9
FNDA:1,(anonymous_0)
FNDA:1,(anonymous_1)
FNDA:1,(anonymous_2)
FNDA:0,(anonymous_3)
FNDA:1,(anonymous_4)
FNDA:1,(anonymous_5)
FNDA:1,(anonymous_6)
FNDA:1,(anonymous_7)
FNDA:1,(anonymous_8)
FNDA:1,(anonymous_9)
DA:3,1
DA:4,1
DA:10,1
DA:21,0
DA:25,2
DA:29,1
DA:30,1
DA:36,1
DA:37,1
DA:43,1
DA:44,1
LF:11
LH:10
BRF:0
BRH:0
end_of_record
